PRT1
151
458
4 0 7 (1024 1184 112 ) (1024 1184 -96 ) (1024 1152 -96 ) (1024 1152 112 ) 
4 0 1 (1024 1152 112 ) (1024 1152 -96 ) (1568 1152 -96 ) (1568 1152 112 ) 
4 1 21 (1024 1024 112 ) (1024 1024 -96 ) (1536 1024 -96 ) (1536 1024 112 ) 
4 1 20 (1536 1024 -96 ) (1568 1024 -96 ) (1568 1024 112 ) (1536 1024 112 ) 
4 1 14 (1024 1024 -96 ) (1024 1024 112 ) (1024 1032 112 ) (1024 1032 -96 ) 
4 1 10 (1024 1032 112 ) (1024 1056 112 ) (1024 1056 -96 ) (1024 1032 -96 ) 
4 1 8 (1024 1056 112 ) (1024 1152 112 ) (1024 1152 -96 ) (1024 1056 -96 ) 
4 1 3 (1376 1056 -96 ) (1400 1032 -96 ) (1024 1032 -96 ) (1024 1056 -96 ) 
4 1 2 (1024 1152 -96 ) (1280 1152 -96 ) (1376 1056 -96 ) (1024 1056 -96 ) 
4 1 6 (1400 1032 -96 ) (1408 1024 -96 ) (1024 1024 -96 ) (1024 1032 -96 ) 
4 2 9 (1024 1056 -96 ) (1024 1152 -96 ) (1024 1152 -288 ) (1024 1056 -288 ) 
3 2 5 (1152 1056 -256 ) (1152 1056 -184 ) (1128 1056 -184 ) 
4 2 4 (1152 1056 -288 ) (1376.001953 1056 -288 ) (1376.001953 1056 -184 ) (1152 1056 -184 ) 
4 2 3 (1376.001953 1056 -184 ) (1376.001953 1056 -96 ) (1024 1056 -96 ) (1024 1056 -184 ) 
4 3 11 (1024 1032 -96 ) (1024 1056 -96 ) (1024 1056 -184 ) (1024 1032 -184 ) 
4 3 5 (1152 1032 -184 ) (1128 1032 -184 ) (1128 1056 -184 ) (1152 1056 -184 ) 
4 3 4 (1400 1032 -184 ) (1152 1032 -184 ) (1152 1056 -184 ) (1376 1056 -184 ) 
4 3 6 (1400 1032 -184 ) (1400 1032 -96 ) (1024 1032 -96 ) (1024 1032 -184 ) 
4 4 5 (1152 1032 -256 ) (1152 1032 -184 ) (1152 1056 -184 ) (1152 1056 -256 ) 
4 4 6 (1152 1032 -288 ) (1400 1032 -288 ) (1400 1032 -184 ) (1152 1032 -184 ) 
3 5 6 (1152 1032 -256 ) (1152 1032 -184 ) (1128 1032 -184 ) 
4 6 37 (1024 1024 -256 ) (1024 1024 -288 ) (1408 1024 -288 ) (1408 1024 -256 ) 
4 6 22 (1024 1024 -96 ) (1024 1024 -256 ) (1408 1024 -256 ) (1408 1024 -96 ) 
4 6 17 (1024 1024 -288 ) (1024 1024 -184 ) (1024 1032 -184 ) (1024 1032 -288 ) 
4 6 15 (1024 1024 -184 ) (1024 1024 -96 ) (1024 1032 -96 ) (1024 1032 -184 ) 
4 7 18 (0 1184 112 ) (0 1184 -96 ) (0 1152 -96 ) (0 1152 112 ) 
4 7 8 (1024 1152 -96 ) (1024 1152 112 ) (0 1152 112 ) (0 1152 -96 ) 
4 8 18 (0 1152 112 ) (0 1152 -96 ) (0 1056 -96 ) (0 1056 112 ) 
4 8 10 (1024 1056 -96 ) (1024 1056 112 ) (0 1056 112 ) (0 1056 -96 ) 
4 8 9 (1024 1056 -96 ) (0 1056 -96 ) (0 1152 -96 ) (1024 1152 -96 ) 
4 9 19 (0 1152 -96 ) (0 1152 -288 ) (0 1056 -288 ) (0 1056 -96 ) 
3 9 16 (24 1056 -184 ) (0 1056 -184 ) (0 1056 -256 ) 
5 9 13 (472 1056 -96 ) (0 1056 -96 ) (0 1056 -184 ) (432 1056 -184 ) (472 1056 -128 ) 
4 9 12 (556 1056 -140 ) (556 1056 -180 ) (596 1056 -180 ) (596 1056 -140 ) 
5 9 11 (1024 1056 -184 ) (1024 1056 -96 ) (680 1056 -96 ) (680 1056 -128 ) (720 1056 -184 ) 
4 10 18 (0 1056 112 ) (0 1056 -96 ) (0 1032 -96 ) (0 1032 112 ) 
4 10 14 (1024 1032 -96 ) (1024 1032 112 ) (0 1032 112 ) (0 1032 -96 ) 
4 10 13 (472 1032 -96 ) (0 1032 -96 ) (0 1056 -96 ) (472 1056 -96 ) 
4 10 11 (1024 1032 -96 ) (680 1032 -96 ) (680 1056 -96 ) (1024 1056 -96 ) 
5 11 15 (720 1032 -184 ) (1024 1032 -184 ) (1024 1032 -96 ) (680 1032 -96 ) (680 1032 -128 ) 
4 12 15 (596 1032 -180 ) (596 1032 -140 ) (556 1032 -140 ) (556 1032 -180 ) 
4 13 19 (0 1056 -96 ) (0 1056 -184 ) (0 1032 -184 ) (0 1032 -96 ) 
4 13 16 (0 1032 -184 ) (0 1056 -184 ) (24 1056 -184 ) (24 1032 -184 ) 
5 13 15 (0 1032 -184 ) (432 1032 -184 ) (472 1032 -128 ) (472 1032 -96 ) (0 1032 -96 ) 
4 14 87 (144 1024 112 ) (0 1024 112 ) (0 1024 -96 ) (144 1024 -96 ) 
4 14 65 (1024 1024 -96 ) (1024 1024 112 ) (144 1024 112 ) (144 1024 -96 ) 
4 14 18 (0 1024 -96 ) (0 1024 112 ) (0 1032 112 ) (0 1032 -96 ) 
4 14 15 (1024 1024 -96 ) (0 1024 -96 ) (0 1032 -96 ) (1024 1032 -96 ) 
4 15 88 (144 1024 -96 ) (0 1024 -96 ) (0 1024 -184 ) (144 1024 -184 ) 
4 15 79 (496 1024 -96 ) (144 1024 -96 ) (144 1024 -184 ) (496 1024 -184 ) 
4 15 78 (656 1024 -96 ) (496 1024 -96 ) (496 1024 -184 ) (656 1024 -184 ) 
4 15 70 (1008 1024 -96 ) (656 1024 -96 ) (656 1024 -184 ) (1008 1024 -184 ) 
4 15 66 (1024 1024 -184 ) (1024 1024 -96 ) (1008 1024 -96 ) (1008 1024 -184 ) 
4 15 19 (0 1024 -184 ) (0 1024 -96 ) (0 1032 -96 ) (0 1032 -184 ) 
4 15 17 (0 1024 -184 ) (0 1032 -184 ) (1024 1032 -184 ) (1024 1024 -184 ) 
4 16 19 (0 1032 -184 ) (0 1056 -184 ) (0 1056 -256 ) (0 1032 -256 ) 
3 16 17 (24 1032 -184 ) (0 1032 -184 ) (0 1032 -256 ) 
4 17 89 (0 1024 -192 ) (0 1024 -288 ) (144 1024 -288 ) (144 1024 -192 ) 
4 17 88 (144 1024 -184 ) (0 1024 -184 ) (0 1024 -192 ) (144 1024 -192 ) 
4 17 79 (496 1024 -184 ) (144 1024 -184 ) (144 1024 -288 ) (496 1024 -288 ) 
4 17 78 (656 1024 -184 ) (496 1024 -184 ) (496 1024 -288 ) (656 1024 -288 ) 
4 17 70 (1008 1024 -184 ) (656 1024 -184 ) (656 1024 -288 ) (1008 1024 -288 ) 
4 17 66 (1024 1024 -288 ) (1024 1024 -184 ) (1008 1024 -184 ) (1008 1024 -288 ) 
4 17 19 (0 1024 -288 ) (0 1024 -184 ) (0 1032 -184 ) (0 1032 -288 ) 
4 18 110 (-384 1024 112 ) (-416 1024 112 ) (-416 1024 -96 ) (-384 1024 -96 ) 
4 18 100 (0 1024 -96 ) (0 1024 112 ) (-384 1024 112 ) (-384 1024 -96 ) 
4 18 19 (0 1024 -96 ) (-256 1024 -96 ) (-128 1152 -96 ) (0 1152 -96 ) 
4 19 111 (0 1024 -288 ) (0 1024 -256 ) (-256 1024 -256 ) (-256 1024 -288 ) 
4 19 101 (0 1024 -256 ) (0 1024 -96 ) (-256 1024 -96 ) (-256 1024 -256 ) 
4 20 47 (1536 0 112 ) (1536 0 -96 ) (1568 0 -96 ) (1568 0 112 ) 
4 20 21 (1536 1024 112 ) (1536 1024 -96 ) (1536 0 -96 ) (1536 0 112 ) 
4 21 65 (1024 1024 112 ) (1024 1024 -96 ) (1024 0 -96 ) (1024 0 112 ) 
4 21 48 (1024 0 112 ) (1024 0 -96 ) (1536 0 -96 ) (1536 0 112 ) 
4 21 33 (1536 204 -96 ) (1536 180 -96 ) (1024 180 -96 ) (1024 204 -96 ) 
4 21 36 (1536 180 -96 ) (1536 0 -96 ) (1024 0 -96 ) (1024 180 -96 ) 
4 21 30 (1024 480 -96 ) (1024 536 -96 ) (1064 536 -96 ) (1064 480 -96 ) 
4 21 31 (1064 464 -96 ) (1024 464 -96 ) (1024 480 -96 ) (1064 480 -96 ) 
4 21 29 (1504 464 -96 ) (1064 464 -96 ) (1064 528 -96 ) (1504 528 -96 ) 
4 21 28 (1536 536 -96 ) (1536 528 -96 ) (1064 528 -96 ) (1064 536 -96 ) 
4 21 32 (1536 464 -96 ) (1536 204 -96 ) (1024 204 -96 ) (1024 464 -96 ) 
4 21 26 (1152 536 -96 ) (1024 536 -96 ) (1024 560 -96 ) (1152 560 -96 ) 
4 21 25 (1024 560 -96 ) (1024 704 -96 ) (1152 704 -96 ) (1152 560 -96 ) 
4 21 24 (1536 704 -96 ) (1536 536 -96 ) (1152 536 -96 ) (1152 704 -96 ) 
4 21 23 (1504 704 -96 ) (1024 704 -96 ) (1024 768 -96 ) (1504 768 -96 ) 
5 21 22 (1024 1024 -96 ) (1408 1024 -96 ) (1536 896 -96 ) (1536 768 -96 ) (1024 768 -96 ) 
4 22 66 (1024 1024 -96 ) (1024 1024 -256 ) (1024 768 -256 ) (1024 768 -96 ) 
5 22 37 (1024 768 -256 ) (1024 1024 -256 ) (1408 1024 -256 ) (1536 896 -256 ) (1536 768 -256 ) 
5 22 23 (1024 768 -256 ) (1472 768 -256 ) (1504 768 -128 ) (1504 768 -96 ) (1024 768 -96 ) 
4 23 66 (1024 768 -256 ) (1024 704 -256 ) (1024 704 -96 ) (1024 768 -96 ) 
4 23 38 (1024 704 -256 ) (1024 768 -256 ) (1472 768 -256 ) (1472 704 -256 ) 
4 23 25 (1024 704 -256 ) (1152 704 -256 ) (1152 704 -96 ) (1024 704 -96 ) 
5 23 24 (1152 704 -256 ) (1472 704 -256 ) (1504 704 -128 ) (1504 704 -96 ) (1152 704 -96 ) 
4 24 39 (1152 704 -256 ) (1536 704 -256 ) (1536 536 -256 ) (1152 536 -256 ) 
4 24 28 (1152 536 -256 ) (1536 536 -256 ) (1536 536 -96 ) (1152 536 -96 ) 
4 24 27 (1152 536 -224 ) (1152 536 -192 ) (1152 560 -192 ) (1152 560 -224 ) 
4 24 26 (1152 536 -192 ) (1152 536 -96 ) (1152 560 -96 ) (1152 560 -192 ) 
4 24 25 (1152 704 -96 ) (1152 704 -256 ) (1152 560 -256 ) (1152 560 -96 ) 
4 25 66 (1024 704 -256 ) (1024 560 -256 ) (1024 560 -96 ) (1024 704 -96 ) 
4 25 40 (1024 560 -256 ) (1024 704 -256 ) (1152 704 -256 ) (1152 560 -256 ) 
3 25 27 (1152 560 -224 ) (1152 560 -192 ) (1120 560 -192 ) 
4 25 26 (1152 560 -192 ) (1152 560 -96 ) (1024 560 -96 ) (1024 560 -192 ) 
4 26 67 (1024 536 -192 ) (1024 536 -96 ) (1024 560 -96 ) (1024 560 -192 ) 
4 26 30 (1064 536 -96 ) (1024 536 -96 ) (1024 536 -192 ) (1064 536 -192 ) 
4 26 28 (1152 536 -192 ) (1152 536 -96 ) (1064 536 -96 ) (1064 536 -192 ) 
4 26 27 (1120 560 -192 ) (1152 560 -192 ) (1152 536 -192 ) (1120 536 -192 ) 
3 27 28 (1152 536 -224 ) (1152 536 -192 ) (1120 536 -192 ) 
4 28 41 (1472 536 -256 ) (1536 536 -256 ) (1536 528 -256 ) (1472 528 -256 ) 
4 28 42 (1064 536 -256 ) (1472 536 -256 ) (1472 528 -256 ) (1064 528 -256 ) 
4 28 30 (1064 536 -96 ) (1064 536 -232 ) (1064 528 -232 ) (1064 528 -96 ) 
5 28 29 (1064 528 -96 ) (1064 528 -256 ) (1472 528 -256 ) (1504 528 -128 ) (1504 528 -96 ) 
4 29 42 (1472 464 -256 ) (1064 464 -256 ) (1064 528 -256 ) (1472 528 -256 ) 
4 29 30 (1064 480 -232 ) (1064 480 -96 ) (1064 528 -96 ) (1064 528 -232 ) 
4 29 31 (1064 480 -256 ) (1064 464 -256 ) (1064 464 -96 ) (1064 480 -96 ) 
5 29 32 (1064 464 -256 ) (1472 464 -256 ) (1504 464 -128 ) (1504 464 -96 ) (1064 464 -96 ) 
4 30 68 (1024 480 -232 ) (1024 480 -96 ) (1024 536 -96 ) (1024 536 -232 ) 
4 30 31 (1064 480 -232 ) (1064 480 -96 ) (1024 480 -96 ) (1024 480 -232 ) 
4 31 69 (1024 480 -256 ) (1024 464 -256 ) (1024 464 -96 ) (1024 480 -96 ) 
4 31 43 (1024 464 -256 ) (1024 480 -256 ) (1064 480 -256 ) (1064 464 -256 ) 
4 31 32 (1024 464 -256 ) (1064 464 -256 ) (1064 464 -96 ) (1024 464 -96 ) 
4 32 69 (1024 464 -256 ) (1024 204 -256 ) (1024 204 -96 ) (1024 464 -96 ) 
5 32 44 (1024 204 -256 ) (1024 464 -256 ) (1536 464 -256 ) (1536 336 -256 ) (1408 204 -256 ) 
3 32 34 (1312 204 -192 ) (1280 204 -192 ) (1280 204 -224 ) 
4 32 35 (1024 204 -256 ) (1280 204 -256 ) (1280 204 -192 ) (1024 204 -192 ) 
5 32 33 (1536 204 -128 ) (1536 204 -96 ) (1024 204 -96 ) (1024 204 -192 ) (1408 204 -192 ) 
4 33 69 (1024 180 -192 ) (1024 180 -96 ) (1024 204 -96 ) (1024 204 -192 ) 
4 33 34 (1312 180 -192 ) (1280 180 -192 ) (1280 204 -192 ) (1312 204 -192 ) 
4 33 35 (1280 180 -192 ) (1024 180 -192 ) (1024 204 -192 ) (1280 204 -192 ) 
5 33 36 (1536 180 -128 ) (1536 180 -96 ) (1024 180 -96 ) (1024 180 -192 ) (1408 180 -192 ) 
4 34 35 (1280 180 -224 ) (1280 180 -192 ) (1280 204 -192 ) (1280 204 -224 ) 
3 34 36 (1312 180 -192 ) (1280 180 -192 ) (1280 180 -224 ) 
4 35 69 (1024 204 -256 ) (1024 180 -256 ) (1024 180 -192 ) (1024 204 -192 ) 
4 35 45 (1024 180 -256 ) (1024 204 -256 ) (1280 204 -256 ) (1280 180 -256 ) 
4 35 36 (1024 180 -256 ) (1280 180 -256 ) (1280 180 -192 ) (1024 180 -192 ) 
4 36 69 (1024 180 -256 ) (1024 0 -256 ) (1024 0 -96 ) (1024 180 -96 ) 
4 36 54 (1024 0 -96 ) (1024 0 -256 ) (1064 0 -256 ) (1064 0 -96 ) 
4 36 53 (1064 0 -256 ) (1472 0 -256 ) (1472 0 -96 ) (1064 0 -96 ) 
4 36 49 (1472 0 -256 ) (1536 0 -256 ) (1536 0 -96 ) (1472 0 -96 ) 
5 36 46 (1536 0 -256 ) (1024 0 -256 ) (1024 180 -256 ) (1408 180 -256 ) (1536 48 -256 ) 
4 37 66 (1024 1024 -256 ) (1024 1024 -288 ) (1024 768 -288 ) (1024 768 -256 ) 
4 37 38 (1024 768 -288 ) (1472 768 -288 ) (1472 768 -256 ) (1024 768 -256 ) 
4 38 66 (1024 768 -288 ) (1024 704 -288 ) (1024 704 -256 ) (1024 768 -256 ) 
4 38 40 (1024 704 -288 ) (1152 704 -288 ) (1152 704 -256 ) (1024 704 -256 ) 
4 38 39 (1152 704 -288 ) (1472 704 -288 ) (1472 704 -256 ) (1152 704 -256 ) 
4 39 41 (1472 536 -288 ) (1536 536 -288 ) (1536 536 -256 ) (1472 536 -256 ) 
4 39 42 (1152 536 -288 ) (1472 536 -288 ) (1472 536 -256 ) (1152 536 -256 ) 
4 39 40 (1152 704 -256 ) (1152 704 -288 ) (1152 560 -288 ) (1152 560 -256 ) 
4 40 66 (1024 704 -288 ) (1024 560 -288 ) (1024 560 -256 ) (1024 704 -256 ) 
4 41 42 (1472 536 -256 ) (1472 536 -288 ) (1472 528 -288 ) (1472 528 -256 ) 
4 42 44 (1064 464 -288 ) (1472 464 -288 ) (1472 464 -256 ) (1064 464 -256 ) 
4 42 43 (1064 480 -288 ) (1064 464 -288 ) (1064 464 -256 ) (1064 480 -256 ) 
4 43 69 (1024 480 -288 ) (1024 464 -288 ) (1024 464 -256 ) (1024 480 -256 ) 
4 43 44 (1024 464 -288 ) (1064 464 -288 ) (1064 464 -256 ) (1024 464 -256 ) 
4 44 69 (1024 464 -288 ) (1024 204 -288 ) (1024 204 -256 ) (1024 464 -256 ) 
4 44 45 (1024 204 -288 ) (1280 204 -288 ) (1280 204 -256 ) (1024 204 -256 ) 
4 45 69 (1024 204 -288 ) (1024 180 -288 ) (1024 180 -256 ) (1024 204 -256 ) 
4 45 46 (1024 180 -288 ) (1280 180 -288 ) (1280 180 -256 ) (1024 180 -256 ) 
4 46 69 (1024 180 -288 ) (1024 0 -288 ) (1024 0 -256 ) (1024 180 -256 ) 
4 46 54 (1064 0 -256 ) (1024 0 -256 ) (1024 0 -288 ) (1064 0 -288 ) 
4 46 53 (1472 0 -256 ) (1064 0 -256 ) (1064 0 -288 ) (1472 0 -288 ) 
4 46 49 (1536 0 -256 ) (1472 0 -256 ) (1472 0 -288 ) (1536 0 -288 ) 
4 47 48 (1536 -800 -96 ) (1536 -800 112 ) (1536 0 112 ) (1536 0 -96 ) 
4 48 141 (1024 -768 -96 ) (1024 -800 -96 ) (1024 -800 112 ) (1024 -768 112 ) 
4 48 139 (1024 -672 -96 ) (1024 -768 -96 ) (1024 -768 112 ) (1024 -672 112 ) 
4 48 135 (1024 -648 -96 ) (1024 -672 -96 ) (1024 -672 112 ) (1024 -648 112 ) 
4 48 118 (1024 0 112 ) (1024 0 -96 ) (1024 -648 -96 ) (1024 -648 112 ) 
4 48 61 (1024 -672 -96 ) (1024 -648 -96 ) (1400 -648 -96 ) (1376 -672 -96 ) 
5 48 60 (1024 -648 -96 ) (1024 -384 -96 ) (1536 -384 -96 ) (1536 -512 -96 ) (1400 -648 -96 ) 
4 48 64 (1024 -768 -96 ) (1024 -672 -96 ) (1376 -672 -96 ) (1280 -768 -96 ) 
4 48 57 (1024 -176 -96 ) (1024 -152 -96 ) (1152 -152 -96 ) (1152 -176 -96 ) 
4 48 59 (1024 -384 -96 ) (1024 -176 -96 ) (1152 -176 -96 ) (1152 -384 -96 ) 
4 48 56 (1152 -152 -96 ) (1472 -152 -96 ) (1472 -384 -96 ) (1152 -384 -96 ) 
4 48 55 (1024 -152 -96 ) (1024 -96 -96 ) (1064 -96 -96 ) (1064 -152 -96 ) 
4 48 54 (1024 -96 -96 ) (1024 0 -96 ) (1064 0 -96 ) (1064 -96 -96 ) 
4 48 53 (1064 0 -96 ) (1472 0 -96 ) (1472 -152 -96 ) (1064 -152 -96 ) 
4 48 52 (1504 -384 -96 ) (1472 -384 -96 ) (1472 -320 -96 ) (1504 -320 -96 ) 
4 48 50 (1504 -144 -96 ) (1472 -144 -96 ) (1472 -80 -96 ) (1504 -80 -96 ) 
4 48 49 (1472 0 -96 ) (1536 0 -96 ) (1536 -80 -96 ) (1472 -80 -96 ) 
4 48 51 (1536 -144 -96 ) (1536 -320 -96 ) (1472 -320 -96 ) (1472 -144 -96 ) 
4 49 53 (1472 0 -288 ) (1472 -80 -288 ) (1472 -80 -96 ) (1472 0 -96 ) 
4 49 50 (1472 -80 -96 ) (1472 -80 -256 ) (1504 -80 -128 ) (1504 -80 -96 ) 
4 50 53 (1472 -144 -256 ) (1472 -144 -96 ) (1472 -80 -96 ) (1472 -80 -256 ) 
4 50 51 (1472 -144 -96 ) (1472 -144 -256 ) (1504 -144 -128 ) (1504 -144 -96 ) 
4 51 56 (1472 -152 -288 ) (1472 -320 -288 ) (1472 -320 -96 ) (1472 -152 -96 ) 
4 51 53 (1472 -144 -288 ) (1472 -152 -288 ) (1472 -152 -96 ) (1472 -144 -96 ) 
4 51 52 (1472 -320 -96 ) (1472 -320 -256 ) (1504 -320 -128 ) (1504 -320 -96 ) 
4 52 60 (1504 -384 -128 ) (1504 -384 -96 ) (1472 -384 -96 ) (1472 -384 -256 ) 
4 52 56 (1472 -384 -256 ) (1472 -384 -96 ) (1472 -320 -96 ) (1472 -320 -256 ) 
3 53 58 (1152 -152 -224 ) (1152 -152 -192 ) (1120 -152 -192 ) 
4 53 57 (1152 -152 -192 ) (1152 -152 -96 ) (1064 -152 -96 ) (1064 -152 -192 ) 
4 53 56 (1152 -152 -288 ) (1472 -152 -288 ) (1472 -152 -96 ) (1152 -152 -96 ) 
4 53 55 (1064 -152 -232 ) (1064 -152 -96 ) (1064 -96 -96 ) (1064 -96 -232 ) 
4 53 54 (1064 0 -288 ) (1064 -96 -288 ) (1064 -96 -96 ) (1064 0 -96 ) 
4 54 119 (1024 0 -96 ) (1024 0 -288 ) (1024 -96 -288 ) (1024 -96 -96 ) 
4 54 55 (1064 -96 -232 ) (1064 -96 -96 ) (1024 -96 -96 ) (1024 -96 -232 ) 
4 55 120 (1024 -152 -232 ) (1024 -152 -96 ) (1024 -96 -96 ) (1024 -96 -232 ) 
4 55 57 (1064 -152 -192 ) (1064 -152 -96 ) (1024 -152 -96 ) (1024 -152 -192 ) 
4 56 60 (1152 -384 -288 ) (1472 -384 -288 ) (1472 -384 -96 ) (1152 -384 -96 ) 
4 56 58 (1152 -152 -192 ) (1152 -152 -224 ) (1152 -176 -224 ) (1152 -176 -192 ) 
4 56 57 (1152 -152 -96 ) (1152 -152 -192 ) (1152 -176 -192 ) (1152 -176 -96 ) 
4 56 59 (1152 -176 -288 ) (1152 -384 -288 ) (1152 -384 -96 ) (1152 -176 -96 ) 
4 57 121 (1024 -176 -192 ) (1024 -176 -96 ) (1024 -152 -96 ) (1024 -152 -192 ) 
4 57 58 (1152 -176 -192 ) (1120 -176 -192 ) (1120 -152 -192 ) (1152 -152 -192 ) 
4 57 59 (1152 -176 -192 ) (1152 -176 -96 ) (1024 -176 -96 ) (1024 -176 -192 ) 
3 58 59 (1152 -176 -224 ) (1152 -176 -192 ) (1120 -176 -192 ) 
4 59 122 (1024 -176 -288 ) (1024 -384 -288 ) (1024 -384 -96 ) (1024 -176 -96 ) 
4 59 60 (1024 -384 -288 ) (1152 -384 -288 ) (1152 -384 -96 ) (1024 -384 -96 ) 
4 60 122 (1024 -384 -288 ) (1024 -648 -288 ) (1024 -648 -96 ) (1024 -384 -96 ) 
3 60 63 (1152 -648 -256 ) (1152 -648 -184 ) (1128 -648 -184 ) 
4 60 62 (1152 -648 -288 ) (1400 -648 -288 ) (1400 -648 -184 ) (1152 -648 -184 ) 
4 60 61 (1400 -648 -184 ) (1400 -648 -96 ) (1024 -648 -96 ) (1024 -648 -184 ) 
4 61 136 (1024 -672 -184 ) (1024 -672 -96 ) (1024 -648 -96 ) (1024 -648 -184 ) 
4 61 63 (1152 -672 -184 ) (1128 -672 -184 ) (1128 -648 -184 ) (1152 -648 -184 ) 
4 61 62 (1376.003906 -672 -184 ) (1152 -672 -184 ) (1152 -648 -184 ) (1400 -648 -184 ) 
4 61 64 (1376.001953 -672 -184 ) (1376.001953 -672 -96 ) (1024 -672 -96 ) (1024 -672 -184 ) 
4 62 63 (1152 -672 -256 ) (1152 -672 -184 ) (1152 -648 -184 ) (1152 -648 -256 ) 
4 62 64 (1152 -672 -288 ) (1376.001953 -672 -288 ) (1376.001953 -672 -184 ) (1152 -672 -184 ) 
3 63 64 (1152 -672 -256 ) (1152 -672 -184 ) (1128 -672 -184 ) 
4 64 143 (1024 -672 -288 ) (1024 -768 -288 ) (1024 -768 -184 ) (1024 -672 -184 ) 
4 64 140 (1024 -768 -184 ) (1024 -768 -96 ) (1024 -672 -96 ) (1024 -672 -184 ) 
4 65 118 (1024 0 -96 ) (1024 0 112 ) (144 0 112 ) (144 0 -96 ) 
4 65 87 (144 1024 112 ) (144 1024 -96 ) (144 0 -96 ) (144 0 112 ) 
3 65 86 (144 48 -96 ) (144 112 -96 ) (208 112 -96 ) 
3 65 85 (432 112 -96 ) (496 112 -96 ) (496 48 -96 ) 
4 65 84 (144 112 -96 ) (144 272 -96 ) (496 272 -96 ) (496 112 -96 ) 
3 65 83 (144 560 -96 ) (144 624 -96 ) (208 624 -96 ) 
3 65 82 (432 624 -96 ) (496 624 -96 ) (496 560 -96 ) 
3 65 81 (496 336 -96 ) (496 272 -96 ) (432 272 -96 ) 
3 65 80 (144 272 -96 ) (144 336 -96 ) (208 272 -96 ) 
4 65 79 (144 624 -96 ) (144 1024 -96 ) (496 1024 -96 ) (496 624 -96 ) 
4 65 78 (656 0 -96 ) (496 0 -96 ) (496 1024 -96 ) (656 1024 -96 ) 
3 65 77 (656 48 -96 ) (656 112 -96 ) (720 112 -96 ) 
3 65 76 (944 112 -96 ) (1008 112 -96 ) (1008 48 -96 ) 
3 65 74 (656 560 -96 ) (656 624 -96 ) (720 624 -96 ) 
3 65 73 (944 624 -96 ) (1008 624 -96 ) (1008 560 -96 ) 
3 65 72 (1008 336 -96 ) (1008 272 -96 ) (944 272 -96 ) 
3 65 71 (656 272 -96 ) (656 336 -96 ) (720 272 -96 ) 
4 65 70 (656 624 -96 ) (656 1024 -96 ) (1008 1024 -96 ) (1008 624 -96 ) 
4 65 75 (656 112 -96 ) (656 272 -96 ) (1008 272 -96 ) (1008 112 -96 ) 
4 65 68 (1008 480 -96 ) (1008 536 -96 ) (1024 536 -96 ) (1024 480 -96 ) 
4 65 69 (1024 0 -96 ) (1008 0 -96 ) (1008 480 -96 ) (1024 480 -96 ) 
4 65 67 (1008 536 -96 ) (1008 560 -96 ) (1024 560 -96 ) (1024 536 -96 ) 
4 65 66 (1008 560 -96 ) (1008 1024 -96 ) (1024 1024 -96 ) (1024 560 -96 ) 
4 66 73 (1008 624 -288 ) (1008 560 -288 ) (1008 560 -96 ) (1008 624 -96 ) 
4 66 70 (1008 1024 -288 ) (1008 624 -288 ) (1008 624 -96 ) (1008 1024 -96 ) 
4 66 67 (1008 560 -96 ) (1008 560 -192 ) (1024 560 -192 ) (1024 560 -96 ) 
4 67 68 (1008 536 -96 ) (1008 536 -192 ) (1024 536 -192 ) (1024 536 -96 ) 
4 68 69 (1008 480 -96 ) (1008 480 -232 ) (1024 480 -232 ) (1024 480 -96 ) 
4 69 119 (1024 0 -288 ) (1024 0 -96 ) (1008 0 -96 ) (1008 0 -288 ) 
4 69 76 (1008 112 -288 ) (1008 48 -288 ) (1008 48 -96 ) (1008 112 -96 ) 
4 69 72 (1008 336 -288 ) (1008 272 -288 ) (1008 272 -96 ) (1008 336 -96 ) 
4 69 75 (1008 272 -288 ) (1008 112 -288 ) (1008 112 -96 ) (1008 272 -96 ) 
4 70 78 (656 1024 -288 ) (656 624 -288 ) (656 624 -96 ) (656 1024 -96 ) 
4 70 74 (656 624 -96 ) (656 624 -288 ) (720 624 -288 ) (720 624 -96 ) 
4 70 73 (944 624 -288 ) (1008 624 -288 ) (1008 624 -96 ) (944 624 -96 ) 
4 71 78 (656 336 -288 ) (656 272 -288 ) (656 272 -96 ) (656 336 -96 ) 
4 71 75 (656 272 -96 ) (656 272 -288 ) (720 272 -288 ) (720 272 -96 ) 
4 72 75 (944 272 -288 ) (1008 272 -288 ) (1008 272 -96 ) (944 272 -96 ) 
4 74 78 (656 624 -288 ) (656 560 -288 ) (656 560 -96 ) (656 624 -96 ) 
4 75 78 (656 272 -288 ) (656 112 -288 ) (656 112 -96 ) (656 272 -96 ) 
4 75 77 (656 112 -96 ) (656 112 -288 ) (720 112 -288 ) (720 112 -96 ) 
4 75 76 (944 112 -288 ) (1008 112 -288 ) (1008 112 -96 ) (944 112 -96 ) 
4 77 78 (656 112 -288 ) (656 48 -288 ) (656 48 -96 ) (656 112 -96 ) 
4 78 125 (656 0 -96 ) (496 0 -96 ) (496 0 -288 ) (656 0 -288 ) 
4 78 85 (496 112 -288 ) (496 48 -288 ) (496 48 -96 ) (496 112 -96 ) 
4 78 84 (496 272 -288 ) (496 112 -288 ) (496 112 -96 ) (496 272 -96 ) 
4 78 82 (496 624 -288 ) (496 560 -288 ) (496 560 -96 ) (496 624 -96 ) 
4 78 81 (496 336 -288 ) (496 272 -288 ) (496 272 -96 ) (496 336 -96 ) 
4 78 79 (496 1024 -288 ) (496 624 -288 ) (496 624 -96 ) (496 1024 -96 ) 
4 79 89 (144 1024 -192 ) (144 1024 -288 ) (144 624 -288 ) (144 624 -192 ) 
4 79 88 (144 1024 -96 ) (144 1024 -192 ) (144 624 -192 ) (144 624 -96 ) 
4 79 83 (208 624 -96 ) (144 624 -96 ) (144 624 -288 ) (208 624 -288 ) 
4 79 82 (496 624 -288 ) (496 624 -96 ) (432 624 -96 ) (432 624 -288 ) 
4 80 92 (144 336 -288 ) (144 272 -288 ) (144 272 -192 ) (144 336 -192 ) 
4 80 88 (144 272 -192 ) (144 272 -96 ) (144 336 -96 ) (144 336 -192 ) 
4 80 84 (208 272 -96 ) (144 272 -96 ) (144 272 -288 ) (208 272 -288 ) 
4 81 84 (496 272 -288 ) (496 272 -96 ) (432 272 -96 ) (432 272 -288 ) 
4 83 89 (144 624 -288 ) (144 560 -288 ) (144 560 -192 ) (144 624 -192 ) 
4 83 88 (144 560 -192 ) (144 560 -96 ) (144 624 -96 ) (144 624 -192 ) 
4 84 92 (144 272 -288 ) (144 112 -288 ) (144 112 -192 ) (144 272 -192 ) 
4 84 88 (144 112 -192 ) (144 112 -96 ) (144 272 -96 ) (144 272 -192 ) 
4 84 86 (208 112 -96 ) (144 112 -96 ) (144 112 -288 ) (208 112 -288 ) 
4 84 85 (496 112 -288 ) (496 112 -96 ) (432 112 -96 ) (432 112 -288 ) 
4 86 92 (144 112 -288 ) (144 48 -288 ) (144 48 -192 ) (144 112 -192 ) 
4 86 88 (144 48 -192 ) (144 48 -96 ) (144 112 -96 ) (144 112 -192 ) 
4 87 118 (0 0 112 ) (0 0 -96 ) (144 0 -96 ) (144 0 112 ) 
4 87 100 (0 1024 112 ) (0 1024 -96 ) (0 0 -96 ) (0 0 112 ) 
4 87 88 (0 0 -96 ) (0 1024 -96 ) (144 1024 -96 ) (144 0 -96 ) 
4 88 129 (88 0 -192 ) (144 0 -192 ) (144 0 -96 ) (88 0 -96 ) 
4 88 131 (0 0 -96 ) (0 0 -192 ) (88 0 -192 ) (88 0 -96 ) 
4 88 106 (0 204 -192 ) (0 180 -192 ) (0 180 -96 ) (0 204 -96 ) 
4 88 105 (0 464 -192 ) (0 204 -192 ) (0 204 -96 ) (0 464 -96 ) 
4 88 109 (0 180 -192 ) (0 0 -192 ) (0 0 -96 ) (0 180 -96 ) 
4 88 104 (0 528 -192 ) (0 464 -192 ) (0 464 -96 ) (0 528 -96 ) 
4 88 102 (0 768 -192 ) (0 704 -192 ) (0 704 -96 ) (0 768 -96 ) 
4 88 103 (0 704 -192 ) (0 528 -192 ) (0 528 -96 ) (0 704 -96 ) 
4 88 101 (0 1024 -96 ) (0 1024 -192 ) (0 768 -192 ) (0 768 -96 ) 
4 88 91 (144 536 -192 ) (144 480 -192 ) (88 480 -192 ) (88 536 -192 ) 
4 88 92 (144 480 -192 ) (144 0 -192 ) (88 0 -192 ) (88 480 -192 ) 
4 88 93 (88 0 -192 ) (0 0 -192 ) (0 536 -192 ) (88 536 -192 ) 
4 88 90 (32 536 -192 ) (0 536 -192 ) (0 560 -192 ) (32 560 -192 ) 
4 88 89 (0 1024 -192 ) (144 1024 -192 ) (144 560 -192 ) (0 560 -192 ) 
4 89 113 (0 704 -288 ) (0 560 -288 ) (0 560 -256 ) (0 704 -256 ) 
4 89 112 (0 768 -288 ) (0 704 -288 ) (0 704 -256 ) (0 768 -256 ) 
4 89 111 (0 1024 -256 ) (0 1024 -288 ) (0 768 -288 ) (0 768 -256 ) 
4 89 102 (0 768 -256 ) (0 704 -256 ) (0 704 -192 ) (0 768 -192 ) 
4 89 103 (0 704 -256 ) (0 560 -256 ) (0 560 -192 ) (0 704 -192 ) 
4 89 101 (0 1024 -192 ) (0 1024 -256 ) (0 768 -256 ) (0 768 -192 ) 
3 89 90 (32 560 -192 ) (0 560 -192 ) (0 560 -224 ) 
4 90 103 (0 536 -224 ) (0 536 -192 ) (0 560 -192 ) (0 560 -224 ) 
3 90 93 (32 536 -192 ) (0 536 -192 ) (0 536 -224 ) 
4 91 92 (88 480 -192 ) (88 480 -232 ) (144 480 -232 ) (144 480 -192 ) 
4 91 93 (88 536 -192 ) (88 536 -232 ) (88 480 -232 ) (88 480 -192 ) 
4 92 129 (88 0 -288 ) (144 0 -288 ) (144 0 -192 ) (88 0 -192 ) 
4 92 93 (88 480 -288 ) (88 0 -288 ) (88 0 -192 ) (88 480 -192 ) 
4 93 131 (0 0 -192 ) (0 0 -288 ) (88 0 -288 ) (88 0 -192 ) 
4 93 116 (0 204 -288 ) (0 0 -288 ) (0 0 -256 ) (0 204 -256 ) 
4 93 115 (0 464 -288 ) (0 204 -288 ) (0 204 -256 ) (0 464 -256 ) 
4 93 113 (0 536 -288 ) (0 464 -288 ) (0 464 -256 ) (0 536 -256 ) 
4 93 107 (0 180 -192 ) (0 204 -192 ) (0 204 -256 ) (0 180 -256 ) 
4 93 105 (0 204 -192 ) (0 464 -192 ) (0 464 -256 ) (0 204 -256 ) 
4 93 109 (0 0 -256 ) (0 0 -192 ) (0 180 -192 ) (0 180 -256 ) 
4 93 104 (0 464 -192 ) (0 528 -192 ) (0 528 -256 ) (0 464 -256 ) 
4 93 103 (0 528 -192 ) (0 536 -192 ) (0 536 -256 ) (0 528 -256 ) 
4 94 96 (616 124 -368 ) (656 124 -368 ) (656 120 -368 ) (616 120 -368 ) 
4 94 98 (496 120 -368 ) (496 124 -368 ) (536 124 -368 ) (536 120 -368 ) 
4 94 95 (496 124 -368 ) (496 264 -368 ) (656 264 -368 ) (656 124 -368 ) 
4 95 99 (496 124 -464 ) (496 264 -464 ) (656 264 -464 ) (656 124 -464 ) 
4 95 97 (612 124 -372 ) (540 124 -372 ) (540 124 -460 ) (612 124 -460 ) 
4 95 96 (616 124 -464 ) (656 124 -464 ) (656 124 -368 ) (616 124 -368 ) 
4 95 98 (496 124 -464 ) (536 124 -464 ) (536 124 -368 ) (496 124 -368 ) 
4 96 99 (616 124 -464 ) (656 124 -464 ) (656 120 -464 ) (616 120 -464 ) 
4 98 99 (496 120 -464 ) (496 124 -464 ) (536 124 -464 ) (536 120 -464 ) 
4 100 144 (0 0 -96 ) (0 0 112 ) (-384 0 112 ) (-384 0 -96 ) 
4 100 110 (-384 0 -96 ) (-384 0 112 ) (-384 1024 112 ) (-384 1024 -96 ) 
4 100 106 (-384 180 -96 ) (-384 204 -96 ) (0 204 -96 ) (0 180 -96 ) 
4 100 105 (-384 204 -96 ) (-384 464 -96 ) (0 464 -96 ) (0 204 -96 ) 
4 100 109 (0 0 -96 ) (-384 0 -96 ) (-384 180 -96 ) (0 180 -96 ) 
4 100 104 (-352 528 -96 ) (0 528 -96 ) (0 464 -96 ) (-352 464 -96 ) 
4 100 102 (-352 768 -96 ) (0 768 -96 ) (0 704 -96 ) (-352 704 -96 ) 
4 100 103 (-384 528 -96 ) (-384 704 -96 ) (0 704 -96 ) (0 528 -96 ) 
5 100 101 (-384 768 -96 ) (-384 896 -96 ) (-256 1024 -96 ) (0 1024 -96 ) (0 768 -96 ) 
5 101 111 (-384 768 -256 ) (-384 896 -256 ) (-256 1024 -256 ) (0 1024 -256 ) (0 768 -256 ) 
5 101 102 (0 768 -96 ) (-352 768 -96 ) (-352 768 -128 ) (-320 768 -256 ) (0 768 -256 ) 
4 102 112 (-320 768 -256 ) (0 768 -256 ) (0 704 -256 ) (-320 704 -256 ) 
5 102 103 (0 704 -96 ) (-352 704 -96 ) (-352 704 -128 ) (-320 704 -256 ) (0 704 -256 ) 
4 103 114 (-384 528 -256 ) (-384 704 -256 ) (-320 704 -256 ) (-320 528 -256 ) 
4 103 113 (-320 704 -256 ) (0 704 -256 ) (0 528 -256 ) (-320 528 -256 ) 
5 103 104 (0 528 -96 ) (-352 528 -96 ) (-352 528 -128 ) (-320 528 -256 ) (0 528 -256 ) 
4 104 113 (-320 528 -256 ) (0 528 -256 ) (0 464 -256 ) (-320 464 -256 ) 
5 104 105 (0 464 -96 ) (-352 464 -96 ) (-352 464 -128 ) (-320 464 -256 ) (0 464 -256 ) 
5 105 115 (-384 336 -256 ) (-384 464 -256 ) (0 464 -256 ) (0 204 -256 ) (-256 204 -256 ) 
3 105 108 (-128 204 -224 ) (-128 204 -192 ) (-160 204 -192 ) 
4 105 107 (-128 204 -256 ) (0 204 -256 ) (0 204 -192 ) (-128 204 -192 ) 
5 105 106 (0 204 -96 ) (-384 204 -96 ) (-384 204 -128 ) (-256 204 -192 ) (0 204 -192 ) 
4 106 108 (-128 180 -192 ) (-160 180 -192 ) (-160 204 -192 ) (-128 204 -192 ) 
4 106 107 (0 180 -192 ) (-128 180 -192 ) (-128 204 -192 ) (0 204 -192 ) 
5 106 109 (0 180 -96 ) (-384 180 -96 ) (-384 180 -128 ) (-256 180 -192 ) (0 180 -192 ) 
4 107 116 (-128 204 -256 ) (0 204 -256 ) (0 180 -256 ) (-128 180 -256 ) 
4 107 108 (-128 180 -224 ) (-128 180 -192 ) (-128 204 -192 ) (-128 204 -224 ) 
4 107 109 (-128 180 -256 ) (0 180 -256 ) (0 180 -192 ) (-128 180 -192 ) 
3 108 109 (-128 180 -224 ) (-128 180 -192 ) (-160 180 -192 ) 
4 109 146 (-320 0 -96 ) (-384 0 -96 ) (-384 0 -256 ) (-320 0 -256 ) 
4 109 145 (0 0 -256 ) (0 0 -96 ) (-320 0 -96 ) (-320 0 -256 ) 
5 109 117 (-128 0 -256 ) (-384 0 -256 ) (-384 48 -256 ) (-256 180 -256 ) (-128 180 -256 ) 
4 109 116 (0 0 -256 ) (-128 0 -256 ) (-128 180 -256 ) (0 180 -256 ) 
4 110 144 (-416 0 112 ) (-416 0 -96 ) (-384 0 -96 ) (-384 0 112 ) 
4 111 112 (-320 768 -288 ) (0 768 -288 ) (0 768 -256 ) (-320 768 -256 ) 
4 112 113 (-320 704 -288 ) (0 704 -288 ) (0 704 -256 ) (-320 704 -256 ) 
4 113 115 (-320 464 -288 ) (0 464 -288 ) (0 464 -256 ) (-320 464 -256 ) 
4 113 114 (-320 704 -256 ) (-320 704 -288 ) (-320 528 -288 ) (-320 528 -256 ) 
4 115 116 (-128 204 -288 ) (0 204 -288 ) (0 204 -256 ) (-128 204 -256 ) 
4 116 145 (0 0 -288 ) (0 0 -256 ) (-128 0 -256 ) (-128 0 -288 ) 
4 116 117 (-128 180 -288 ) (-128 0 -288 ) (-128 0 -256 ) (-128 180 -256 ) 
4 117 146 (-320 0 -256 ) (-384 0 -256 ) (-384 0 -288 ) (-320 0 -288 ) 
4 117 145 (-128 0 -256 ) (-320 0 -256 ) (-320 0 -288 ) (-128 0 -288 ) 
4 118 144 (0 0 112 ) (0 0 -96 ) (0 -648 -96 ) (0 -648 112 ) 
4 118 135 (1024 -648 -96 ) (1024 -648 112 ) (0 -648 112 ) (0 -648 -96 ) 
4 118 132 (0 -176 -96 ) (0 -152 -96 ) (144 -152 -96 ) (144 -176 -96 ) 
4 118 134 (144 -648 -96 ) (0 -648 -96 ) (0 -176 -96 ) (144 -176 -96 ) 
4 118 130 (144 -96 -96 ) (144 -152 -96 ) (88 -152 -96 ) (88 -96 -96 ) 
4 118 129 (88 0 -96 ) (144 0 -96 ) (144 -96 -96 ) (88 -96 -96 ) 
4 118 131 (0 -152 -96 ) (0 0 -96 ) (88 0 -96 ) (88 -152 -96 ) 
3 118 127 (496 -176 -96 ) (496 -240 -96 ) (432 -240 -96 ) 
3 118 126 (144 -240 -96 ) (144 -176 -96 ) (208 -240 -96 ) 
4 118 125 (496 0 -96 ) (656 0 -96 ) (656 -240 -96 ) (496 -240 -96 ) 
3 118 124 (1008 -176 -96 ) (1008 -240 -96 ) (944 -240 -96 ) 
3 118 123 (720 -240 -96 ) (656 -240 -96 ) (656 -176 -96 ) 
4 118 128 (1008 -648 -96 ) (144 -648 -96 ) (144 -240 -96 ) (1008 -240 -96 ) 
4 118 121 (1008 -176 -96 ) (1008 -152 -96 ) (1024 -152 -96 ) (1024 -176 -96 ) 
4 118 122 (1024 -648 -96 ) (1008 -648 -96 ) (1008 -176 -96 ) (1024 -176 -96 ) 
4 118 120 (1008 -152 -96 ) (1008 -96 -96 ) (1024 -96 -96 ) (1024 -152 -96 ) 
4 118 119 (1008 -96 -96 ) (1008 0 -96 ) (1024 0 -96 ) (1024 -96 -96 ) 
4 119 120 (1008 -96 -96 ) (1008 -96 -232 ) (1024 -96 -232 ) (1024 -96 -96 ) 
4 120 121 (1008 -152 -96 ) (1008 -152 -192 ) (1024 -152 -192 ) (1024 -152 -96 ) 
4 121 122 (1008 -176 -96 ) (1008 -176 -192 ) (1024 -176 -192 ) (1024 -176 -96 ) 
4 122 136 (1024 -648 -184 ) (1024 -648 -96 ) (1008 -648 -96 ) (1008 -648 -184 ) 
4 122 124 (1008 -176 -288 ) (1008 -240 -288 ) (1008 -240 -96 ) (1008 -176 -96 ) 
4 122 128 (1008 -240 -288 ) (1008 -648 -288 ) (1008 -648 -96 ) (1008 -240 -96 ) 
4 123 125 (656 -176 -288 ) (656 -240 -288 ) (656 -240 -96 ) (656 -176 -96 ) 
4 123 128 (656 -240 -288 ) (720 -240 -288 ) (720 -240 -96 ) (656 -240 -96 ) 
4 124 128 (944 -240 -288 ) (1008 -240 -288 ) (1008 -240 -96 ) (944 -240 -96 ) 
4 125 127 (496 -176 -288 ) (496 -240 -288 ) (496 -240 -96 ) (496 -176 -96 ) 
4 125 128 (496 -240 -288 ) (656 -240 -288 ) (656 -240 -96 ) (496 -240 -96 ) 
4 126 134 (144 -176 -288 ) (144 -240 -288 ) (144 -240 -96 ) (144 -176 -96 ) 
4 126 128 (144 -240 -96 ) (144 -240 -288 ) (208 -240 -288 ) (208 -240 -96 ) 
4 127 128 (432 -240 -288 ) (496 -240 -288 ) (496 -240 -96 ) (432 -240 -96 ) 
5 128 138 (472 -648 -96 ) (144 -648 -96 ) (144 -648 -184 ) (432 -648 -184 ) (472 -648 -128 ) 
4 128 137 (556 -648 -140 ) (556 -648 -180 ) (596 -648 -180 ) (596 -648 -140 ) 
5 128 136 (1008 -648 -184 ) (1008 -648 -96 ) (680 -648 -96 ) (680 -648 -128 ) (720 -648 -184 ) 
4 128 134 (144 -240 -288 ) (144 -648 -288 ) (144 -648 -96 ) (144 -240 -96 ) 
4 129 130 (88 -96 -96 ) (88 -96 -232 ) (144 -96 -232 ) (144 -96 -96 ) 
4 129 131 (88 0 -288 ) (88 -96 -288 ) (88 -96 -96 ) (88 0 -96 ) 
4 130 132 (144 -152 -192 ) (144 -152 -96 ) (88 -152 -96 ) (88 -152 -192 ) 
4 130 131 (88 -152 -232 ) (88 -152 -96 ) (88 -96 -96 ) (88 -96 -232 ) 
4 131 145 (0 0 -96 ) (0 0 -288 ) (0 -152 -288 ) (0 -152 -96 ) 
3 131 133 (32 -152 -192 ) (0 -152 -192 ) (0 -152 -224 ) 
4 131 132 (88 -152 -192 ) (88 -152 -96 ) (0 -152 -96 ) (0 -152 -192 ) 
4 132 145 (0 -176 -192 ) (0 -176 -96 ) (0 -152 -96 ) (0 -152 -192 ) 
4 132 133 (32 -176 -192 ) (0 -176 -192 ) (0 -152 -192 ) (32 -152 -192 ) 
4 132 134 (144 -176 -192 ) (144 -176 -96 ) (0 -176 -96 ) (0 -176 -192 ) 
4 133 145 (0 -176 -224 ) (0 -176 -192 ) (0 -152 -192 ) (0 -152 -224 ) 
3 133 134 (32 -176 -192 ) (0 -176 -192 ) (0 -176 -224 ) 
4 134 145 (0 -176 -288 ) (0 -648 -288 ) (0 -648 -96 ) (0 -176 -96 ) 
3 134 142 (24 -648 -184 ) (0 -648 -184 ) (0 -648 -256 ) 
4 134 138 (144 -648 -184 ) (144 -648 -96 ) (0 -648 -96 ) (0 -648 -184 ) 
4 135 144 (0 -648 112 ) (0 -648 -96 ) (0 -672 -96 ) (0 -672 112 ) 
4 135 139 (1024 -672 -96 ) (1024 -672 112 ) (0 -672 112 ) (0 -672 -96 ) 
4 135 138 (472 -672 -96 ) (0 -672 -96 ) (0 -648 -96 ) (472 -648 -96 ) 
4 135 136 (1024 -672 -96 ) (680 -672 -96 ) (680 -648 -96 ) (1024 -648 -96 ) 
5 136 140 (720 -672 -184 ) (1024 -672 -184 ) (1024 -672 -96 ) (680 -672 -96 ) (680 -672 -128 ) 
4 137 140 (596 -672 -180 ) (596 -672 -140 ) (556 -672 -140 ) (556 -672 -180 ) 
4 138 145 (0 -648 -96 ) (0 -648 -184 ) (0 -672 -184 ) (0 -672 -96 ) 
4 138 142 (0 -672 -184 ) (0 -648 -184 ) (24 -648 -184 ) (24 -672 -184 ) 
5 138 140 (0 -672 -184 ) (432 -672 -184 ) (472 -672 -128 ) (472 -672 -96 ) (0 -672 -96 ) 
4 139 144 (0 -672 112 ) (0 -672 -96 ) (0 -768 -96 ) (0 -768 112 ) 
4 139 141 (1024 -768 -96 ) (1024 -768 112 ) (0 -768 112 ) (0 -768 -96 ) 
4 139 140 (1024 -768 -96 ) (0 -768 -96 ) (0 -672 -96 ) (1024 -672 -96 ) 
4 140 145 (0 -672 -96 ) (0 -672 -184 ) (0 -768 -184 ) (0 -768 -96 ) 
4 140 143 (0 -768 -184 ) (0 -672 -184 ) (1024 -672 -184 ) (1024 -768 -184 ) 
4 141 144 (0 -768 112 ) (0 -768 -96 ) (0 -800 -96 ) (0 -800 112 ) 
4 142 145 (0 -672 -256 ) (0 -672 -184 ) (0 -648 -184 ) (0 -648 -256 ) 
3 142 143 (24 -672 -184 ) (0 -672 -184 ) (0 -672 -256 ) 
4 143 145 (0 -672 -288 ) (0 -768 -288 ) (0 -768 -184 ) (0 -672 -184 ) 
4 144 149 (-352 -320 -96 ) (-320 -320 -96 ) (-320 -384 -96 ) (-352 -384 -96 ) 
4 144 148 (-384 -320 -96 ) (-384 -144 -96 ) (-320 -144 -96 ) (-320 -320 -96 ) 
4 144 150 (-320 -576 -96 ) (-384 -512 -96 ) (-384 -384 -96 ) (-320 -384 -96 ) 
4 144 147 (-352 -80 -96 ) (-320 -80 -96 ) (-320 -144 -96 ) (-352 -144 -96 ) 
4 144 146 (-384 -80 -96 ) (-384 0 -96 ) (-320 0 -96 ) (-320 -80 -96 ) 
5 144 145 (-128 -768 -96 ) (-320 -576 -96 ) (-320 0 -96 ) (0 0 -96 ) (0 -768 -96 ) 
4 145 149 (-320 -384 -256 ) (-320 -384 -96 ) (-320 -320 -96 ) (-320 -320 -256 ) 
4 145 148 (-320 -144 -288 ) (-320 -320 -288 ) (-320 -320 -96 ) (-320 -144 -96 ) 
4 145 150 (-320 -384 -288 ) (-320 -576 -288 ) (-320 -576 -96 ) (-320 -384 -96 ) 
4 145 147 (-320 -144 -256 ) (-320 -144 -96 ) (-320 -80 -96 ) (-320 -80 -256 ) 
4 145 146 (-320 0 -288 ) (-320 -80 -288 ) (-320 -80 -96 ) (-320 0 -96 ) 
4 146 147 (-320 -80 -256 ) (-320 -80 -96 ) (-352 -80 -96 ) (-352 -80 -128 ) 
4 147 148 (-320 -144 -256 ) (-320 -144 -96 ) (-352 -144 -96 ) (-352 -144 -128 ) 
4 148 149 (-320 -320 -256 ) (-320 -320 -96 ) (-352 -320 -96 ) (-352 -320 -128 ) 
4 149 150 (-320 -384 -256 ) (-320 -384 -96 ) (-352 -384 -96 ) (-352 -384 -128 ) 
