PRT1
156
468
4 0 7 (1024 1184 112 ) (1024 1184 -96 ) (1024 1152 -96 ) (1024 1152 112 ) 
4 0 1 (1024 1152 112 ) (1024 1152 -96 ) (1568 1152 -96 ) (1568 1152 112 ) 
4 1 20 (1024 1024 112 ) (1024 1024 -96 ) (1536 1024 -96 ) (1536 1024 112 ) 
4 1 19 (1536 1024 -96 ) (1568 1024 -96 ) (1568 1024 112 ) (1536 1024 112 ) 
4 1 15 (1024 1024 -96 ) (1024 1024 112 ) (1024 1032 112 ) (1024 1032 -96 ) 
4 1 10 (1024 1032 112 ) (1024 1056 112 ) (1024 1056 -96 ) (1024 1032 -96 ) 
4 1 8 (1024 1056 112 ) (1024 1152 112 ) (1024 1152 -96 ) (1024 1056 -96 ) 
4 1 3 (1376 1056 -96 ) (1400 1032 -96 ) (1024 1032 -96 ) (1024 1056 -96 ) 
4 1 2 (1024 1152 -96 ) (1280 1152 -96 ) (1376 1056 -96 ) (1024 1056 -96 ) 
4 1 6 (1400 1032 -96 ) (1408 1024 -96 ) (1024 1024 -96 ) (1024 1032 -96 ) 
4 2 9 (1024 1056 -96 ) (1024 1152 -96 ) (1024 1152 -288 ) (1024 1056 -288 ) 
3 2 5 (1152 1056 -256 ) (1152 1056 -184 ) (1128 1056 -184 ) 
4 2 4 (1152 1056 -288 ) (1376.001953 1056 -288 ) (1376.001953 1056 -184 ) (1152 1056 -184 ) 
4 2 3 (1376.001953 1056 -184 ) (1376.001953 1056 -96 ) (1024 1056 -96 ) (1024 1056 -184 ) 
4 3 11 (1024 1032 -96 ) (1024 1056 -96 ) (1024 1056 -184 ) (1024 1032 -184 ) 
4 3 5 (1152 1032 -184 ) (1128 1032 -184 ) (1128 1056 -184 ) (1152 1056 -184 ) 
4 3 4 (1400 1032 -184 ) (1152 1032 -184 ) (1152 1056 -184 ) (1376 1056 -184 ) 
4 3 6 (1400 1032 -184 ) (1400 1032 -96 ) (1024 1032 -96 ) (1024 1032 -184 ) 
4 4 5 (1152 1032 -256 ) (1152 1032 -184 ) (1152 1056 -184 ) (1152 1056 -256 ) 
4 4 6 (1152 1032 -288 ) (1400 1032 -288 ) (1400 1032 -184 ) (1152 1032 -184 ) 
3 5 6 (1152 1032 -256 ) (1152 1032 -184 ) (1128 1032 -184 ) 
4 6 36 (1024 1024 -256 ) (1024 1024 -288 ) (1408 1024 -288 ) (1408 1024 -256 ) 
4 6 21 (1024 1024 -96 ) (1024 1024 -256 ) (1408 1024 -256 ) (1408 1024 -96 ) 
4 6 16 (1024 1024 -288 ) (1024 1024 -96 ) (1024 1032 -96 ) (1024 1032 -288 ) 
4 7 17 (0 1184 112 ) (0 1184 -96 ) (0 1152 -96 ) (0 1152 112 ) 
4 7 8 (1024 1152 -96 ) (1024 1152 112 ) (0 1152 112 ) (0 1152 -96 ) 
4 8 17 (0 1056 -96 ) (0 1056 112 ) (0 1152 112 ) (0 1152 -96 ) 
4 8 10 (0 1056 112 ) (0 1056 -96 ) (1024 1056 -96 ) (1024 1056 112 ) 
4 8 9 (1024 1056 -96 ) (0 1056 -96 ) (0 1152 -96 ) (1024 1152 -96 ) 
4 9 18 (0 1056 -288 ) (0 1056 -96 ) (0 1152 -96 ) (0 1152 -288 ) 
3 9 14 (0 1056 -184 ) (0 1056 -256 ) (24 1056 -184 ) 
5 9 13 (0 1056 -96 ) (0 1056 -184 ) (432 1056 -184 ) (472 1056 -128 ) (472 1056 -96 ) 
4 9 12 (596 1056 -180 ) (596 1056 -140 ) (556 1056 -140 ) (556 1056 -180 ) 
5 9 11 (720 1056 -184 ) (1024 1056 -184 ) (1024 1056 -96 ) (680 1056 -96 ) (680 1056 -128 ) 
4 10 17 (0 1032 -96 ) (0 1032 112 ) (0 1056 112 ) (0 1056 -96 ) 
4 10 15 (1024 1032 -96 ) (1024 1032 112 ) (0 1032 112 ) (0 1032 -96 ) 
4 10 13 (472 1032 -96 ) (0 1032 -96 ) (0 1056 -96 ) (472 1056 -96 ) 
4 10 11 (1024 1032 -96 ) (680 1032 -96 ) (680 1056 -96 ) (1024 1056 -96 ) 
5 11 16 (1024 1032 -184 ) (1024 1032 -96 ) (680 1032 -96 ) (680 1032 -128 ) (720 1032 -184 ) 
4 12 16 (556 1032 -140 ) (556 1032 -180 ) (596 1032 -180 ) (596 1032 -140 ) 
4 13 18 (0 1032 -184 ) (0 1032 -96 ) (0 1056 -96 ) (0 1056 -184 ) 
5 13 16 (472 1032 -96 ) (0 1032 -96 ) (0 1032 -184 ) (432 1032 -184 ) (472 1032 -128 ) 
4 13 14 (24 1032 -184 ) (0 1032 -184 ) (0 1056 -184 ) (24 1056 -184 ) 
4 14 18 (0 1032 -256 ) (0 1032 -184 ) (0 1056 -184 ) (0 1056 -256 ) 
3 14 16 (24 1032 -184 ) (0 1032 -184 ) (0 1032 -256 ) 
4 15 86 (144 1024 112 ) (0 1024 112 ) (0 1024 -96 ) (144 1024 -96 ) 
4 15 64 (1024 1024 -96 ) (1024 1024 112 ) (144 1024 112 ) (144 1024 -96 ) 
4 15 17 (0 1024 -96 ) (0 1024 112 ) (0 1032 112 ) (0 1032 -96 ) 
4 15 16 (1024 1024 -96 ) (0 1024 -96 ) (0 1032 -96 ) (1024 1032 -96 ) 
4 16 88 (0 1024 -192 ) (0 1024 -288 ) (144 1024 -288 ) (144 1024 -192 ) 
4 16 87 (144 1024 -96 ) (0 1024 -96 ) (0 1024 -192 ) (144 1024 -192 ) 
4 16 78 (496 1024 -96 ) (144 1024 -96 ) (144 1024 -288 ) (496 1024 -288 ) 
4 16 77 (656 1024 -96 ) (496 1024 -96 ) (496 1024 -288 ) (656 1024 -288 ) 
4 16 69 (1008 1024 -96 ) (656 1024 -96 ) (656 1024 -288 ) (1008 1024 -288 ) 
4 16 65 (1024 1024 -288 ) (1024 1024 -96 ) (1008 1024 -96 ) (1008 1024 -288 ) 
4 16 18 (0 1024 -288 ) (0 1024 -96 ) (0 1032 -96 ) (0 1032 -288 ) 
4 17 115 (-384 1024 112 ) (-416 1024 112 ) (-416 1024 -96 ) (-384 1024 -96 ) 
4 17 105 (0 1024 -96 ) (0 1024 112 ) (-384 1024 112 ) (-384 1024 -96 ) 
4 17 18 (0 1024 -96 ) (-256 1024 -96 ) (-128 1152 -96 ) (0 1152 -96 ) 
4 18 116 (0 1024 -288 ) (0 1024 -256 ) (-256 1024 -256 ) (-256 1024 -288 ) 
4 18 106 (0 1024 -256 ) (0 1024 -96 ) (-256 1024 -96 ) (-256 1024 -256 ) 
4 19 46 (1536 0 112 ) (1536 0 -96 ) (1568 0 -96 ) (1568 0 112 ) 
4 19 20 (1536 0 -96 ) (1536 0 112 ) (1536 1024 112 ) (1536 1024 -96 ) 
4 20 64 (1024 1024 112 ) (1024 1024 -96 ) (1024 0 -96 ) (1024 0 112 ) 
4 20 47 (1024 0 112 ) (1024 0 -96 ) (1536 0 -96 ) (1536 0 112 ) 
4 20 32 (1024 180 -96 ) (1024 204 -96 ) (1536 204 -96 ) (1536 180 -96 ) 
4 20 31 (1024 204 -96 ) (1024 464 -96 ) (1536 464 -96 ) (1536 204 -96 ) 
4 20 35 (1024 0 -96 ) (1024 180 -96 ) (1536 180 -96 ) (1536 0 -96 ) 
4 20 29 (1024 480 -96 ) (1024 536 -96 ) (1064 536 -96 ) (1064 480 -96 ) 
4 20 30 (1024 464 -96 ) (1024 480 -96 ) (1064 480 -96 ) (1064 464 -96 ) 
4 20 28 (1504 464 -96 ) (1064 464 -96 ) (1064 528 -96 ) (1504 528 -96 ) 
4 20 27 (1064 536 -96 ) (1536 536 -96 ) (1536 528 -96 ) (1064 528 -96 ) 
4 20 25 (1024 536 -96 ) (1024 560 -96 ) (1152 560 -96 ) (1152 536 -96 ) 
4 20 24 (1024 560 -96 ) (1024 704 -96 ) (1152 704 -96 ) (1152 560 -96 ) 
4 20 23 (1152 704 -96 ) (1536 704 -96 ) (1536 536 -96 ) (1152 536 -96 ) 
4 20 22 (1024 704 -96 ) (1024 768 -96 ) (1504 768 -96 ) (1504 704 -96 ) 
5 20 21 (1024 768 -96 ) (1024 1024 -96 ) (1408 1024 -96 ) (1536 896 -96 ) (1536 768 -96 ) 
4 21 65 (1024 1024 -96 ) (1024 1024 -256 ) (1024 768 -256 ) (1024 768 -96 ) 
5 21 36 (1024 768 -256 ) (1024 1024 -256 ) (1408 1024 -256 ) (1536 896 -256 ) (1536 768 -256 ) 
5 21 22 (1024 768 -256 ) (1472 768 -256 ) (1504 768 -128 ) (1504 768 -96 ) (1024 768 -96 ) 
4 22 65 (1024 768 -256 ) (1024 704 -256 ) (1024 704 -96 ) (1024 768 -96 ) 
4 22 37 (1024 704 -256 ) (1024 768 -256 ) (1472 768 -256 ) (1472 704 -256 ) 
4 22 24 (1024 704 -256 ) (1152 704 -256 ) (1152 704 -96 ) (1024 704 -96 ) 
5 22 23 (1152 704 -256 ) (1472 704 -256 ) (1504 704 -128 ) (1504 704 -96 ) (1152 704 -96 ) 
4 23 38 (1152 704 -256 ) (1536 704 -256 ) (1536 536 -256 ) (1152 536 -256 ) 
4 23 27 (1152 536 -256 ) (1536 536 -256 ) (1536 536 -96 ) (1152 536 -96 ) 
4 23 26 (1152 536 -224 ) (1152 536 -192 ) (1152 560 -192 ) (1152 560 -224 ) 
4 23 25 (1152 536 -192 ) (1152 536 -96 ) (1152 560 -96 ) (1152 560 -192 ) 
4 23 24 (1152 704 -96 ) (1152 704 -256 ) (1152 560 -256 ) (1152 560 -96 ) 
4 24 65 (1024 704 -256 ) (1024 560 -256 ) (1024 560 -96 ) (1024 704 -96 ) 
4 24 39 (1024 560 -256 ) (1024 704 -256 ) (1152 704 -256 ) (1152 560 -256 ) 
3 24 26 (1152 560 -224 ) (1152 560 -192 ) (1120 560 -192 ) 
4 24 25 (1152 560 -192 ) (1152 560 -96 ) (1024 560 -96 ) (1024 560 -192 ) 
4 25 66 (1024 536 -192 ) (1024 536 -96 ) (1024 560 -96 ) (1024 560 -192 ) 
4 25 29 (1064 536 -96 ) (1024 536 -96 ) (1024 536 -192 ) (1064 536 -192 ) 
4 25 27 (1152 536 -192 ) (1152 536 -96 ) (1064 536 -96 ) (1064 536 -192 ) 
4 25 26 (1120 560 -192 ) (1152 560 -192 ) (1152 536 -192 ) (1120 536 -192 ) 
3 26 27 (1152 536 -224 ) (1152 536 -192 ) (1120 536 -192 ) 
4 27 40 (1472 536 -256 ) (1536 536 -256 ) (1536 528 -256 ) (1472 528 -256 ) 
4 27 41 (1064 536 -256 ) (1472 536 -256 ) (1472 528 -256 ) (1064 528 -256 ) 
4 27 29 (1064 536 -96 ) (1064 536 -232 ) (1064 528 -232 ) (1064 528 -96 ) 
5 27 28 (1064 528 -96 ) (1064 528 -256 ) (1472 528 -256 ) (1504 528 -128 ) (1504 528 -96 ) 
4 28 41 (1472 464 -256 ) (1064 464 -256 ) (1064 528 -256 ) (1472 528 -256 ) 
5 28 31 (1064 464 -256 ) (1472 464 -256 ) (1504 464 -128 ) (1504 464 -96 ) (1064 464 -96 ) 
4 28 29 (1064 480 -232 ) (1064 480 -96 ) (1064 528 -96 ) (1064 528 -232 ) 
4 28 30 (1064 480 -256 ) (1064 464 -256 ) (1064 464 -96 ) (1064 480 -96 ) 
4 29 67 (1024 480 -232 ) (1024 480 -96 ) (1024 536 -96 ) (1024 536 -232 ) 
4 29 30 (1064 480 -232 ) (1064 480 -96 ) (1024 480 -96 ) (1024 480 -232 ) 
4 30 68 (1024 480 -256 ) (1024 464 -256 ) (1024 464 -96 ) (1024 480 -96 ) 
4 30 42 (1024 464 -256 ) (1024 480 -256 ) (1064 480 -256 ) (1064 464 -256 ) 
4 30 31 (1024 464 -256 ) (1064 464 -256 ) (1064 464 -96 ) (1024 464 -96 ) 
4 31 68 (1024 464 -256 ) (1024 204 -256 ) (1024 204 -96 ) (1024 464 -96 ) 
5 31 43 (1024 204 -256 ) (1024 464 -256 ) (1536 464 -256 ) (1536 336 -256 ) (1408 204 -256 ) 
3 31 33 (1312 204 -192 ) (1280 204 -192 ) (1280 204 -224 ) 
4 31 34 (1024 204 -256 ) (1280 204 -256 ) (1280 204 -192 ) (1024 204 -192 ) 
5 31 32 (1536 204 -128 ) (1536 204 -96 ) (1024 204 -96 ) (1024 204 -192 ) (1408 204 -192 ) 
4 32 68 (1024 180 -192 ) (1024 180 -96 ) (1024 204 -96 ) (1024 204 -192 ) 
4 32 33 (1312 180 -192 ) (1280 180 -192 ) (1280 204 -192 ) (1312 204 -192 ) 
4 32 34 (1280 180 -192 ) (1024 180 -192 ) (1024 204 -192 ) (1280 204 -192 ) 
5 32 35 (1536 180 -128 ) (1536 180 -96 ) (1024 180 -96 ) (1024 180 -192 ) (1408 180 -192 ) 
4 33 34 (1280 180 -224 ) (1280 180 -192 ) (1280 204 -192 ) (1280 204 -224 ) 
3 33 35 (1312 180 -192 ) (1280 180 -192 ) (1280 180 -224 ) 
4 34 68 (1024 204 -256 ) (1024 180 -256 ) (1024 180 -192 ) (1024 204 -192 ) 
4 34 44 (1024 180 -256 ) (1024 204 -256 ) (1280 204 -256 ) (1280 180 -256 ) 
4 34 35 (1024 180 -256 ) (1280 180 -256 ) (1280 180 -192 ) (1024 180 -192 ) 
4 35 68 (1024 180 -256 ) (1024 0 -256 ) (1024 0 -96 ) (1024 180 -96 ) 
4 35 53 (1024 0 -96 ) (1024 0 -256 ) (1064 0 -256 ) (1064 0 -96 ) 
4 35 52 (1064 0 -256 ) (1472 0 -256 ) (1472 0 -96 ) (1064 0 -96 ) 
4 35 48 (1472 0 -256 ) (1536 0 -256 ) (1536 0 -96 ) (1472 0 -96 ) 
5 35 45 (1024 0 -256 ) (1024 180 -256 ) (1408 180 -256 ) (1536 48 -256 ) (1536 0 -256 ) 
4 36 65 (1024 1024 -256 ) (1024 1024 -288 ) (1024 768 -288 ) (1024 768 -256 ) 
4 36 37 (1024 768 -288 ) (1472 768 -288 ) (1472 768 -256 ) (1024 768 -256 ) 
4 37 65 (1024 768 -288 ) (1024 704 -288 ) (1024 704 -256 ) (1024 768 -256 ) 
4 37 39 (1024 704 -288 ) (1152 704 -288 ) (1152 704 -256 ) (1024 704 -256 ) 
4 37 38 (1152 704 -288 ) (1472 704 -288 ) (1472 704 -256 ) (1152 704 -256 ) 
4 38 40 (1472 536 -288 ) (1536 536 -288 ) (1536 536 -256 ) (1472 536 -256 ) 
4 38 41 (1152 536 -288 ) (1472 536 -288 ) (1472 536 -256 ) (1152 536 -256 ) 
4 38 39 (1152 704 -256 ) (1152 704 -288 ) (1152 560 -288 ) (1152 560 -256 ) 
4 39 65 (1024 704 -288 ) (1024 560 -288 ) (1024 560 -256 ) (1024 704 -256 ) 
4 40 41 (1472 536 -256 ) (1472 536 -288 ) (1472 528 -288 ) (1472 528 -256 ) 
4 41 43 (1064 464 -288 ) (1472 464 -288 ) (1472 464 -256 ) (1064 464 -256 ) 
4 41 42 (1064 480 -288 ) (1064 464 -288 ) (1064 464 -256 ) (1064 480 -256 ) 
4 42 68 (1024 480 -288 ) (1024 464 -288 ) (1024 464 -256 ) (1024 480 -256 ) 
4 42 43 (1024 464 -288 ) (1064 464 -288 ) (1064 464 -256 ) (1024 464 -256 ) 
4 43 68 (1024 464 -288 ) (1024 204 -288 ) (1024 204 -256 ) (1024 464 -256 ) 
4 43 44 (1024 204 -288 ) (1280 204 -288 ) (1280 204 -256 ) (1024 204 -256 ) 
4 44 68 (1024 204 -288 ) (1024 180 -288 ) (1024 180 -256 ) (1024 204 -256 ) 
4 44 45 (1024 180 -288 ) (1280 180 -288 ) (1280 180 -256 ) (1024 180 -256 ) 
4 45 68 (1024 180 -288 ) (1024 0 -288 ) (1024 0 -256 ) (1024 180 -256 ) 
4 45 53 (1064 0 -256 ) (1024 0 -256 ) (1024 0 -288 ) (1064 0 -288 ) 
4 45 52 (1472 0 -256 ) (1064 0 -256 ) (1064 0 -288 ) (1472 0 -288 ) 
4 45 48 (1536 0 -256 ) (1472 0 -256 ) (1472 0 -288 ) (1536 0 -288 ) 
4 46 47 (1536 -800 -96 ) (1536 -800 112 ) (1536 0 112 ) (1536 0 -96 ) 
4 47 146 (1024 -768 -96 ) (1024 -800 -96 ) (1024 -800 112 ) (1024 -768 112 ) 
4 47 144 (1024 -672 -96 ) (1024 -768 -96 ) (1024 -768 112 ) (1024 -672 112 ) 
4 47 140 (1024 -648 -96 ) (1024 -672 -96 ) (1024 -672 112 ) (1024 -648 112 ) 
4 47 123 (1024 0 112 ) (1024 0 -96 ) (1024 -648 -96 ) (1024 -648 112 ) 
4 47 60 (1024 -672 -96 ) (1024 -648 -96 ) (1400 -648 -96 ) (1376 -672 -96 ) 
5 47 59 (1024 -648 -96 ) (1024 -384 -96 ) (1536 -384 -96 ) (1536 -512 -96 ) (1400 -648 -96 ) 
4 47 63 (1024 -768 -96 ) (1024 -672 -96 ) (1376 -672 -96 ) (1280 -768 -96 ) 
4 47 56 (1024 -176 -96 ) (1024 -152 -96 ) (1152 -152 -96 ) (1152 -176 -96 ) 
4 47 58 (1024 -384 -96 ) (1024 -176 -96 ) (1152 -176 -96 ) (1152 -384 -96 ) 
4 47 55 (1152 -152 -96 ) (1472 -152 -96 ) (1472 -384 -96 ) (1152 -384 -96 ) 
4 47 54 (1024 -152 -96 ) (1024 -96 -96 ) (1064 -96 -96 ) (1064 -152 -96 ) 
4 47 53 (1024 -96 -96 ) (1024 0 -96 ) (1064 0 -96 ) (1064 -96 -96 ) 
4 47 52 (1064 0 -96 ) (1472 0 -96 ) (1472 -152 -96 ) (1064 -152 -96 ) 
4 47 51 (1504 -384 -96 ) (1472 -384 -96 ) (1472 -320 -96 ) (1504 -320 -96 ) 
4 47 49 (1504 -144 -96 ) (1472 -144 -96 ) (1472 -80 -96 ) (1504 -80 -96 ) 
4 47 48 (1472 0 -96 ) (1536 0 -96 ) (1536 -80 -96 ) (1472 -80 -96 ) 
4 47 50 (1536 -144 -96 ) (1536 -320 -96 ) (1472 -320 -96 ) (1472 -144 -96 ) 
4 48 52 (1472 0 -288 ) (1472 -80 -288 ) (1472 -80 -96 ) (1472 0 -96 ) 
4 48 49 (1472 -80 -96 ) (1472 -80 -256 ) (1504 -80 -128 ) (1504 -80 -96 ) 
4 49 52 (1472 -144 -256 ) (1472 -144 -96 ) (1472 -80 -96 ) (1472 -80 -256 ) 
4 49 50 (1472 -144 -96 ) (1472 -144 -256 ) (1504 -144 -128 ) (1504 -144 -96 ) 
4 50 55 (1472 -152 -288 ) (1472 -320 -288 ) (1472 -320 -96 ) (1472 -152 -96 ) 
4 50 52 (1472 -144 -288 ) (1472 -152 -288 ) (1472 -152 -96 ) (1472 -144 -96 ) 
4 50 51 (1472 -320 -96 ) (1472 -320 -256 ) (1504 -320 -128 ) (1504 -320 -96 ) 
4 51 59 (1504 -384 -128 ) (1504 -384 -96 ) (1472 -384 -96 ) (1472 -384 -256 ) 
4 51 55 (1472 -384 -256 ) (1472 -384 -96 ) (1472 -320 -96 ) (1472 -320 -256 ) 
3 52 57 (1152 -152 -224 ) (1152 -152 -192 ) (1120 -152 -192 ) 
4 52 56 (1152 -152 -192 ) (1152 -152 -96 ) (1064 -152 -96 ) (1064 -152 -192 ) 
4 52 55 (1152 -152 -288 ) (1472 -152 -288 ) (1472 -152 -96 ) (1152 -152 -96 ) 
4 52 54 (1064 -152 -232 ) (1064 -152 -96 ) (1064 -96 -96 ) (1064 -96 -232 ) 
4 52 53 (1064 0 -288 ) (1064 -96 -288 ) (1064 -96 -96 ) (1064 0 -96 ) 
4 53 124 (1024 0 -96 ) (1024 0 -288 ) (1024 -96 -288 ) (1024 -96 -96 ) 
4 53 54 (1064 -96 -232 ) (1064 -96 -96 ) (1024 -96 -96 ) (1024 -96 -232 ) 
4 54 125 (1024 -152 -232 ) (1024 -152 -96 ) (1024 -96 -96 ) (1024 -96 -232 ) 
4 54 56 (1064 -152 -192 ) (1064 -152 -96 ) (1024 -152 -96 ) (1024 -152 -192 ) 
4 55 59 (1152 -384 -288 ) (1472 -384 -288 ) (1472 -384 -96 ) (1152 -384 -96 ) 
4 55 57 (1152 -152 -192 ) (1152 -152 -224 ) (1152 -176 -224 ) (1152 -176 -192 ) 
4 55 56 (1152 -152 -96 ) (1152 -152 -192 ) (1152 -176 -192 ) (1152 -176 -96 ) 
4 55 58 (1152 -176 -288 ) (1152 -384 -288 ) (1152 -384 -96 ) (1152 -176 -96 ) 
4 56 126 (1024 -176 -192 ) (1024 -176 -96 ) (1024 -152 -96 ) (1024 -152 -192 ) 
4 56 57 (1152 -176 -192 ) (1120 -176 -192 ) (1120 -152 -192 ) (1152 -152 -192 ) 
4 56 58 (1152 -176 -192 ) (1152 -176 -96 ) (1024 -176 -96 ) (1024 -176 -192 ) 
3 57 58 (1152 -176 -224 ) (1152 -176 -192 ) (1120 -176 -192 ) 
4 58 127 (1024 -176 -288 ) (1024 -384 -288 ) (1024 -384 -96 ) (1024 -176 -96 ) 
4 58 59 (1024 -384 -288 ) (1152 -384 -288 ) (1152 -384 -96 ) (1024 -384 -96 ) 
4 59 127 (1024 -384 -288 ) (1024 -648 -288 ) (1024 -648 -96 ) (1024 -384 -96 ) 
3 59 62 (1152 -648 -256 ) (1152 -648 -184 ) (1128 -648 -184 ) 
4 59 61 (1152 -648 -288 ) (1400 -648 -288 ) (1400 -648 -184 ) (1152 -648 -184 ) 
4 59 60 (1400 -648 -184 ) (1400 -648 -96 ) (1024 -648 -96 ) (1024 -648 -184 ) 
4 60 141 (1024 -672 -184 ) (1024 -672 -96 ) (1024 -648 -96 ) (1024 -648 -184 ) 
4 60 62 (1152 -672 -184 ) (1128 -672 -184 ) (1128 -648 -184 ) (1152 -648 -184 ) 
4 60 61 (1376.003906 -672 -184 ) (1152 -672 -184 ) (1152 -648 -184 ) (1400 -648 -184 ) 
4 60 63 (1376.001953 -672 -184 ) (1376.001953 -672 -96 ) (1024 -672 -96 ) (1024 -672 -184 ) 
4 61 62 (1152 -672 -256 ) (1152 -672 -184 ) (1152 -648 -184 ) (1152 -648 -256 ) 
4 61 63 (1152 -672 -288 ) (1376.001953 -672 -288 ) (1376.001953 -672 -184 ) (1152 -672 -184 ) 
3 62 63 (1152 -672 -256 ) (1152 -672 -184 ) (1128 -672 -184 ) 
4 63 148 (1024 -672 -288 ) (1024 -768 -288 ) (1024 -768 -184 ) (1024 -672 -184 ) 
4 63 145 (1024 -768 -184 ) (1024 -768 -96 ) (1024 -672 -96 ) (1024 -672 -184 ) 
4 64 123 (1024 0 -96 ) (1024 0 112 ) (144 0 112 ) (144 0 -96 ) 
4 64 86 (144 1024 112 ) (144 1024 -96 ) (144 0 -96 ) (144 0 112 ) 
3 64 85 (144 48 -96 ) (144 112 -96 ) (208 112 -96 ) 
3 64 84 (432 112 -96 ) (496 112 -96 ) (496 48 -96 ) 
4 64 83 (144 112 -96 ) (144 272 -96 ) (496 272 -96 ) (496 112 -96 ) 
3 64 82 (144 560 -96 ) (144 624 -96 ) (208 624 -96 ) 
3 64 81 (432 624 -96 ) (496 624 -96 ) (496 560 -96 ) 
3 64 80 (496 336 -96 ) (496 272 -96 ) (432 272 -96 ) 
3 64 79 (144 272 -96 ) (144 336 -96 ) (208 272 -96 ) 
4 64 78 (144 624 -96 ) (144 1024 -96 ) (496 1024 -96 ) (496 624 -96 ) 
4 64 77 (656 0 -96 ) (496 0 -96 ) (496 1024 -96 ) (656 1024 -96 ) 
3 64 76 (656 48 -96 ) (656 112 -96 ) (720 112 -96 ) 
3 64 75 (944 112 -96 ) (1008 112 -96 ) (1008 48 -96 ) 
3 64 73 (656 560 -96 ) (656 624 -96 ) (720 624 -96 ) 
3 64 72 (944 624 -96 ) (1008 624 -96 ) (1008 560 -96 ) 
3 64 71 (1008 336 -96 ) (1008 272 -96 ) (944 272 -96 ) 
3 64 70 (656 272 -96 ) (656 336 -96 ) (720 272 -96 ) 
4 64 69 (656 624 -96 ) (656 1024 -96 ) (1008 1024 -96 ) (1008 624 -96 ) 
4 64 74 (656 112 -96 ) (656 272 -96 ) (1008 272 -96 ) (1008 112 -96 ) 
4 64 67 (1008 480 -96 ) (1008 536 -96 ) (1024 536 -96 ) (1024 480 -96 ) 
4 64 68 (1024 0 -96 ) (1008 0 -96 ) (1008 480 -96 ) (1024 480 -96 ) 
4 64 66 (1008 536 -96 ) (1008 560 -96 ) (1024 560 -96 ) (1024 536 -96 ) 
4 64 65 (1008 560 -96 ) (1008 1024 -96 ) (1024 1024 -96 ) (1024 560 -96 ) 
4 65 72 (1008 624 -288 ) (1008 560 -288 ) (1008 560 -96 ) (1008 624 -96 ) 
4 65 69 (1008 1024 -288 ) (1008 624 -288 ) (1008 624 -96 ) (1008 1024 -96 ) 
4 65 66 (1008 560 -96 ) (1008 560 -192 ) (1024 560 -192 ) (1024 560 -96 ) 
4 66 67 (1008 536 -96 ) (1008 536 -192 ) (1024 536 -192 ) (1024 536 -96 ) 
4 67 68 (1008 480 -96 ) (1008 480 -232 ) (1024 480 -232 ) (1024 480 -96 ) 
4 68 124 (1024 0 -288 ) (1024 0 -96 ) (1008 0 -96 ) (1008 0 -288 ) 
4 68 75 (1008 112 -288 ) (1008 48 -288 ) (1008 48 -96 ) (1008 112 -96 ) 
4 68 71 (1008 336 -288 ) (1008 272 -288 ) (1008 272 -96 ) (1008 336 -96 ) 
4 68 74 (1008 272 -288 ) (1008 112 -288 ) (1008 112 -96 ) (1008 272 -96 ) 
4 69 77 (656 1024 -288 ) (656 624 -288 ) (656 624 -96 ) (656 1024 -96 ) 
4 69 73 (656 624 -96 ) (656 624 -288 ) (720 624 -288 ) (720 624 -96 ) 
4 69 72 (944 624 -288 ) (1008 624 -288 ) (1008 624 -96 ) (944 624 -96 ) 
4 70 77 (656 336 -288 ) (656 272 -288 ) (656 272 -96 ) (656 336 -96 ) 
4 70 74 (656 272 -96 ) (656 272 -288 ) (720 272 -288 ) (720 272 -96 ) 
4 71 74 (944 272 -288 ) (1008 272 -288 ) (1008 272 -96 ) (944 272 -96 ) 
4 73 77 (656 624 -288 ) (656 560 -288 ) (656 560 -96 ) (656 624 -96 ) 
4 74 77 (656 272 -288 ) (656 112 -288 ) (656 112 -96 ) (656 272 -96 ) 
4 74 76 (656 112 -96 ) (656 112 -288 ) (720 112 -288 ) (720 112 -96 ) 
4 74 75 (944 112 -288 ) (1008 112 -288 ) (1008 112 -96 ) (944 112 -96 ) 
4 76 77 (656 112 -288 ) (656 48 -288 ) (656 48 -96 ) (656 112 -96 ) 
4 77 130 (656 0 -96 ) (496 0 -96 ) (496 0 -288 ) (656 0 -288 ) 
4 77 84 (496 112 -288 ) (496 48 -288 ) (496 48 -96 ) (496 112 -96 ) 
4 77 83 (496 272 -288 ) (496 112 -288 ) (496 112 -96 ) (496 272 -96 ) 
4 77 81 (496 624 -288 ) (496 560 -288 ) (496 560 -96 ) (496 624 -96 ) 
4 77 80 (496 336 -288 ) (496 272 -288 ) (496 272 -96 ) (496 336 -96 ) 
4 77 78 (496 1024 -288 ) (496 624 -288 ) (496 624 -96 ) (496 1024 -96 ) 
4 78 88 (144 1024 -192 ) (144 1024 -288 ) (144 624 -288 ) (144 624 -192 ) 
4 78 87 (144 1024 -96 ) (144 1024 -192 ) (144 624 -192 ) (144 624 -96 ) 
4 78 82 (208 624 -96 ) (144 624 -96 ) (144 624 -288 ) (208 624 -288 ) 
4 78 81 (496 624 -288 ) (496 624 -96 ) (432 624 -96 ) (432 624 -288 ) 
4 79 91 (144 336 -288 ) (144 272 -288 ) (144 272 -192 ) (144 336 -192 ) 
4 79 87 (144 272 -192 ) (144 272 -96 ) (144 336 -96 ) (144 336 -192 ) 
4 79 83 (208 272 -96 ) (144 272 -96 ) (144 272 -288 ) (208 272 -288 ) 
4 80 83 (496 272 -288 ) (496 272 -96 ) (432 272 -96 ) (432 272 -288 ) 
4 82 88 (144 624 -288 ) (144 560 -288 ) (144 560 -192 ) (144 624 -192 ) 
4 82 87 (144 560 -192 ) (144 560 -96 ) (144 624 -96 ) (144 624 -192 ) 
4 83 91 (144 272 -288 ) (144 112 -288 ) (144 112 -192 ) (144 272 -192 ) 
4 83 87 (144 112 -192 ) (144 112 -96 ) (144 272 -96 ) (144 272 -192 ) 
4 83 85 (208 112 -96 ) (144 112 -96 ) (144 112 -288 ) (208 112 -288 ) 
4 83 84 (496 112 -288 ) (496 112 -96 ) (432 112 -96 ) (432 112 -288 ) 
4 85 91 (144 112 -288 ) (144 48 -288 ) (144 48 -192 ) (144 112 -192 ) 
4 85 87 (144 48 -192 ) (144 48 -96 ) (144 112 -96 ) (144 112 -192 ) 
4 86 123 (0 0 112 ) (0 0 -96 ) (144 0 -96 ) (144 0 112 ) 
4 86 105 (0 1024 112 ) (0 1024 -96 ) (0 0 -96 ) (0 0 112 ) 
4 86 87 (0 0 -96 ) (0 1024 -96 ) (144 1024 -96 ) (144 0 -96 ) 
4 87 134 (88 0 -192 ) (144 0 -192 ) (144 0 -96 ) (88 0 -96 ) 
4 87 136 (0 0 -96 ) (0 0 -192 ) (88 0 -192 ) (88 0 -96 ) 
4 87 111 (0 204 -192 ) (0 180 -192 ) (0 180 -96 ) (0 204 -96 ) 
4 87 110 (0 464 -192 ) (0 204 -192 ) (0 204 -96 ) (0 464 -96 ) 
4 87 114 (0 180 -192 ) (0 0 -192 ) (0 0 -96 ) (0 180 -96 ) 
4 87 109 (0 528 -192 ) (0 464 -192 ) (0 464 -96 ) (0 528 -96 ) 
4 87 107 (0 768 -192 ) (0 704 -192 ) (0 704 -96 ) (0 768 -96 ) 
4 87 108 (0 704 -192 ) (0 528 -192 ) (0 528 -96 ) (0 704 -96 ) 
4 87 106 (0 1024 -96 ) (0 1024 -192 ) (0 768 -192 ) (0 768 -96 ) 
4 87 90 (144 536 -192 ) (144 480 -192 ) (88 480 -192 ) (88 536 -192 ) 
4 87 91 (144 480 -192 ) (144 0 -192 ) (88 0 -192 ) (88 480 -192 ) 
4 87 92 (88 0 -192 ) (0 0 -192 ) (0 536 -192 ) (88 536 -192 ) 
4 87 89 (32 536 -192 ) (0 536 -192 ) (0 560 -192 ) (32 560 -192 ) 
4 87 88 (0 1024 -192 ) (144 1024 -192 ) (144 560 -192 ) (0 560 -192 ) 
4 88 118 (0 704 -288 ) (0 560 -288 ) (0 560 -256 ) (0 704 -256 ) 
4 88 117 (0 768 -288 ) (0 704 -288 ) (0 704 -256 ) (0 768 -256 ) 
4 88 116 (0 1024 -256 ) (0 1024 -288 ) (0 768 -288 ) (0 768 -256 ) 
4 88 107 (0 768 -256 ) (0 704 -256 ) (0 704 -192 ) (0 768 -192 ) 
4 88 108 (0 704 -256 ) (0 560 -256 ) (0 560 -192 ) (0 704 -192 ) 
4 88 106 (0 1024 -192 ) (0 1024 -256 ) (0 768 -256 ) (0 768 -192 ) 
3 88 89 (32 560 -192 ) (0 560 -192 ) (0 560 -224 ) 
4 89 108 (0 536 -224 ) (0 536 -192 ) (0 560 -192 ) (0 560 -224 ) 
3 89 92 (32 536 -192 ) (0 536 -192 ) (0 536 -224 ) 
4 90 91 (88 480 -192 ) (88 480 -232 ) (144 480 -232 ) (144 480 -192 ) 
4 90 92 (88 536 -192 ) (88 536 -232 ) (88 480 -232 ) (88 480 -192 ) 
4 91 134 (88 0 -288 ) (144 0 -288 ) (144 0 -192 ) (88 0 -192 ) 
4 91 92 (88 480 -288 ) (88 0 -288 ) (88 0 -192 ) (88 480 -192 ) 
4 92 136 (0 0 -192 ) (0 0 -288 ) (88 0 -288 ) (88 0 -192 ) 
4 92 121 (0 204 -288 ) (0 0 -288 ) (0 0 -256 ) (0 204 -256 ) 
4 92 120 (0 464 -288 ) (0 204 -288 ) (0 204 -256 ) (0 464 -256 ) 
4 92 118 (0 536 -288 ) (0 464 -288 ) (0 464 -256 ) (0 536 -256 ) 
4 92 112 (0 180 -192 ) (0 204 -192 ) (0 204 -256 ) (0 180 -256 ) 
4 92 110 (0 204 -192 ) (0 464 -192 ) (0 464 -256 ) (0 204 -256 ) 
4 92 114 (0 0 -256 ) (0 0 -192 ) (0 180 -192 ) (0 180 -256 ) 
4 92 109 (0 464 -192 ) (0 528 -192 ) (0 528 -256 ) (0 464 -256 ) 
4 92 108 (0 528 -192 ) (0 536 -192 ) (0 536 -256 ) (0 528 -256 ) 
4 93 101 (656 124 -368 ) (656 120 -368 ) (616 120 -368 ) (616 124 -368 ) 
4 93 100 (600 264 -368 ) (656 264 -368 ) (656 124 -368 ) (600 124 -368 ) 
4 93 95 (600 204 -368 ) (600 180 -368 ) (600 180 -340 ) (600 204 -340 ) 
4 93 94 (600 264 -368 ) (600 204 -368 ) (600 204 -336 ) (600 264 -336 ) 
4 93 96 (600 180 -368 ) (600 120 -368 ) (600 120 -336 ) (600 180 -336 ) 
4 94 100 (552 264 -368 ) (600 264 -368 ) (600 204 -368 ) (552 204 -368 ) 
4 94 97 (552 264 -368 ) (552 204 -368 ) (552 204 -336 ) (552 264 -336 ) 
4 94 95 (552 204 -340 ) (552 204 -368 ) (600 204 -368 ) (600 204 -340 ) 
4 95 100 (600 204 -368 ) (600 180 -368 ) (552 180 -368 ) (552 204 -368 ) 
4 95 98 (552 193 -368 ) (552 191 -368 ) (552 191 -340 ) (552 193 -340 ) 
4 95 97 (552 204 -368 ) (552 193 -368 ) (552 193 -340 ) (552 204 -340 ) 
4 95 99 (552 191 -368 ) (552 180 -368 ) (552 180 -340 ) (552 191 -340 ) 
4 95 96 (552 180 -340 ) (552 180 -368 ) (600 180 -368 ) (600 180 -340 ) 
4 96 100 (600 180 -368 ) (600 124 -368 ) (552 124 -368 ) (552 180 -368 ) 
4 96 99 (552 180 -368 ) (552 120 -368 ) (552 120 -336 ) (552 180 -336 ) 
4 97 100 (496 193 -368 ) (496 264 -368 ) (552 264 -368 ) (552 193 -368 ) 
4 97 98 (496 193 -368 ) (552 193 -368 ) (552 193 -338 ) (496 193 -338 ) 
4 98 100 (496 191 -368 ) (496 193 -368 ) (552 193 -368 ) (552 191 -368 ) 
4 98 99 (496 191 -368 ) (552 191 -368 ) (552 191 -338 ) (496 191 -338 ) 
4 99 103 (496 120 -368 ) (496 124 -368 ) (536 124 -368 ) (536 120 -368 ) 
4 99 100 (496 124 -368 ) (496 191 -368 ) (552 191 -368 ) (552 124 -368 ) 
4 100 104 (496 124 -464 ) (496 264 -464 ) (656 264 -464 ) (656 124 -464 ) 
4 100 102 (612 124 -372 ) (540 124 -372 ) (540 124 -460 ) (612 124 -460 ) 
4 100 101 (616 124 -464 ) (656 124 -464 ) (656 124 -368 ) (616 124 -368 ) 
4 100 103 (496 124 -464 ) (536 124 -464 ) (536 124 -368 ) (496 124 -368 ) 
4 101 104 (616 124 -464 ) (656 124 -464 ) (656 120 -464 ) (616 120 -464 ) 
4 103 104 (496 120 -464 ) (496 124 -464 ) (536 124 -464 ) (536 120 -464 ) 
4 105 149 (0 0 -96 ) (0 0 112 ) (-384 0 112 ) (-384 0 -96 ) 
4 105 115 (-384 1024 112 ) (-384 1024 -96 ) (-384 0 -96 ) (-384 0 112 ) 
4 105 111 (-384 180 -96 ) (-384 204 -96 ) (0 204 -96 ) (0 180 -96 ) 
4 105 110 (-384 204 -96 ) (-384 464 -96 ) (0 464 -96 ) (0 204 -96 ) 
4 105 114 (-384 0 -96 ) (-384 180 -96 ) (0 180 -96 ) (0 0 -96 ) 
4 105 109 (-352 528 -96 ) (0 528 -96 ) (0 464 -96 ) (-352 464 -96 ) 
4 105 107 (-352 768 -96 ) (0 768 -96 ) (0 704 -96 ) (-352 704 -96 ) 
4 105 108 (-384 528 -96 ) (-384 704 -96 ) (0 704 -96 ) (0 528 -96 ) 
5 105 106 (-384 768 -96 ) (-384 896 -96 ) (-256 1024 -96 ) (0 1024 -96 ) (0 768 -96 ) 
5 106 116 (-256 1024 -256 ) (0 1024 -256 ) (0 768 -256 ) (-384 768 -256 ) (-384 896 -256 ) 
5 106 107 (0 768 -96 ) (-352 768 -96 ) (-352 768 -128 ) (-320 768 -256 ) (0 768 -256 ) 
4 107 117 (0 768 -256 ) (0 704 -256 ) (-320 704 -256 ) (-320 768 -256 ) 
5 107 108 (0 704 -96 ) (-352 704 -96 ) (-352 704 -128 ) (-320 704 -256 ) (0 704 -256 ) 
4 108 119 (-320 528 -256 ) (-384 528 -256 ) (-384 704 -256 ) (-320 704 -256 ) 
4 108 118 (0 704 -256 ) (0 528 -256 ) (-320 528 -256 ) (-320 704 -256 ) 
5 108 109 (0 528 -96 ) (-352 528 -96 ) (-352 528 -128 ) (-320 528 -256 ) (0 528 -256 ) 
4 109 118 (0 528 -256 ) (0 464 -256 ) (-320 464 -256 ) (-320 528 -256 ) 
5 109 110 (0 464 -96 ) (-352 464 -96 ) (-352 464 -128 ) (-320 464 -256 ) (0 464 -256 ) 
5 110 120 (0 464 -256 ) (0 204 -256 ) (-256 204 -256 ) (-384 336 -256 ) (-384 464 -256 ) 
3 110 113 (-128 204 -224 ) (-128 204 -192 ) (-160 204 -192 ) 
4 110 112 (-128 204 -256 ) (0 204 -256 ) (0 204 -192 ) (-128 204 -192 ) 
5 110 111 (0 204 -96 ) (-384 204 -96 ) (-384 204 -128 ) (-256 204 -192 ) (0 204 -192 ) 
4 111 113 (-128 180 -192 ) (-160 180 -192 ) (-160 204 -192 ) (-128 204 -192 ) 
4 111 112 (0 180 -192 ) (-128 180 -192 ) (-128 204 -192 ) (0 204 -192 ) 
5 111 114 (0 180 -96 ) (-384 180 -96 ) (-384 180 -128 ) (-256 180 -192 ) (0 180 -192 ) 
4 112 121 (0 204 -256 ) (0 180 -256 ) (-128 180 -256 ) (-128 204 -256 ) 
4 112 113 (-128 180 -224 ) (-128 180 -192 ) (-128 204 -192 ) (-128 204 -224 ) 
4 112 114 (-128 180 -256 ) (0 180 -256 ) (0 180 -192 ) (-128 180 -192 ) 
3 113 114 (-128 180 -224 ) (-128 180 -192 ) (-160 180 -192 ) 
4 114 151 (-320 0 -96 ) (-384 0 -96 ) (-384 0 -256 ) (-320 0 -256 ) 
4 114 150 (0 0 -256 ) (0 0 -96 ) (-320 0 -96 ) (-320 0 -256 ) 
5 114 122 (-128 0 -256 ) (-384 0 -256 ) (-384 48 -256 ) (-256 180 -256 ) (-128 180 -256 ) 
4 114 121 (0 180 -256 ) (0 0 -256 ) (-128 0 -256 ) (-128 180 -256 ) 
4 115 149 (-416 0 112 ) (-416 0 -96 ) (-384 0 -96 ) (-384 0 112 ) 
4 116 117 (-320 768 -288 ) (0 768 -288 ) (0 768 -256 ) (-320 768 -256 ) 
4 117 118 (-320 704 -288 ) (0 704 -288 ) (0 704 -256 ) (-320 704 -256 ) 
4 118 120 (-320 464 -288 ) (0 464 -288 ) (0 464 -256 ) (-320 464 -256 ) 
4 118 119 (-320 704 -256 ) (-320 704 -288 ) (-320 528 -288 ) (-320 528 -256 ) 
4 120 121 (-128 204 -288 ) (0 204 -288 ) (0 204 -256 ) (-128 204 -256 ) 
4 121 150 (0 0 -288 ) (0 0 -256 ) (-128 0 -256 ) (-128 0 -288 ) 
4 121 122 (-128 180 -288 ) (-128 0 -288 ) (-128 0 -256 ) (-128 180 -256 ) 
4 122 151 (-320 0 -256 ) (-384 0 -256 ) (-384 0 -288 ) (-320 0 -288 ) 
4 122 150 (-128 0 -256 ) (-320 0 -256 ) (-320 0 -288 ) (-128 0 -288 ) 
4 123 149 (0 0 112 ) (0 0 -96 ) (0 -648 -96 ) (0 -648 112 ) 
4 123 140 (1024 -648 -96 ) (1024 -648 112 ) (0 -648 112 ) (0 -648 -96 ) 
4 123 137 (0 -176 -96 ) (0 -152 -96 ) (144 -152 -96 ) (144 -176 -96 ) 
4 123 139 (144 -648 -96 ) (0 -648 -96 ) (0 -176 -96 ) (144 -176 -96 ) 
4 123 135 (144 -96 -96 ) (144 -152 -96 ) (88 -152 -96 ) (88 -96 -96 ) 
4 123 134 (88 0 -96 ) (144 0 -96 ) (144 -96 -96 ) (88 -96 -96 ) 
4 123 136 (0 -152 -96 ) (0 0 -96 ) (88 0 -96 ) (88 -152 -96 ) 
3 123 132 (496 -176 -96 ) (496 -240 -96 ) (432 -240 -96 ) 
3 123 131 (144 -240 -96 ) (144 -176 -96 ) (208 -240 -96 ) 
4 123 130 (496 0 -96 ) (656 0 -96 ) (656 -240 -96 ) (496 -240 -96 ) 
3 123 129 (1008 -176 -96 ) (1008 -240 -96 ) (944 -240 -96 ) 
3 123 128 (720 -240 -96 ) (656 -240 -96 ) (656 -176 -96 ) 
4 123 133 (1008 -648 -96 ) (144 -648 -96 ) (144 -240 -96 ) (1008 -240 -96 ) 
4 123 126 (1008 -176 -96 ) (1008 -152 -96 ) (1024 -152 -96 ) (1024 -176 -96 ) 
4 123 127 (1024 -648 -96 ) (1008 -648 -96 ) (1008 -176 -96 ) (1024 -176 -96 ) 
4 123 125 (1008 -152 -96 ) (1008 -96 -96 ) (1024 -96 -96 ) (1024 -152 -96 ) 
4 123 124 (1008 -96 -96 ) (1008 0 -96 ) (1024 0 -96 ) (1024 -96 -96 ) 
4 124 125 (1008 -96 -96 ) (1008 -96 -232 ) (1024 -96 -232 ) (1024 -96 -96 ) 
4 125 126 (1008 -152 -96 ) (1008 -152 -192 ) (1024 -152 -192 ) (1024 -152 -96 ) 
4 126 127 (1008 -176 -96 ) (1008 -176 -192 ) (1024 -176 -192 ) (1024 -176 -96 ) 
4 127 141 (1024 -648 -184 ) (1024 -648 -96 ) (1008 -648 -96 ) (1008 -648 -184 ) 
4 127 129 (1008 -176 -288 ) (1008 -240 -288 ) (1008 -240 -96 ) (1008 -176 -96 ) 
4 127 133 (1008 -240 -288 ) (1008 -648 -288 ) (1008 -648 -96 ) (1008 -240 -96 ) 
4 128 130 (656 -176 -288 ) (656 -240 -288 ) (656 -240 -96 ) (656 -176 -96 ) 
4 128 133 (656 -240 -288 ) (720 -240 -288 ) (720 -240 -96 ) (656 -240 -96 ) 
4 129 133 (944 -240 -288 ) (1008 -240 -288 ) (1008 -240 -96 ) (944 -240 -96 ) 
4 130 132 (496 -176 -288 ) (496 -240 -288 ) (496 -240 -96 ) (496 -176 -96 ) 
4 130 133 (496 -240 -288 ) (656 -240 -288 ) (656 -240 -96 ) (496 -240 -96 ) 
4 131 139 (144 -176 -288 ) (144 -240 -288 ) (144 -240 -96 ) (144 -176 -96 ) 
4 131 133 (144 -240 -96 ) (144 -240 -288 ) (208 -240 -288 ) (208 -240 -96 ) 
4 132 133 (432 -240 -288 ) (496 -240 -288 ) (496 -240 -96 ) (432 -240 -96 ) 
5 133 143 (472 -648 -96 ) (144 -648 -96 ) (144 -648 -184 ) (432 -648 -184 ) (472 -648 -128 ) 
4 133 142 (556 -648 -140 ) (556 -648 -180 ) (596 -648 -180 ) (596 -648 -140 ) 
5 133 141 (1008 -648 -184 ) (1008 -648 -96 ) (680 -648 -96 ) (680 -648 -128 ) (720 -648 -184 ) 
4 133 139 (144 -240 -288 ) (144 -648 -288 ) (144 -648 -96 ) (144 -240 -96 ) 
4 134 135 (88 -96 -96 ) (88 -96 -232 ) (144 -96 -232 ) (144 -96 -96 ) 
4 134 136 (88 0 -288 ) (88 -96 -288 ) (88 -96 -96 ) (88 0 -96 ) 
4 135 137 (144 -152 -192 ) (144 -152 -96 ) (88 -152 -96 ) (88 -152 -192 ) 
4 135 136 (88 -152 -232 ) (88 -152 -96 ) (88 -96 -96 ) (88 -96 -232 ) 
4 136 150 (0 0 -96 ) (0 0 -288 ) (0 -152 -288 ) (0 -152 -96 ) 
3 136 138 (32 -152 -192 ) (0 -152 -192 ) (0 -152 -224 ) 
4 136 137 (88 -152 -192 ) (88 -152 -96 ) (0 -152 -96 ) (0 -152 -192 ) 
4 137 150 (0 -176 -192 ) (0 -176 -96 ) (0 -152 -96 ) (0 -152 -192 ) 
4 137 138 (32 -176 -192 ) (0 -176 -192 ) (0 -152 -192 ) (32 -152 -192 ) 
4 137 139 (144 -176 -192 ) (144 -176 -96 ) (0 -176 -96 ) (0 -176 -192 ) 
4 138 150 (0 -176 -224 ) (0 -176 -192 ) (0 -152 -192 ) (0 -152 -224 ) 
3 138 139 (32 -176 -192 ) (0 -176 -192 ) (0 -176 -224 ) 
4 139 150 (0 -176 -288 ) (0 -648 -288 ) (0 -648 -96 ) (0 -176 -96 ) 
3 139 147 (24 -648 -184 ) (0 -648 -184 ) (0 -648 -256 ) 
4 139 143 (144 -648 -184 ) (144 -648 -96 ) (0 -648 -96 ) (0 -648 -184 ) 
4 140 149 (0 -648 112 ) (0 -648 -96 ) (0 -672 -96 ) (0 -672 112 ) 
4 140 144 (1024 -672 -96 ) (1024 -672 112 ) (0 -672 112 ) (0 -672 -96 ) 
4 140 143 (472 -672 -96 ) (0 -672 -96 ) (0 -648 -96 ) (472 -648 -96 ) 
4 140 141 (1024 -672 -96 ) (680 -672 -96 ) (680 -648 -96 ) (1024 -648 -96 ) 
5 141 145 (720 -672 -184 ) (1024 -672 -184 ) (1024 -672 -96 ) (680 -672 -96 ) (680 -672 -128 ) 
4 142 145 (596 -672 -180 ) (596 -672 -140 ) (556 -672 -140 ) (556 -672 -180 ) 
4 143 150 (0 -648 -96 ) (0 -648 -184 ) (0 -672 -184 ) (0 -672 -96 ) 
4 143 147 (0 -672 -184 ) (0 -648 -184 ) (24 -648 -184 ) (24 -672 -184 ) 
5 143 145 (0 -672 -184 ) (432 -672 -184 ) (472 -672 -128 ) (472 -672 -96 ) (0 -672 -96 ) 
4 144 149 (0 -672 112 ) (0 -672 -96 ) (0 -768 -96 ) (0 -768 112 ) 
4 144 146 (1024 -768 -96 ) (1024 -768 112 ) (0 -768 112 ) (0 -768 -96 ) 
4 144 145 (1024 -768 -96 ) (0 -768 -96 ) (0 -672 -96 ) (1024 -672 -96 ) 
4 145 150 (0 -672 -96 ) (0 -672 -184 ) (0 -768 -184 ) (0 -768 -96 ) 
4 145 148 (0 -768 -184 ) (0 -672 -184 ) (1024 -672 -184 ) (1024 -768 -184 ) 
4 146 149 (0 -768 112 ) (0 -768 -96 ) (0 -800 -96 ) (0 -800 112 ) 
4 147 150 (0 -672 -256 ) (0 -672 -184 ) (0 -648 -184 ) (0 -648 -256 ) 
3 147 148 (24 -672 -184 ) (0 -672 -184 ) (0 -672 -256 ) 
4 148 150 (0 -672 -288 ) (0 -768 -288 ) (0 -768 -184 ) (0 -672 -184 ) 
4 149 154 (-352 -320 -96 ) (-320 -320 -96 ) (-320 -384 -96 ) (-352 -384 -96 ) 
4 149 153 (-384 -320 -96 ) (-384 -144 -96 ) (-320 -144 -96 ) (-320 -320 -96 ) 
4 149 155 (-320 -576 -96 ) (-384 -512 -96 ) (-384 -384 -96 ) (-320 -384 -96 ) 
4 149 152 (-352 -80 -96 ) (-320 -80 -96 ) (-320 -144 -96 ) (-352 -144 -96 ) 
4 149 151 (-384 -80 -96 ) (-384 0 -96 ) (-320 0 -96 ) (-320 -80 -96 ) 
5 149 150 (-128 -768 -96 ) (-320 -576 -96 ) (-320 0 -96 ) (0 0 -96 ) (0 -768 -96 ) 
4 150 154 (-320 -384 -256 ) (-320 -384 -96 ) (-320 -320 -96 ) (-320 -320 -256 ) 
4 150 153 (-320 -144 -288 ) (-320 -320 -288 ) (-320 -320 -96 ) (-320 -144 -96 ) 
4 150 155 (-320 -384 -288 ) (-320 -576 -288 ) (-320 -576 -96 ) (-320 -384 -96 ) 
4 150 152 (-320 -144 -256 ) (-320 -144 -96 ) (-320 -80 -96 ) (-320 -80 -256 ) 
4 150 151 (-320 0 -288 ) (-320 -80 -288 ) (-320 -80 -96 ) (-320 0 -96 ) 
4 151 152 (-320 -80 -256 ) (-320 -80 -96 ) (-352 -80 -96 ) (-352 -80 -128 ) 
4 152 153 (-320 -144 -256 ) (-320 -144 -96 ) (-352 -144 -96 ) (-352 -144 -128 ) 
4 153 154 (-320 -320 -256 ) (-320 -320 -96 ) (-352 -320 -96 ) (-352 -320 -128 ) 
4 154 155 (-320 -384 -256 ) (-320 -384 -96 ) (-352 -384 -96 ) (-352 -384 -128 ) 
