


materialPath: F:\Program Files\Steam\steamapps\common\Counter-Strike Global Offensive\csgo\materials
Loading f:\workspace\game\counter-strike global offensive\maps\fy_snow\sdk_content\maps\fy_aztec_build1.vmf
Map revision 146
fixing up env_cubemap materials on brush sides...
0...1...2...3...4...5...6...7...8...9...100...1...2...3...4...5...6...7...8...9...10Processing areas...done (0)
Building Faces...done (0)
Chop Details...done (0)
Find Visible Detail Sides...done (0)
Merging details...done (0)
FixTjuncs...
PruneNodes...
WriteBSP...
done (0)
writing f:\workspace\game\counter-strike global offensive\maps\fy_snow\sdk_content\maps\fy_aztec_build1.prt...Building visibility clusters...
AutoVisClustering (threshold=-1) matched 0 leafs.
done (0)
Finding displacement neighbors...
Finding lightmap sample positions...
Displacement Alpha : 0...1...2...3...4...5...6...7...8...9...10
Building Physics collision data...
done (0) (125108 bytes)
Placing detail props : 0...1...2...3...4...5...6...7...8...9...10
Compacting texture/material tables...
Reduced 195 texinfos to 173
Reduced 23 texdatas to 22 (502 bytes to 474)
Writing f:\workspace\game\counter-strike global offensive\maps\fy_snow\sdk_content\maps\fy_aztec_build1.bsp
MSG_FILEWRITE - Filesystem was asked to write to 'f:\workspace\game\counter-strike global offensive\maps\fy_snow\sdk_content\maps\fy_aztec_build1.bsp', but we don't own that location. Allowing...
1 second elapsed



2 threads
reading f:\workspace\game\counter-strike global offensive\maps\fy_snow\sdk_content\maps\fy_aztec_build1.bsp
reading f:\workspace\game\counter-strike global offensive\maps\fy_snow\sdk_content\maps\fy_aztec_build1.prt
 154 portalclusters
 462 numportals
0...1...2...3...4...5...6...7...8...9...100...1...2...3...4...5...6...7...8...9...10Optimized: 12 visible clusters (0.00%)
Total clusters visible: 14810
Average clusters visible: 96
Building PAS...
Average clusters audible: 135
visdatasize:7236  compressed from 7392
writing f:\workspace\game\counter-strike global offensive\maps\fy_snow\sdk_content\maps\fy_aztec_build1.bsp
MSG_FILEWRITE - Filesystem was asked to write to 'f:\workspace\game\counter-strike global offensive\maps\fy_snow\sdk_content\maps\fy_aztec_build1.bsp', but we don't own that location. Allowing...
1 second elapsed



[Reading texlights from 'lights.rad']
[40 texlights parsed from 'lights.rad']

Loading f:\workspace\game\counter-strike global offensive\maps\fy_snow\sdk_content\maps\fy_aztec_build1.bsp
1308 faces
110901 square feet [15969749.00 square inches]
32 Displacements
1621 Square Feet [233472.00 Square Inches]
1308 patches before subdivision
59090 patches after subdivision
4 direct lights
0...1...


materialPath: F:\Program Files\Steam\steamapps\common\Counter-Strike Global Offensive\csgo\materials
Loading f:\workspace\game\counter-strike global offensive\maps\fy_snow\sdk_content\maps\fy_aztec_build1.vmf
Map revision 148
fixing up env_cubemap materials on brush sides...
0...1...2...3...4...5...6...7...8...9...100...1...2...3...4...5...6...7...8...9...10Processing areas...done (0)
Building Faces...done (0)
Chop Details...done (0)
Find Visible Detail Sides...done (0)
Merging details...done (0)
FixTjuncs...
PruneNodes...
WriteBSP...
done (0)
writing f:\workspace\game\counter-strike global offensive\maps\fy_snow\sdk_content\maps\fy_aztec_build1.prt...Building visibility clusters...
AutoVisClustering (threshold=-1) matched 0 leafs.
done (0)
Finding displacement neighbors...
Finding lightmap sample positions...
Displacement Alpha : 0...1...2...3...4...5...6...7...8...9...10
Building Physics collision data...
done (0) (125500 bytes)
Placing detail props : 0...1...2...3...4...5...6...7...8...9...10
Compacting texture/material tables...
Reduced 199 texinfos to 177
Reduced 23 texdatas to 22 (502 bytes to 474)
Writing f:\workspace\game\counter-strike global offensive\maps\fy_snow\sdk_content\maps\fy_aztec_build1.bsp
MSG_FILEWRITE - Filesystem was asked to write to 'f:\workspace\game\counter-strike global offensive\maps\fy_snow\sdk_content\maps\fy_aztec_build1.bsp', but we don't own that location. Allowing...
1 second elapsed



2 threads
reading f:\workspace\game\counter-strike global offensive\maps\fy_snow\sdk_content\maps\fy_aztec_build1.bsp
reading f:\workspace\game\counter-strike global offensive\maps\fy_snow\sdk_content\maps\fy_aztec_build1.prt
 156 portalclusters
 468 numportals
0...1...2...3...4...5...6...7...8...9...100...1...2...3...4...5...6...7...8...9...10Optimized: 12 visible clusters (0.00%)
Total clusters visible: 14854
Average clusters visible: 95
Building PAS...
Average clusters audible: 133
visdatasize:7505  compressed from 7488
writing f:\workspace\game\counter-strike global offensive\maps\fy_snow\sdk_content\maps\fy_aztec_build1.bsp
MSG_FILEWRITE - Filesystem was asked to write to 'f:\workspace\game\counter-strike global offensive\maps\fy_snow\sdk_content\maps\fy_aztec_build1.bsp', but we don't own that location. Allowing...
2 seconds elapsed



[Reading texlights from 'lights.rad']
[40 texlights parsed from 'lights.rad']

Loading f:\workspace\game\counter-strike global offensive\maps\fy_snow\sdk_content\maps\fy_aztec_build1.bsp
1376 faces
110902 square feet [15969965.00 square inches]
32 Displacements
1621 Square Feet [233472.00 Square Inches]
1376 patches before subdivision
66190 patches after subdivision
4 direct lights
0...1...2...3...4...5...6...7...8...9...100...1...2...3...4...5...6...7...8...9...10transfers 8129486, max 602
transfer lists:  62.0 megs
0...1...2...3...4...5...6...7...8...9...10	Bounce #1 added RGB(144878, 159545, 112643)
0...1...2...3...4...5...6...7...8...9...10	Bounce #2 added RGB(29732, 30679, 16236)
0...1...2...3...4...5...6...7...8...9...10	Bounce #3 added RGB(6937, 6538, 2765)
0...1...2...3...4...5...6...7...8...9...10	Bounce #4 added RGB(1861, 1599, 536)
0...1...2...3...4...5...6...7...8...9...10	Bounce #5 added RGB(539, 423, 113)
0...1...2...3...4...5...6...7...8...9...10	Bounce #6 added RGB(163, 117, 25)
0...1...2...3...4...5...6...7...8...9...10	Bounce #7 added RGB(50, 33, 6)
0...1...2...3...4...5...6...7...8...9...10	Bounce #8 added RGB(16, 10, 1)
0...1...2...3...4...5...6...7...8...9...10	Bounce #9 added RGB(5, 3, 0)
0...1...2...3...4...5...6...7...8...9...10	Bounce #10 added RGB(2, 1, 0)
0...1...2...3...4...5...6...7...8...9...10	Bounce #11 added RGB(1, 0, 0)
Build Patch/Sample Hash Table(s).....Done<0.0726 sec>
0...1...2...3...4...5...6...7...8...9...10FinalLightFace Done
0 of 0 (0% of) surface lights went in leaf ambient cubes.
0...1...2...3...4...5...6...7...8...9...10Writing leaf ambient...done
Ready to Finish

Object names       Objects/Maxobjs  Memory / Maxmem  Fullness 
------------       ---------------  ---------------  -------- 
models                   3/1024          144/49152    ( 0.3%) 
brushes                326/8192         3912/98304    ( 4.0%) 
brushsides            2497/81920       19976/655360   ( 3.0%) 
planes                 882/65536       17640/1310720  ( 1.3%) 
vertexes              1837/65536       22044/786432   ( 2.8%) 
nodes                  321/65536       10272/2097152  ( 0.5%) 
texinfos               177/12288       12744/884736   ( 1.4%) 
texdata                 22/4096          704/131072   ( 0.5%) 
dispinfos               32/0            5632/0        ( 0.0%) 
disp_verts             800/0           16000/0        ( 0.0%) 
disp_tris             1024/0            2048/0        ( 0.0%) 
disp_multiblend          0/0               0/0        ( 0.0%) 
disp_lmsamples       32544/0           32544/0        ( 0.0%) 
faces                 1376/65536       77056/3670016  ( 2.1%) 
hdr faces                0/65536           0/3670016  ( 0.0%) 
origfaces              609/65536       34104/3670016  ( 0.9%) 
facebrushes            344/0             688/0        ( 0.0%) 
facebrushlists        1376/0            5504/0        ( 0.0%) 
leaves                 325/65536       10400/2097152  ( 0.5%) 
leaffaces             2020/65536        4040/131072   ( 3.1%) 
leafbrushes            749/65536        1498/131072   ( 1.1%) 
areas                    3/1024           24/8192     ( 0.3%) 
surfedges             8769/512000      35076/2048000  ( 1.7%) 
edges                 4607/256000      18428/1024000  ( 1.8%) 
LDR worldlights          4/8192          400/819200   ( 0.0%) 
HDR worldlights          0/8192            0/819200   ( 0.0%) 
leafwaterdata            0/32768           0/393216   ( 0.0%) 
waterstrips             66/32768         660/327680   ( 0.2%) 
waterverts               0/65536           0/786432   ( 0.0%) 
waterindices           876/65536        1752/131072   ( 1.3%) 
cubemapsamples          13/1024          208/16384    ( 1.3%) 
overlays                 2/1024          704/360448   ( 0.2%) 
LDR lightdata         [variable]     3489956/0        ( 0.0%) 
HDR lightdata         [variable]           0/0        ( 0.0%) 
visdata               [variable]        7505/16777216 ( 0.0%) 
entdata               [variable]       27154/393216   ( 6.9%) 
LDR ambient table      325/65536        1300/262144   ( 0.5%) 
HDR ambient table      325/65536        1300/262144   ( 0.5%) 
LDR leaf ambient      1711/65536       47908/1835008  ( 2.6%) 
HDR leaf ambient       325/65536        9100/1835008  ( 0.5%) 
occluders                0/0               0/0        ( 0.0%) 
occluder polygons        0/0               0/0        ( 0.0%) 
occluder vert ind        0/0               0/0        ( 0.0%) 
detail props          [variable]           1/12       ( 8.3%) 
static props          [variable]           1/12       ( 8.3%) 
pakfile               [variable]     1041674/0        ( 0.0%) 
physics               [variable]      125500/4194304  ( 3.0%) 
physics terrain       [variable]        1698/1048576  ( 0.2%) 

Level flags = 7d

Total triangle count: 3533
Writing f:\workspace\game\counter-strike global offensive\maps\fy_snow\sdk_content\maps\fy_aztec_build1.bsp
MSG_FILEWRITE - Filesystem was asked to write to 'f:\workspace\game\counter-strike global offensive\maps\fy_snow\sdk_content\maps\fy_aztec_build1.bsp', but we don't own that location. Allowing...
7 minutes, 18 seconds elapsed



[Reading texlights from 'lights.rad']
[40 texlights parsed from 'lights.rad']

Loading f:\workspace\game\counter-strike global offensive\maps\fy_snow\sdk_content\maps\fy_aztec_build1.bsp
1376 faces
110902 square feet [15969965.00 square inches]
32 Displacements
1621 Square Feet [233472.00 Square Inches]
1376 patches before subdivision
66190 patches after subdivision
4 direct lights
0...1...2...3...4...5...6...7...8...9...100...1...2...3...4...5...6...7...8...9...10transfers 8129486, max 602
transfer lists:  62.0 megs
0...1...2...3...4...5...6...7...8...9...10	Bounce #1 added RGB(144877, 159543, 112642)
0...1...2...3...4...5...6...7...8...9...10	Bounce #2 added RGB(29732, 30679, 16236)
0...1...2...3...4...5...6...7...8...9...10	Bounce #3 added RGB(6937, 6538, 2765)
0...1...2...3...4...5...6...7...8...9...10	Bounce #4 added RGB(1861, 1599, 536)
0...1...2...3...4...5...6...7...8...9...10	Bounce #5 added RGB(539, 423, 113)
0...1...2...3...4...5...6...7...8...9...10	Bounce #6 added RGB(163, 117, 25)
0...1...2...3...4...5...6...7...8...9...10	Bounce #7 added RGB(50, 33, 6)
0...1...2...3...4...5...6...7...8...9...10	Bounce #8 added RGB(16, 10, 1)
0...1...2...3...4...5...6...7...8...9...10	Bounce #9 added RGB(5, 3, 0)
0...1...2...3...4...5...6...7...8...9...10	Bounce #10 added RGB(2, 1, 0)
0...1...2...3...4...5...6...7...8...9...10	Bounce #11 added RGB(1, 0, 0)
Build Patch/Sample Hash Table(s).....Done<0.1613 sec>
0...1...2...3...4...5...6...7...8...9...10FinalLightFace Done
0 of 0 (0% of) surface lights went in leaf ambient cubes.
0...1...2...3...4...5...6...7...8...9...10Writing leaf ambient...done
Ready to Finish

Object names       Objects/Maxobjs  Memory / Maxmem  Fullness 
------------       ---------------  ---------------  -------- 
models                   3/1024          144/49152    ( 0.3%) 
brushes                326/8192         3912/98304    ( 4.0%) 
brushsides            2497/81920       19976/655360   ( 3.0%) 
planes                 882/65536       17640/1310720  ( 1.3%) 
vertexes              1837/65536       22044/786432   ( 2.8%) 
nodes                  321/65536       10272/2097152  ( 0.5%) 
texinfos               177/12288       12744/884736   ( 1.4%) 
texdata                 22/4096          704/131072   ( 0.5%) 
dispinfos               32/0            5632/0        ( 0.0%) 
disp_verts             800/0           16000/0        ( 0.0%) 
disp_tris             1024/0            2048/0        ( 0.0%) 
disp_multiblend          0/0               0/0        ( 0.0%) 
disp_lmsamples       32544/0           32544/0        ( 0.0%) 
faces                 1376/65536       77056/3670016  ( 2.1%) 
hdr faces             1376/65536       77056/3670016  ( 2.1%) 
origfaces              609/65536       34104/3670016  ( 0.9%) 
facebrushes            344/0             688/0        ( 0.0%) 
facebrushlists        1376/0            5504/0        ( 0.0%) 
leaves                 325/65536       10400/2097152  ( 0.5%) 
leaffaces             2020/65536        4040/131072   ( 3.1%) 
leafbrushes            749/65536        1498/131072   ( 1.1%) 
areas                    3/1024           24/8192     ( 0.3%) 
surfedges             8769/512000      35076/2048000  ( 1.7%) 
edges                 4607/256000      18428/1024000  ( 1.8%) 
LDR worldlights          4/8192          400/819200   ( 0.0%) 
HDR worldlights          4/8192          400/819200   ( 0.0%) 
leafwaterdata            0/32768           0/393216   ( 0.0%) 
waterstrips             66/32768         660/327680   ( 0.2%) 
waterverts               0/65536           0/786432   ( 0.0%) 
waterindices           876/65536        1752/131072   ( 1.3%) 
cubemapsamples          13/1024          208/16384    ( 1.3%) 
overlays                 2/1024          704/360448   ( 0.2%) 
LDR lightdata         [variable]     3489956/0        ( 0.0%) 
HDR lightdata         [variable]     3489956/0        ( 0.0%) 
visdata               [variable]        7505/16777216 ( 0.0%) 
entdata               [variable]       27154/393216   ( 6.9%) 
LDR ambient table      325/65536        1300/262144   ( 0.5%) 
HDR ambient table      325/65536        1300/262144   ( 0.5%) 
LDR leaf ambient      1711/65536       47908/1835008  ( 2.6%) 
HDR leaf ambient      1711/65536       47908/1835008  ( 2.6%) 
occluders                0/0               0/0        ( 0.0%) 
occluder polygons        0/0               0/0        ( 0.0%) 
occluder vert ind        0/0               0/0        ( 0.0%) 
detail props          [variable]           1/12       ( 8.3%) 
static props          [variable]           1/12       ( 8.3%) 
pakfile               [variable]     1041674/0        ( 0.0%) 
physics               [variable]      125500/4194304  ( 3.0%) 
physics terrain       [variable]        1698/1048576  ( 0.2%) 

Level flags = 7f

Total triangle count: 3533
Writing f:\workspace\game\counter-strike global offensive\maps\fy_snow\sdk_content\maps\fy_aztec_build1.bsp
MSG_FILEWRITE - Filesystem was asked to write to 'f:\workspace\game\counter-strike global offensive\maps\fy_snow\sdk_content\maps\fy_aztec_build1.bsp', but we don't own that location. Allowing...
9 minutes, 49 seconds elapsed



materialPath: F:\Program Files\Steam\steamapps\common\Counter-Strike Global Offensive\csgo\materials
Loading f:\workspace\game\counter-strike global offensive\maps\fy_snow\sdk_content\maps\fy_aztec_build1.vmf
Map revision 149
fixing up env_cubemap materials on brush sides...
0...1...2...3...4...5...6...7...8...9...100...1...2...3...4...5...6...7...8...9...10Processing areas...done (0)
Building Faces...done (0)
Chop Details...done (0)
Find Visible Detail Sides...done (0)
Merging details...done (0)
FixTjuncs...
PruneNodes...
WriteBSP...
done (0)
writing f:\workspace\game\counter-strike global offensive\maps\fy_snow\sdk_content\maps\fy_aztec_build1.prt...Building visibility clusters...
AutoVisClustering (threshold=-1) matched 0 leafs.
done (0)
Finding displacement neighbors...
Finding lightmap sample positions...
Displacement Alpha : 0...1...2...3...4...5...6...7...8...9...10
Building Physics collision data...
done (0) (125500 bytes)
Placing detail props : 0...1...2...3...4...5...6...7...8...9...10
Compacting texture/material tables...
Reduced 199 texinfos to 177
Reduced 23 texdatas to 22 (502 bytes to 474)
Writing f:\workspace\game\counter-strike global offensive\maps\fy_snow\sdk_content\maps\fy_aztec_build1.bsp
MSG_FILEWRITE - Filesystem was asked to write to 'f:\workspace\game\counter-strike global offensive\maps\fy_snow\sdk_content\maps\fy_aztec_build1.bsp', but we don't own that location. Allowing...
2 seconds elapsed



2 threads
reading f:\workspace\game\counter-strike global offensive\maps\fy_snow\sdk_content\maps\fy_aztec_build1.bsp
reading f:\workspace\game\counter-strike global offensive\maps\fy_snow\sdk_content\maps\fy_aztec_build1.prt
 156 portalclusters
 468 numportals
0...1...2...3...4...5...6...7...8...9...100...1...2...3...4...5...6...7...8...9...10Optimized: 12 visible clusters (0.00%)
Total clusters visible: 14854
Average clusters visible: 95
Building PAS...
Average clusters audible: 133
visdatasize:7505  compressed from 7488
writing f:\workspace\game\counter-strike global offensive\maps\fy_snow\sdk_content\maps\fy_aztec_build1.bsp
MSG_FILEWRITE - Filesystem was asked to write to 'f:\workspace\game\counter-strike global offensive\maps\fy_snow\sdk_content\maps\fy_aztec_build1.bsp', but we don't own that location. Allowing...
2 seconds elapsed



[Reading texlights from 'lights.rad']
[40 texlights parsed from 'lights.rad']

Loading f:\workspace\game\counter-strike global offensive\maps\fy_snow\sdk_content\maps\fy_aztec_build1.bsp
1376 faces
110902 square feet [15969965.00 square inches]
32 Displacements
1621 Square Feet [233472.00 Square Inches]
1376 patches before subdivision
66190 patches after subdivision
4 direct lights
0...1...2...3...4...5...6...7...8...9...100...1...2...3...4...5...6...7...8...9...10transfers 8129486, max 602
transfer lists:  62.0 megs
0...1...2...3...4...5...6...7...8...9...10	Bounce #1 added RGB(144880, 159547, 112645)
0...1...2...3...4...5...6...7...8...9...10	Bounce #2 added RGB(29732, 30679, 16236)
0...1...2...3...4...5...6...7...8...9...10	Bounce #3 added RGB(6937, 6538, 2765)
0...1...2...3...4...5...6...7...8...9...10	Bounce #4 added RGB(1861, 1599, 536)
0...1...2...3...4...5...6...7...8...9...10	Bounce #5 added RGB(539, 423, 113)
0...1...2...3...4...5...6...7...8...9...10	Bounce #6 added RGB(163, 117, 25)
0...1...2...3...4...5...6...7...8...9...10	Bounce #7 added RGB(50, 33, 6)
0...1...2...3...4...5...6...7...8...9...10	Bounce #8 added RGB(16, 10, 1)
0...1...2...3...4...5...6...7...8...9...10	Bounce #9 added RGB(5, 3, 0)
0...1...2...3...4...5...6...7...8...9...10	Bounce #10 added RGB(2, 1, 0)
0...1...2...3...4...5...6...7...8...9...10	Bounce #11 added RGB(1, 0, 0)
Build Patch/Sample Hash Table(s).....Done<0.1099 sec>
0...1...2...3...4...5...6...7...8...9...10FinalLightFace Done
0 of 0 (0% of) surface lights went in leaf ambient cubes.
0...1...2...3...4...5...6...7...8...9...10Writing leaf ambient...done
Ready to Finish

Object names       Objects/Maxobjs  Memory / Maxmem  Fullness 
------------       ---------------  ---------------  -------- 
models                   3/1024          144/49152    ( 0.3%) 
brushes                326/8192         3912/98304    ( 4.0%) 
brushsides            2497/81920       19976/655360   ( 3.0%) 
planes                 882/65536       17640/1310720  ( 1.3%) 
vertexes              1837/65536       22044/786432   ( 2.8%) 
nodes                  321/65536       10272/2097152  ( 0.5%) 
texinfos               177/12288       12744/884736   ( 1.4%) 
texdata                 22/4096          704/131072   ( 0.5%) 
dispinfos               32/0            5632/0        ( 0.0%) 
disp_verts             800/0           16000/0        ( 0.0%) 
disp_tris             1024/0            2048/0        ( 0.0%) 
disp_multiblend          0/0               0/0        ( 0.0%) 
disp_lmsamples       32544/0           32544/0        ( 0.0%) 
faces                 1376/65536       77056/3670016  ( 2.1%) 
hdr faces                0/65536           0/3670016  ( 0.0%) 
origfaces              609/65536       34104/3670016  ( 0.9%) 
facebrushes            344/0             688/0        ( 0.0%) 
facebrushlists        1376/0            5504/0        ( 0.0%) 
leaves                 325/65536       10400/2097152  ( 0.5%) 
leaffaces             2020/65536        4040/131072   ( 3.1%) 
leafbrushes            749/65536        1498/131072   ( 1.1%) 
areas                    3/1024           24/8192     ( 0.3%) 
surfedges             8769/512000      35076/2048000  ( 1.7%) 
edges                 4607/256000      18428/1024000  ( 1.8%) 
LDR worldlights          4/8192          400/819200   ( 0.0%) 
HDR worldlights          0/8192            0/819200   ( 0.0%) 
leafwaterdata            0/32768           0/393216   ( 0.0%) 
waterstrips             66/32768         660/327680   ( 0.2%) 
waterverts               0/65536           0/786432   ( 0.0%) 
waterindices           876/65536        1752/131072   ( 1.3%) 
cubemapsamples          13/1024          208/16384    ( 1.3%) 
overlays                 2/1024          704/360448   ( 0.2%) 
LDR lightdata         [variable]     3489956/0        ( 0.0%) 
HDR lightdata         [variable]           0/0        ( 0.0%) 
visdata               [variable]        7505/16777216 ( 0.0%) 
entdata               [variable]       27156/393216   ( 6.9%) 
LDR ambient table      325/65536        1300/262144   ( 0.5%) 
HDR ambient table      325/65536        1300/262144   ( 0.5%) 
LDR leaf ambient      1711/65536       47908/1835008  ( 2.6%) 
HDR leaf ambient       325/65536        9100/1835008  ( 0.5%) 
occluders                0/0               0/0        ( 0.0%) 
occluder polygons        0/0               0/0        ( 0.0%) 
occluder vert ind        0/0               0/0        ( 0.0%) 
detail props          [variable]           1/12       ( 8.3%) 
static props          [variable]           1/12       ( 8.3%) 
pakfile               [variable]     1041674/0        ( 0.0%) 
physics               [variable]      125500/4194304  ( 3.0%) 
physics terrain       [variable]        1698/1048576  ( 0.2%) 

Level flags = 7d

Total triangle count: 3533
Writing f:\workspace\game\counter-strike global offensive\maps\fy_snow\sdk_content\maps\fy_aztec_build1.bsp
MSG_FILEWRITE - Filesystem was asked to write to 'f:\workspace\game\counter-strike global offensive\maps\fy_snow\sdk_content\maps\fy_aztec_build1.bsp', but we don't own that location. Allowing...
5 minutes, 41 seconds elapsed



[Reading texlights from 'lights.rad']
[40 texlights parsed from 'lights.rad']

Loading f:\workspace\game\counter-strike global offensive\maps\fy_snow\sdk_content\maps\fy_aztec_build1.bsp
1376 faces
110902 square feet [15969965.00 square inches]
32 Displacements
1621 Square Feet [233472.00 Square Inches]
1376 patches before subdivision
66190 patches after subdivision
4 direct lights
0...1...2...3...4...5...6...7...8...9...100...1...2...3...4...5...6...7...8...9...10transfers 8129486, max 602
transfer lists:  62.0 megs
0...1...2...3...4...5...6...7...8...9...10	Bounce #1 added RGB(144879, 159546, 112644)
0...1...2...3...4...5...6...7...8...9...10	Bounce #2 added RGB(29732, 30679, 16236)
0...1...2...3...4...5...6...7...8...9...10	Bounce #3 added RGB(6937, 6538, 2765)
0...1...2...3...4...5...6...7...8...9...10	Bounce #4 added RGB(1861, 1599, 536)
0...1...2...3...4...5...6...7...8...9...10	Bounce #5 added RGB(539, 423, 113)
0...1...2...3...4...5...6...7...8...9...10	Bounce #6 added RGB(163, 117, 25)
0...1...2...3...4...5...6...7...8...9...10	Bounce #7 added RGB(50, 33, 6)
0...1...2...3...4...5...6...7...8...9...10	Bounce #8 added RGB(16, 10, 1)
0...1...2...3...4...5...6...7...8...9...10	Bounce #9 added RGB(5, 3, 0)
0...1...2...3...4...5...6...7...8...9...10	Bounce #10 added RGB(2, 1, 0)
0...1...2...3...4...5...6...7...8...9...10	Bounce #11 added RGB(1, 0, 0)
Build Patch/Sample Hash Table(s).....Done<0.0626 sec>
0...1...2...3...4...5...6...7...8...9...10FinalLightFace Done
0 of 0 (0% of) surface lights went in leaf ambient cubes.
0...1...2...3...4...5...6...7...8...9...10Writing leaf ambient...done
Ready to Finish

Object names       Objects/Maxobjs  Memory / Maxmem  Fullness 
------------       ---------------  ---------------  -------- 
models                   3/1024          144/49152    ( 0.3%) 
brushes                326/8192         3912/98304    ( 4.0%) 
brushsides            2497/81920       19976/655360   ( 3.0%) 
planes                 882/65536       17640/1310720  ( 1.3%) 
vertexes              1837/65536       22044/786432   ( 2.8%) 
nodes                  321/65536       10272/2097152  ( 0.5%) 
texinfos               177/12288       12744/884736   ( 1.4%) 
texdata                 22/4096          704/131072   ( 0.5%) 
dispinfos               32/0            5632/0        ( 0.0%) 
disp_verts             800/0           16000/0        ( 0.0%) 
disp_tris             1024/0            2048/0        ( 0.0%) 
disp_multiblend          0/0               0/0        ( 0.0%) 
disp_lmsamples       32544/0           32544/0        ( 0.0%) 
faces                 1376/65536       77056/3670016  ( 2.1%) 
hdr faces             1376/65536       77056/3670016  ( 2.1%) 
origfaces              609/65536       34104/3670016  ( 0.9%) 
facebrushes            344/0             688/0        ( 0.0%) 
facebrushlists        1376/0            5504/0        ( 0.0%) 
leaves                 325/65536       10400/2097152  ( 0.5%) 
leaffaces             2020/65536        4040/131072   ( 3.1%) 
leafbrushes            749/65536        1498/131072   ( 1.1%) 
areas                    3/1024           24/8192     ( 0.3%) 
surfedges             8769/512000      35076/2048000  ( 1.7%) 
edges                 4607/256000      18428/1024000  ( 1.8%) 
LDR worldlights          4/8192          400/819200   ( 0.0%) 
HDR worldlights          4/8192          400/819200   ( 0.0%) 
leafwaterdata            0/32768           0/393216   ( 0.0%) 
waterstrips             66/32768         660/327680   ( 0.2%) 
waterverts               0/65536           0/786432   ( 0.0%) 
waterindices           876/65536        1752/131072   ( 1.3%) 
cubemapsamples          13/1024          208/16384    ( 1.3%) 
overlays                 2/1024          704/360448   ( 0.2%) 
LDR lightdata         [variable]     3489956/0        ( 0.0%) 
HDR lightdata         [variable]     3489956/0        ( 0.0%) 
visdata               [variable]        7505/16777216 ( 0.0%) 
entdata               [variable]       27156/393216   ( 6.9%) 
LDR ambient table      325/65536        1300/262144   ( 0.5%) 
HDR ambient table      325/65536        1300/262144   ( 0.5%) 
LDR leaf ambient      1711/65536       47908/1835008  ( 2.6%) 
HDR leaf ambient      1711/65536       47908/1835008  ( 2.6%) 
occluders                0/0               0/0        ( 0.0%) 
occluder polygons        0/0               0/0        ( 0.0%) 
occluder vert ind        0/0               0/0        ( 0.0%) 
detail props          [variable]           1/12       ( 8.3%) 
static props          [variable]           1/12       ( 8.3%) 
pakfile               [variable]     1041674/0        ( 0.0%) 
physics               [variable]      125500/4194304  ( 3.0%) 
physics terrain       [variable]        1698/1048576  ( 0.2%) 

Level flags = 7f

Total triangle count: 3533
Writing f:\workspace\game\counter-strike global offensive\maps\fy_snow\sdk_content\maps\fy_aztec_build1.bsp
MSG_FILEWRITE - Filesystem was asked to write to 'f:\workspace\game\counter-strike global offensive\maps\fy_snow\sdk_content\maps\fy_aztec_build1.bsp', but we don't own that location. Allowing...
5 minutes, 48 seconds elapsed



materialPath: F:\Program Files\Steam\steamapps\common\Counter-Strike Global Offensive\csgo\materials
Loading f:\workspace\game\counter-strike global offensive\maps\fy_snow\sdk_content\maps\fy_aztec_build1.vmf
Map revision 154
fixing up env_cubemap materials on brush sides...
0...1...2...3...4...5...6...7...8...9...100...1...2...3...4...5...6...7...8...9...10Processing areas...done (0)
Building Faces...done (0)
Chop Details...done (0)
Find Visible Detail Sides...done (0)
Merging details...done (0)
FixTjuncs...
PruneNodes...
WriteBSP...
done (0)
writing f:\workspace\game\counter-strike global offensive\maps\fy_snow\sdk_content\maps\fy_aztec_build1.prt...Building visibility clusters...
AutoVisClustering (threshold=-1) matched 0 leafs.
done (0)
Finding displacement neighbors...
Finding lightmap sample positions...
Displacement Alpha : 0...1...2...3...4...5...6...7...8...9...10
Building Physics collision data...
done (1) (125500 bytes)
Placing detail props : 0...1...2...3...4...5...6...7...8...9...10
Compacting texture/material tables...
Reduced 199 texinfos to 177
Reduced 23 texdatas to 22 (510 bytes to 482)
Writing f:\workspace\game\counter-strike global offensive\maps\fy_snow\sdk_content\maps\fy_aztec_build1.bsp
MSG_FILEWRITE - Filesystem was asked to write to 'f:\workspace\game\counter-strike global offensive\maps\fy_snow\sdk_content\maps\fy_aztec_build1.bsp', but we don't own that location. Allowing...
2 seconds elapsed



2 threads
reading f:\workspace\game\counter-strike global offensive\maps\fy_snow\sdk_content\maps\fy_aztec_build1.bsp
reading f:\workspace\game\counter-strike global offensive\maps\fy_snow\sdk_content\maps\fy_aztec_build1.prt
 156 portalclusters
 468 numportals
0...1...2...3...4...5...6...7...8...9...100...1...2...3...4...5...6...7...8...9...10Optimized: 12 visible clusters (0.00%)
Total clusters visible: 14854
Average clusters visible: 95
Building PAS...
Average clusters audible: 133
visdatasize:7505  compressed from 7488
writing f:\workspace\game\counter-strike global offensive\maps\fy_snow\sdk_content\maps\fy_aztec_build1.bsp
MSG_FILEWRITE - Filesystem was asked to write to 'f:\workspace\game\counter-strike global offensive\maps\fy_snow\sdk_content\maps\fy_aztec_build1.bsp', but we don't own that location. Allowing...
4 seconds elapsed



[Reading texlights from 'lights.rad']
[40 texlights parsed from 'lights.rad']

Loading f:\workspace\game\counter-strike global offensive\maps\fy_snow\sdk_content\maps\fy_aztec_build1.bsp
1376 faces
110902 square feet [15969965.00 square inches]
32 Displacements
1621 Square Feet [233472.00 Square Inches]
1376 patches before subdivision
66190 patches after subdivision
4 direct lights
0...1...2...3...4...5...6...7...8...9...100...1...2...3...4...5...6...7...8...9...10transfers 8129486, max 602
transfer lists:  62.0 megs
0...1...2...3...4...5...6...7...8...9...10	Bounce #1 added RGB(144879, 159546, 112644)
0...1...2...3...4...5...6...7...8...9...10	Bounce #2 added RGB(29732, 30679, 16236)
0...1...2...3...4...5...6...7...8...9...10	Bounce #3 added RGB(6937, 6538, 2765)
0...1...2...3...4...5...6...7...8...9...10	Bounce #4 added RGB(1861, 1599, 536)
0...1...2...3...4...5...6...7...8...9...10	Bounce #5 added RGB(539, 423, 113)
0...1...2...3...4...5...6...7...8...9...10	Bounce #6 added RGB(163, 117, 25)
0...1...2...3...4...5...6...7...8...9...10	Bounce #7 added RGB(50, 33, 6)
0...1...2...3...4...5...6...7...8...9...10	Bounce #8 added RGB(16, 10, 1)
0...1...2...3...4...5...6...7...8...9...10	Bounce #9 added RGB(5, 3, 0)
0...1...2...3...4...5...6...7...8...9...10	Bounce #10 added RGB(2, 1, 0)
0...1...2...3...4...5...6...7...8...9...10	Bounce #11 added RGB(1, 0, 0)
Build Patch/Sample Hash Table(s).....Done<0.0345 sec>
0...1...2...3...4...5...6...7...8...9...10FinalLightFace Done
0 of 0 (0% of) surface lights went in leaf ambient cubes.
0...1...2...3...4...5...6...7...8...9...10Writing leaf ambient...done
Ready to Finish

Object names       Objects/Maxobjs  Memory / Maxmem  Fullness 
------------       ---------------  ---------------  -------- 
models                   3/1024          144/49152    ( 0.3%) 
brushes                326/8192         3912/98304    ( 4.0%) 
brushsides            2497/81920       19976/655360   ( 3.0%) 
planes                 882/65536       17640/1310720  ( 1.3%) 
vertexes              1837/65536       22044/786432   ( 2.8%) 
nodes                  321/65536       10272/2097152  ( 0.5%) 
texinfos               177/12288       12744/884736   ( 1.4%) 
texdata                 22/4096          704/131072   ( 0.5%) 
dispinfos               32/0            5632/0        ( 0.0%) 
disp_verts             800/0           16000/0        ( 0.0%) 
disp_tris             1024/0            2048/0        ( 0.0%) 
disp_multiblend          0/0               0/0        ( 0.0%) 
disp_lmsamples       32544/0           32544/0        ( 0.0%) 
faces                 1376/65536       77056/3670016  ( 2.1%) 
hdr faces                0/65536           0/3670016  ( 0.0%) 
origfaces              609/65536       34104/3670016  ( 0.9%) 
facebrushes            344/0             688/0        ( 0.0%) 
facebrushlists        1376/0            5504/0        ( 0.0%) 
leaves                 325/65536       10400/2097152  ( 0.5%) 
leaffaces             2020/65536        4040/131072   ( 3.1%) 
leafbrushes            749/65536        1498/131072   ( 1.1%) 
areas                    3/1024           24/8192     ( 0.3%) 
surfedges             8769/512000      35076/2048000  ( 1.7%) 
edges                 4607/256000      18428/1024000  ( 1.8%) 
LDR worldlights          4/8192          400/819200   ( 0.0%) 
HDR worldlights          0/8192            0/819200   ( 0.0%) 
leafwaterdata            0/32768           0/393216   ( 0.0%) 
waterstrips             66/32768         660/327680   ( 0.2%) 
waterverts               0/65536           0/786432   ( 0.0%) 
waterindices           876/65536        1752/131072   ( 1.3%) 
cubemapsamples          13/1024          208/16384    ( 1.3%) 
overlays                 2/1024          704/360448   ( 0.2%) 
LDR lightdata         [variable]     3489956/0        ( 0.0%) 
HDR lightdata         [variable]           0/0        ( 0.0%) 
visdata               [variable]        7505/16777216 ( 0.0%) 
entdata               [variable]       27156/393216   ( 6.9%) 
LDR ambient table      325/65536        1300/262144   ( 0.5%) 
HDR ambient table      325/65536        1300/262144   ( 0.5%) 
LDR leaf ambient      1711/65536       47908/1835008  ( 2.6%) 
HDR leaf ambient       325/65536        9100/1835008  ( 0.5%) 
occluders                0/0               0/0        ( 0.0%) 
occluder polygons        0/0               0/0        ( 0.0%) 
occluder vert ind        0/0               0/0        ( 0.0%) 
detail props          [variable]           1/12       ( 8.3%) 
static props          [variable]           1/12       ( 8.3%) 
pakfile               [variable]     1041674/0        ( 0.0%) 
physics               [variable]      125500/4194304  ( 3.0%) 
physics terrain       [variable]        1698/1048576  ( 0.2%) 

Level flags = 7d

Total triangle count: 3533
Writing f:\workspace\game\counter-strike global offensive\maps\fy_snow\sdk_content\maps\fy_aztec_build1.bsp
MSG_FILEWRITE - Filesystem was asked to write to 'f:\workspace\game\counter-strike global offensive\maps\fy_snow\sdk_content\maps\fy_aztec_build1.bsp', but we don't own that location. Allowing...
7 minutes, 43 seconds elapsed



[Reading texlights from 'lights.rad']
[40 texlights parsed from 'lights.rad']

Loading f:\workspace\game\counter-strike global offensive\maps\fy_snow\sdk_content\maps\fy_aztec_build1.bsp
1376 faces
110902 square feet [15969965.00 square inches]
32 Displacements
1621 Square Feet [233472.00 Square Inches]
1376 patches before subdivision
66190 patches after subdivision
4 direct lights
0...1...2...3...4...5...6...7...8...9...100...1...2...3...4...5...6...7...8...9...10transfers 8129486, max 602
transfer lists:  62.0 megs
0...1...2...3...4...5...6...7...8...9...10	Bounce #1 added RGB(144879, 159545, 112643)
0...1...2...3...4...5...6...7...8...9...10	Bounce #2 added RGB(29732, 30679, 16236)
0...1...2...3...4...5...6...7...8...9...10	Bounce #3 added RGB(6937, 6538, 2765)
0...1...2...3...4...5...6...7...8...9...10	Bounce #4 added RGB(1861, 1599, 536)
0...1...2...3...4...5...6...7...8...9...10	Bounce #5 added RGB(539, 423, 113)
0...1...2...3...4...5...6...7...8...9...10	Bounce #6 added RGB(163, 117, 25)
0...1...2...3...4...5...6...7...8...9...10	Bounce #7 added RGB(50, 33, 6)
0...1...2...3...4...5...6...7...8...9...10	Bounce #8 added RGB(16, 10, 1)
0...1...2...3...4...5...6...7...8...9...10	Bounce #9 added RGB(5, 3, 0)
0...1...2...3...4...5...6...7...8...9...10	Bounce #10 added RGB(2, 1, 0)
0...1...2...3...4...5...6...7...8...9...10	Bounce #11 added RGB(1, 0, 0)
Build Patch/Sample Hash Table(s).....Done<0.0626 sec>
0...1...2...3...4...5...6...7...8...9...10FinalLightFace Done
0 of 0 (0% of) surface lights went in leaf ambient cubes.
0...1...2...3...4...5...6...7...8...9...10Writing leaf ambient...done
Ready to Finish

Object names       Objects/Maxobjs  Memory / Maxmem  Fullness 
------------       ---------------  ---------------  -------- 
models                   3/1024          144/49152    ( 0.3%) 
brushes                326/8192         3912/98304    ( 4.0%) 
brushsides            2497/81920       19976/655360   ( 3.0%) 
planes                 882/65536       17640/1310720  ( 1.3%) 
vertexes              1837/65536       22044/786432   ( 2.8%) 
nodes                  321/65536       10272/2097152  ( 0.5%) 
texinfos               177/12288       12744/884736   ( 1.4%) 
texdata                 22/4096          704/131072   ( 0.5%) 
dispinfos               32/0            5632/0        ( 0.0%) 
disp_verts             800/0           16000/0        ( 0.0%) 
disp_tris             1024/0            2048/0        ( 0.0%) 
disp_multiblend          0/0               0/0        ( 0.0%) 
disp_lmsamples       32544/0           32544/0        ( 0.0%) 
faces                 1376/65536       77056/3670016  ( 2.1%) 
hdr faces             1376/65536       77056/3670016  ( 2.1%) 
origfaces              609/65536       34104/3670016  ( 0.9%) 
facebrushes            344/0             688/0        ( 0.0%) 
facebrushlists        1376/0            5504/0        ( 0.0%) 
leaves                 325/65536       10400/2097152  ( 0.5%) 
leaffaces             2020/65536        4040/131072   ( 3.1%) 
leafbrushes            749/65536        1498/131072   ( 1.1%) 
areas                    3/1024           24/8192     ( 0.3%) 
surfedges             8769/512000      35076/2048000  ( 1.7%) 
edges                 4607/256000      18428/1024000  ( 1.8%) 
LDR worldlights          4/8192          400/819200   ( 0.0%) 
HDR worldlights          4/8192          400/819200   ( 0.0%) 
leafwaterdata            0/32768           0/393216   ( 0.0%) 
waterstrips             66/32768         660/327680   ( 0.2%) 
waterverts               0/65536           0/786432   ( 0.0%) 
waterindices           876/65536        1752/131072   ( 1.3%) 
cubemapsamples          13/1024          208/16384    ( 1.3%) 
overlays                 2/1024          704/360448   ( 0.2%) 
LDR lightdata         [variable]     3489956/0        ( 0.0%) 
HDR lightdata         [variable]     3489956/0        ( 0.0%) 
visdata               [variable]        7505/16777216 ( 0.0%) 
entdata               [variable]       27156/393216   ( 6.9%) 
LDR ambient table      325/65536        1300/262144   ( 0.5%) 
HDR ambient table      325/65536        1300/262144   ( 0.5%) 
LDR leaf ambient      1711/65536       47908/1835008  ( 2.6%) 
HDR leaf ambient      1711/65536       47908/1835008  ( 2.6%) 
occluders                0/0               0/0        ( 0.0%) 
occluder polygons        0/0               0/0        ( 0.0%) 
occluder vert ind        0/0               0/0        ( 0.0%) 
detail props          [variable]           1/12       ( 8.3%) 
static props          [variable]           1/12       ( 8.3%) 
pakfile               [variable]     1041674/0        ( 0.0%) 
physics               [variable]      125500/4194304  ( 3.0%) 
physics terrain       [variable]        1698/1048576  ( 0.2%) 

Level flags = 7f

Total triangle count: 3533
Writing f:\workspace\game\counter-strike global offensive\maps\fy_snow\sdk_content\maps\fy_aztec_build1.bsp
MSG_FILEWRITE - Filesystem was asked to write to 'f:\workspace\game\counter-strike global offensive\maps\fy_snow\sdk_content\maps\fy_aztec_build1.bsp', but we don't own that location. Allowing...
5 minutes, 28 seconds elapsed



materialPath: F:\Program Files\Steam\steamapps\common\Counter-Strike Global Offensive\csgo\materials
Loading f:\workspace\game\counter-strike global offensive\legacy\sdk_content\maps\fy_aztec_build1.vmf
Map revision 156
fixing up env_cubemap materials on brush sides...
0...1...2...3...4...5...6...7...8...9...100...1...2...3...4...5...6...7...8...9...10Processing areas...done (0)
Building Faces...done (0)
Chop Details...done (0)
Find Visible Detail Sides...done (0)
Merging details...done (0)
FixTjuncs...
PruneNodes...
WriteBSP...
done (0)
writing f:\workspace\game\counter-strike global offensive\legacy\sdk_content\maps\fy_aztec_build1.prt...Building visibility clusters...
AutoVisClustering (threshold=-1) matched 0 leafs.
done (0)
Finding displacement neighbors...
Finding lightmap sample positions...
Displacement Alpha : 0...1...2...3...4...5...6...7...8...9...10
Building Physics collision data...
done (0) (125500 bytes)
Placing detail props : 0...1...2...3...4...5...6...7...8...9...10
Compacting texture/material tables...
Reduced 199 texinfos to 177
Reduced 23 texdatas to 22 (511 bytes to 483)
Writing f:\workspace\game\counter-strike global offensive\legacy\sdk_content\maps\fy_aztec_build1.bsp
MSG_FILEWRITE - Filesystem was asked to write to 'f:\workspace\game\counter-strike global offensive\legacy\sdk_content\maps\fy_aztec_build1.bsp', but we don't own that location. Allowing...
2 seconds elapsed



2 threads
reading f:\workspace\game\counter-strike global offensive\legacy\sdk_content\maps\fy_aztec_build1.bsp
reading f:\workspace\game\counter-strike global offensive\legacy\sdk_content\maps\fy_aztec_build1.prt
 156 portalclusters
 468 numportals
0...1...2...3...4...5...6...7...8...9...100...1...2...3...4...5...6...7...8...9...10Optimized: 12 visible clusters (0.00%)
Total clusters visible: 14854
Average clusters visible: 95
Building PAS...
Average clusters audible: 133
visdatasize:7505  compressed from 7488
writing f:\workspace\game\counter-strike global offensive\legacy\sdk_content\maps\fy_aztec_build1.bsp
MSG_FILEWRITE - Filesystem was asked to write to 'f:\workspace\game\counter-strike global offensive\legacy\sdk_content\maps\fy_aztec_build1.bsp', but we don't own that location. Allowing...
3 seconds elapsed



[Reading texlights from 'lights.rad']
[40 texlights parsed from 'lights.rad']

Loading f:\workspace\game\counter-strike global offensive\legacy\sdk_content\maps\fy_aztec_build1.bsp
1376 faces
110902 square feet [15969965.00 square inches]
32 Displacements
1621 Square Feet [233472.00 Square Inches]
1376 patches before subdivision
66190 patches after subdivision
4 direct lights
0...1...2...3...4...5...6...7...8...9...100...1...2...3...4...5...6...7...8...9...10transfers 8129486, max 602
transfer lists:  62.0 megs
0...1...2...3...4...5...6...7...8...9...10	Bounce #1 added RGB(144878, 159544, 112642)
0...1...2...3...4...5...6...7...8...9...10	Bounce #2 added RGB(29732, 30679, 16236)
0...1...2...3...4...5...6...7...8...9...10	Bounce #3 added RGB(6937, 6538, 2765)
0...1...2...3...4...5...6...7...8...9...10	Bounce #4 added RGB(1861, 1599, 536)
0...1...2...3...4...5...6...7...8...9...10	Bounce #5 added RGB(539, 423, 113)
0...1...2...3...4...5...6...7...8...9...10	Bounce #6 added RGB(163, 117, 25)
0...1...2...3...4...5...6...7...8...9...10	Bounce #7 added RGB(50, 33, 6)
0...1...2...3...4...5...6...7...8...9...10	Bounce #8 added RGB(16, 10, 1)
0...1...2...3...4...5...6...7...8...9...10	Bounce #9 added RGB(5, 3, 0)
0...1...2...3...4...5...6...7...8...9...10	Bounce #10 added RGB(2, 1, 0)
0...1...2...3...4...5...6...7...8...9...10	Bounce #11 added RGB(1, 0, 0)
Build Patch/Sample Hash Table(s).....Done<0.0613 sec>
0...1...2...3...4...5...6...7...8...9...10FinalLightFace Done
0 of 0 (0% of) surface lights went in leaf ambient cubes.
0...1...2...3...4...5...6...7...8...9...10Writing leaf ambient...done
Ready to Finish

Object names       Objects/Maxobjs  Memory / Maxmem  Fullness 
------------       ---------------  ---------------  -------- 
models                   3/1024          144/49152    ( 0.3%) 
brushes                326/8192         3912/98304    ( 4.0%) 
brushsides            2497/81920       19976/655360   ( 3.0%) 
planes                 882/65536       17640/1310720  ( 1.3%) 
vertexes              1837/65536       22044/786432   ( 2.8%) 
nodes                  321/65536       10272/2097152  ( 0.5%) 
texinfos               177/12288       12744/884736   ( 1.4%) 
texdata                 22/4096          704/131072   ( 0.5%) 
dispinfos               32/0            5632/0        ( 0.0%) 
disp_verts             800/0           16000/0        ( 0.0%) 
disp_tris             1024/0            2048/0        ( 0.0%) 
disp_multiblend          0/0               0/0        ( 0.0%) 
disp_lmsamples       32544/0           32544/0        ( 0.0%) 
faces                 1376/65536       77056/3670016  ( 2.1%) 
hdr faces                0/65536           0/3670016  ( 0.0%) 
origfaces              609/65536       34104/3670016  ( 0.9%) 
facebrushes            344/0             688/0        ( 0.0%) 
facebrushlists        1376/0            5504/0        ( 0.0%) 
leaves                 325/65536       10400/2097152  ( 0.5%) 
leaffaces             2020/65536        4040/131072   ( 3.1%) 
leafbrushes            749/65536        1498/131072   ( 1.1%) 
areas                    3/1024           24/8192     ( 0.3%) 
surfedges             8769/512000      35076/2048000  ( 1.7%) 
edges                 4607/256000      18428/1024000  ( 1.8%) 
LDR worldlights          4/8192          400/819200   ( 0.0%) 
HDR worldlights          0/8192            0/819200   ( 0.0%) 
leafwaterdata            0/32768           0/393216   ( 0.0%) 
waterstrips             66/32768         660/327680   ( 0.2%) 
waterverts               0/65536           0/786432   ( 0.0%) 
waterindices           876/65536        1752/131072   ( 1.3%) 
cubemapsamples          13/1024          208/16384    ( 1.3%) 
overlays                 2/1024          704/360448   ( 0.2%) 
LDR lightdata         [variable]     3489956/0        ( 0.0%) 
HDR lightdata         [variable]           0/0        ( 0.0%) 
visdata               [variable]        7505/16777216 ( 0.0%) 
entdata               [variable]       27156/393216   ( 6.9%) 
LDR ambient table      325/65536        1300/262144   ( 0.5%) 
HDR ambient table      325/65536        1300/262144   ( 0.5%) 
LDR leaf ambient      1711/65536       47908/1835008  ( 2.6%) 
HDR leaf ambient       325/65536        9100/1835008  ( 0.5%) 
occluders                0/0               0/0        ( 0.0%) 
occluder polygons        0/0               0/0        ( 0.0%) 
occluder vert ind        0/0               0/0        ( 0.0%) 
detail props          [variable]           1/12       ( 8.3%) 
static props          [variable]           1/12       ( 8.3%) 
pakfile               [variable]     1041674/0        ( 0.0%) 
physics               [variable]      125500/4194304  ( 3.0%) 
physics terrain       [variable]        1698/1048576  ( 0.2%) 

Level flags = 7d

Total triangle count: 3533
Writing f:\workspace\game\counter-strike global offensive\legacy\sdk_content\maps\fy_aztec_build1.bsp
MSG_FILEWRITE - Filesystem was asked to write to 'f:\workspace\game\counter-strike global offensive\legacy\sdk_content\maps\fy_aztec_build1.bsp', but we don't own that location. Allowing...
8 minutes, 45 seconds elapsed



[Reading texlights from 'lights.rad']
[40 texlights parsed from 'lights.rad']

Loading f:\workspace\game\counter-strike global offensive\legacy\sdk_content\maps\fy_aztec_build1.bsp
1376 faces
110902 square feet [15969965.00 square inches]
32 Displacements
1621 Square Feet [233472.00 Square Inches]
1376 patches before subdivision
66190 patches after subdivision
4 direct lights
0...1...2...3...4...5...6...7...8...9...100...1...2...3...4...5...6...7...8...9...10transfers 8129486, max 602
transfer lists:  62.0 megs
0...1...2...3...4...5...6...7...8...9...10	Bounce #1 added RGB(144879, 159546, 112644)
0...1...2...3...4...5...6...7...8...9...10	Bounce #2 added RGB(29732, 30679, 16236)
0...1...2...3...4...5...6...7...8...9...10	Bounce #3 added RGB(6937, 6538, 2765)
0...1...2...3...4...5...6...7...8...9...10	Bounce #4 added RGB(1861, 1599, 536)
0...1...2...3...4...5...6...7...8...9...10	Bounce #5 added RGB(539, 423, 113)
0...1...2...3...4...5...6...7...8...9...10	Bounce #6 added RGB(163, 117, 25)
0...1...2...3...4...5...6...7...8...9...10	Bounce #7 added RGB(50, 33, 6)
0...1...2...3...4...5...6...7...8...9...10	Bounce #8 added RGB(16, 10, 1)
0...1...2...3...4...5...6...7...8...9...10	Bounce #9 added RGB(5, 3, 0)
0...1...2...3...4...5...6...7...8...9...10	Bounce #10 added RGB(2, 1, 0)
0...1...2...3...4...5...6...7...8...9...10	Bounce #11 added RGB(1, 0, 0)
Build Patch/Sample Hash Table(s).....Done<0.0800 sec>
0...1...2...3...4...5...6...7...8...9...10FinalLightFace Done
0 of 0 (0% of) surface lights went in leaf ambient cubes.
0...1...2...3...4...5...6...7...8...9...10Writing leaf ambient...done
Ready to Finish

Object names       Objects/Maxobjs  Memory / Maxmem  Fullness 
------------       ---------------  ---------------  -------- 
models                   3/1024          144/49152    ( 0.3%) 
brushes                326/8192         3912/98304    ( 4.0%) 
brushsides            2497/81920       19976/655360   ( 3.0%) 
planes                 882/65536       17640/1310720  ( 1.3%) 
vertexes              1837/65536       22044/786432   ( 2.8%) 
nodes                  321/65536       10272/2097152  ( 0.5%) 
texinfos               177/12288       12744/884736   ( 1.4%) 
texdata                 22/4096          704/131072   ( 0.5%) 
dispinfos               32/0            5632/0        ( 0.0%) 
disp_verts             800/0           16000/0        ( 0.0%) 
disp_tris             1024/0            2048/0        ( 0.0%) 
disp_multiblend          0/0               0/0        ( 0.0%) 
disp_lmsamples       32544/0           32544/0        ( 0.0%) 
faces                 1376/65536       77056/3670016  ( 2.1%) 
hdr faces             1376/65536       77056/3670016  ( 2.1%) 
origfaces              609/65536       34104/3670016  ( 0.9%) 
facebrushes            344/0             688/0        ( 0.0%) 
facebrushlists        1376/0            5504/0        ( 0.0%) 
leaves                 325/65536       10400/2097152  ( 0.5%) 
leaffaces             2020/65536        4040/131072   ( 3.1%) 
leafbrushes            749/65536        1498/131072   ( 1.1%) 
areas                    3/1024           24/8192     ( 0.3%) 
surfedges             8769/512000      35076/2048000  ( 1.7%) 
edges                 4607/256000      18428/1024000  ( 1.8%) 
LDR worldlights          4/8192          400/819200   ( 0.0%) 
HDR worldlights          4/8192          400/819200   ( 0.0%) 
leafwaterdata            0/32768           0/393216   ( 0.0%) 
waterstrips             66/32768         660/327680   ( 0.2%) 
waterverts               0/65536           0/786432   ( 0.0%) 
waterindices           876/65536        1752/131072   ( 1.3%) 
cubemapsamples          13/1024          208/16384    ( 1.3%) 
overlays                 2/1024          704/360448   ( 0.2%) 
LDR lightdata         [variable]     3489956/0        ( 0.0%) 
HDR lightdata         [variable]     3489956/0        ( 0.0%) 
visdata               [variable]        7505/16777216 ( 0.0%) 
entdata               [variable]       27156/393216   ( 6.9%) 
LDR ambient table      325/65536        1300/262144   ( 0.5%) 
HDR ambient table      325/65536        1300/262144   ( 0.5%) 
LDR leaf ambient      1711/65536       47908/1835008  ( 2.6%) 
HDR leaf ambient      1711/65536       47908/1835008  ( 2.6%) 
occluders                0/0               0/0        ( 0.0%) 
occluder polygons        0/0               0/0        ( 0.0%) 
occluder vert ind        0/0               0/0        ( 0.0%) 
detail props          [variable]           1/12       ( 8.3%) 
static props          [variable]           1/12       ( 8.3%) 
pakfile               [variable]     1041674/0        ( 0.0%) 
physics               [variable]      125500/4194304  ( 3.0%) 
physics terrain       [variable]        1698/1048576  ( 0.2%) 

Level flags = 7f

Total triangle count: 3533
Writing f:\workspace\game\counter-strike global offensive\legacy\sdk_content\maps\fy_aztec_build1.bsp
MSG_FILEWRITE - Filesystem was asked to write to 'f:\workspace\game\counter-strike global offensive\legacy\sdk_content\maps\fy_aztec_build1.bsp', but we don't own that location. Allowing...
13 minutes, 4 seconds elapsed
