


materialPath: F:\Program Files\Steam\steamapps\common\Counter-Strike Global Offensive\csgo\materials
Loading f:\workspace\game\counter-strike global offensive\legacy\sdk_content\maps\fy_dust_build1.vmf
Map revision 116
fixing up env_cubemap materials on brush sides...
0...1...2...3...4...5...6...7...8...9...100...1...2...3...4...5...6...7...8...9...10Processing areas...done (0)
Building Faces...done (0)
Chop Details...done (0)
Find Visible Detail Sides...done (0)
Merging details...done (0)
FixTjuncs...
PruneNodes...
WriteBSP...
done (0)
writing f:\workspace\game\counter-strike global offensive\legacy\sdk_content\maps\fy_dust_build1.prt...Building visibility clusters...
AutoVisClustering (threshold=-1) matched 0 leafs.
done (0)
Finding displacement neighbors...
Finding lightmap sample positions...
Displacement Alpha : 0...1...2...3...4...5...6...7...8...9...10
Building Physics collision data...
done (1) (65144 bytes)
Placing detail props : 0...1...2...3...4...5...6...7...8...9...10
Compacting texture/material tables...
Reduced 134 texinfos to 116
Reduced 16 texdatas to 16 (380 bytes to 380)
Writing f:\workspace\game\counter-strike global offensive\legacy\sdk_content\maps\fy_dust_build1.bsp
MSG_FILEWRITE - Filesystem was asked to write to 'f:\workspace\game\counter-strike global offensive\legacy\sdk_content\maps\fy_dust_build1.bsp', but we don't own that location. Allowing...
0 seconds elapsed



2 threads
reading f:\workspace\game\counter-strike global offensive\legacy\sdk_content\maps\fy_dust_build1.bsp
reading f:\workspace\game\counter-strike global offensive\legacy\sdk_content\maps\fy_dust_build1.prt
 150 portalclusters
 450 numportals
0...1...2...3...4...5...6...7...8...9...100...1...2...3...4...5...6...7...8...9...10Optimized: 12 visible clusters (0.00%)
Total clusters visible: 14746
Average clusters visible: 98
Building PAS...
Average clusters audible: 138
visdatasize:6831  compressed from 7200
writing f:\workspace\game\counter-strike global offensive\legacy\sdk_content\maps\fy_dust_build1.bsp
MSG_FILEWRITE - Filesystem was asked to write to 'f:\workspace\game\counter-strike global offensive\legacy\sdk_content\maps\fy_dust_build1.bsp', but we don't own that location. Allowing...
2 seconds elapsed



[Reading texlights from 'lights.rad']
[40 texlights parsed from 'lights.rad']

Loading f:\workspace\game\counter-strike global offensive\legacy\sdk_content\maps\fy_dust_build1.bsp
1142 faces
110897 square feet [15969175.00 square inches]
32 Displacements
1621 Square Feet [233472.00 Square Inches]
1142 patches before subdivision
59316 patches after subdivision
4 direct lights
0...1...2...3...4...5...6...7...8...9...100...1...2...3...4...5...6...7...8...9...10transfers 7435140, max 489
transfer lists:  56.7 megs
0...1...2...3...4...5...6...7...8...9...10	Bounce #1 added RGB(498273, 255071, 124433)
0...1...2...3...4...5...6...7...8...9...10	Bounce #2 added RGB(159464, 50624, 15134)
0...1...2...3...4...5...6...7...8...9...10	Bounce #3 added RGB(59801, 11451, 2036)
0...1...2...3...4...5...6...7...8...9...10	Bounce #4 added RGB(25549, 3034, 325)
0...1...2...3...4...5...6...7...8...9...10	Bounce #5 added RGB(12134, 905, 59)
0...1...2...3...4...5...6...7...8...9...10	Bounce #6 added RGB(6173, 294, 12)
0...1...2...3...4...5...6...7...8...9...10	Bounce #7 added RGB(3276, 101, 3)
0...1...2...3...4...5...6...7...8...9...10	Bounce #8 added RGB(1780, 35, 1)
0...1...2...3...4...5...6...7...8...9...10	Bounce #9 added RGB(980, 13, 0)
0...1...2...3...4...5...6...7...8...9...10	Bounce #10 added RGB(543, 5, 0)
0...1...2...3...4...5...6...7...8...9...10	Bounce #11 added RGB(302, 2, 0)
0...1...2...3...4...5...6...7...8...9...10	Bounce #12 added RGB(169, 1, 0)
0...1...2...3...4...5...6...7...8...9...10	Bounce #13 added RGB(94, 0, 0)
0...1...2...3...4...5...6...7...8...9...10	Bounce #14 added RGB(53, 0, 0)
0...1...2...3...4...5...6...7...8...9...10	Bounce #15 added RGB(29, 0, 0)
0...1...2...3...4...5...6...7...8...9...10	Bounce #16 added RGB(16, 0, 0)
0...1...2...3...4...5...6...7...8...9...10	Bounce #17 added RGB(9, 0, 0)
0...1...2...3...4...5...6...7...8...9...10	Bounce #18 added RGB(5, 0, 0)
0...1...2...3...4...5...6...7...8...9...10	Bounce #19 added RGB(3, 0, 0)
0...1...2...3...4...5...6...7...8...9...10	Bounce #20 added RGB(2, 0, 0)
0...1...2...3...4...5...6...7...8...9...10	Bounce #21 added RGB(1, 0, 0)
Build Patch/Sample Hash Table(s).....Done<0.0479 sec>
0...1...2...3...4...5...6...7...8...9...10FinalLightFace Done
0 of 0 (0% of) surface lights went in leaf ambient cubes.
0...1...2...3...4...5...6...7...8...9...10Writing leaf ambient...done
Ready to Finish

Object names       Objects/Maxobjs  Memory / Maxmem  Fullness 
------------       ---------------  ---------------  -------- 
models                   3/1024          144/49152    ( 0.3%) 
brushes                168/8192         2016/98304    ( 2.1%) 
brushsides            1165/81920        9320/655360   ( 1.4%) 
planes                 362/65536        7240/1310720  ( 0.6%) 
vertexes              1513/65536       18156/786432   ( 2.3%) 
nodes                  313/65536       10016/2097152  ( 0.5%) 
texinfos               116/12288        8352/884736   ( 0.9%) 
texdata                 16/4096          512/131072   ( 0.4%) 
dispinfos               32/0            5632/0        ( 0.0%) 
disp_verts             800/0           16000/0        ( 0.0%) 
disp_tris             1024/0            2048/0        ( 0.0%) 
disp_multiblend          0/0               0/0        ( 0.0%) 
disp_lmsamples       32544/0           32544/0        ( 0.0%) 
faces                 1142/65536       63952/3670016  ( 1.7%) 
hdr faces                0/65536           0/3670016  ( 0.0%) 
origfaces              452/65536       25312/3670016  ( 0.7%) 
facebrushes            156/0             312/0        ( 0.0%) 
facebrushlists        1142/0            4568/0        ( 0.0%) 
leaves                 317/65536       10144/2097152  ( 0.5%) 
leaffaces             1510/65536        3020/131072   ( 2.3%) 
leafbrushes            543/65536        1086/131072   ( 0.8%) 
areas                    3/1024           24/8192     ( 0.3%) 
surfedges             7017/512000      28068/2048000  ( 1.4%) 
edges                 3729/256000      14916/1024000  ( 1.5%) 
LDR worldlights          4/8192          400/819200   ( 0.0%) 
HDR worldlights          0/8192            0/819200   ( 0.0%) 
leafwaterdata            0/32768           0/393216   ( 0.0%) 
waterstrips             52/32768         520/327680   ( 0.2%) 
waterverts               0/65536           0/786432   ( 0.0%) 
waterindices           741/65536        1482/131072   ( 1.1%) 
cubemapsamples          13/1024          208/16384    ( 1.3%) 
overlays                 0/1024            0/360448   ( 0.0%) 
LDR lightdata         [variable]     3122748/0        ( 0.0%) 
HDR lightdata         [variable]           0/0        ( 0.0%) 
visdata               [variable]        6831/16777216 ( 0.0%) 
entdata               [variable]       26199/393216   ( 6.7%) 
LDR ambient table      317/65536        1268/262144   ( 0.5%) 
HDR ambient table      317/65536        1268/262144   ( 0.5%) 
LDR leaf ambient      1733/65536       48524/1835008  ( 2.6%) 
HDR leaf ambient       317/65536        8876/1835008  ( 0.5%) 
occluders                0/0               0/0        ( 0.0%) 
occluder polygons        0/0               0/0        ( 0.0%) 
occluder vert ind        0/0               0/0        ( 0.0%) 
detail props          [variable]           1/12       ( 8.3%) 
static props          [variable]           1/12       ( 8.3%) 
pakfile               [variable]     1041618/0        ( 0.0%) 
physics               [variable]       65144/4194304  ( 1.6%) 
physics terrain       [variable]        1698/1048576  ( 0.2%) 

Level flags = 7d

Total triangle count: 2881
Writing f:\workspace\game\counter-strike global offensive\legacy\sdk_content\maps\fy_dust_build1.bsp
MSG_FILEWRITE - Filesystem was asked to write to 'f:\workspace\game\counter-strike global offensive\legacy\sdk_content\maps\fy_dust_build1.bsp', but we don't own that location. Allowing...
9 minutes, 33 seconds elapsed



[Reading texlights from 'lights.rad']
[40 texlights parsed from 'lights.rad']

Loading f:\workspace\game\counter-strike global offensive\legacy\sdk_content\maps\fy_dust_build1.bsp
1142 faces
110897 square feet [15969175.00 square inches]
32 Displacements
1621 Square Feet [233472.00 Square Inches]
1142 patches before subdivision
59316 patches after subdivision
4 direct lights
0...1...2...3...4...5...6...7...8...9...100...1...2...3...4...5...6...7...8...9...10transfers 7435140, max 489
transfer lists:  56.7 megs
0...1...2...3...4...5...6...7...8...9...10	Bounce #1 added RGB(498274, 255071, 124433)
0...1...2...3...4...5...6...7...8...9...10	Bounce #2 added RGB(159464, 50624, 15134)
0...1...2...3...4...5...6...7...8...9...10	Bounce #3 added RGB(59801, 11451, 2036)
0...1...2...3...4...5...6...7...8...9...10	Bounce #4 added RGB(25549, 3034, 325)
0...1...2...3...4...5...6...7...8...9...10	Bounce #5 added RGB(12134, 905, 59)
0...1...2...3...4...5...6...7...8...9...10	Bounce #6 added RGB(6173, 294, 12)
0...1...2...3...4...5...6...7...8...9...10	Bounce #7 added RGB(3276, 101, 3)
0...1...2...3...4...5...6...7...8...9...10	Bounce #8 added RGB(1780, 35, 1)
0...1...2...3...4...5...6...7...8...9...10	Bounce #9 added RGB(980, 13, 0)
0...1...2...3...4...5...6...7...8...9...10	Bounce #10 added RGB(543, 5, 0)
0...1...2...3...4...5...6...7...8...9...10	Bounce #11 added RGB(302, 2, 0)
0...1...2...3...4...5...6...7...8...9...10	Bounce #12 added RGB(169, 1, 0)
0...1...2...3...4...5...6...7...8...9...10	Bounce #13 added RGB(94, 0, 0)
0...1...2...3...4...5...6...7...8...9...10	Bounce #14 added RGB(53, 0, 0)
0...1...2...3...4...5...6...7...8...9...10	Bounce #15 added RGB(29, 0, 0)
0...1...2...3...4...5...6...7...8...9...10	Bounce #16 added RGB(16, 0, 0)
0...1...2...3...4...5...6...7...8...9...10	Bounce #17 added RGB(9, 0, 0)
0...1...2...3...4...5...6...7...8...9...10	Bounce #18 added RGB(5, 0, 0)
0...1...2...3...4...5...6...7...8...9...10	Bounce #19 added RGB(3, 0, 0)
0...1...2...3...4...5...6...7...8...9...10	Bounce #20 added RGB(2, 0, 0)
0...1...2...3...4...5...6...7...8...9...10	Bounce #21 added RGB(1, 0, 0)
Build Patch/Sample Hash Table(s).....Done<0.0174 sec>
0...1...2...3...4...5...6...7...8...9...10FinalLightFace Done
0 of 0 (0% of) surface lights went in leaf ambient cubes.
0...1...2...3...4...5...6...7...8...9...10Writing leaf ambient...done
Ready to Finish

Object names       Objects/Maxobjs  Memory / Maxmem  Fullness 
------------       ---------------  ---------------  -------- 
models                   3/1024          144/49152    ( 0.3%) 
brushes                168/8192         2016/98304    ( 2.1%) 
brushsides            1165/81920        9320/655360   ( 1.4%) 
planes                 362/65536        7240/1310720  ( 0.6%) 
vertexes              1513/65536       18156/786432   ( 2.3%) 
nodes                  313/65536       10016/2097152  ( 0.5%) 
texinfos               116/12288        8352/884736   ( 0.9%) 
texdata                 16/4096          512/131072   ( 0.4%) 
dispinfos               32/0            5632/0        ( 0.0%) 
disp_verts             800/0           16000/0        ( 0.0%) 
disp_tris             1024/0            2048/0        ( 0.0%) 
disp_multiblend          0/0               0/0        ( 0.0%) 
disp_lmsamples       32544/0           32544/0        ( 0.0%) 
faces                 1142/65536       63952/3670016  ( 1.7%) 
hdr faces             1142/65536       63952/3670016  ( 1.7%) 
origfaces              452/65536       25312/3670016  ( 0.7%) 
facebrushes            156/0             312/0        ( 0.0%) 
facebrushlists        1142/0            4568/0        ( 0.0%) 
leaves                 317/65536       10144/2097152  ( 0.5%) 
leaffaces             1510/65536        3020/131072   ( 2.3%) 
leafbrushes            543/65536        1086/131072   ( 0.8%) 
areas                    3/1024           24/8192     ( 0.3%) 
surfedges             7017/512000      28068/2048000  ( 1.4%) 
edges                 3729/256000      14916/1024000  ( 1.5%) 
LDR worldlights          4/8192          400/819200   ( 0.0%) 
HDR worldlights          4/8192          400/819200   ( 0.0%) 
leafwaterdata            0/32768           0/393216   ( 0.0%) 
waterstrips             52/32768         520/327680   ( 0.2%) 
waterverts               0/65536           0/786432   ( 0.0%) 
waterindices           741/65536        1482/131072   ( 1.1%) 
cubemapsamples          13/1024          208/16384    ( 1.3%) 
overlays                 0/1024            0/360448   ( 0.0%) 
LDR lightdata         [variable]     3122748/0        ( 0.0%) 
HDR lightdata         [variable]     3122748/0        ( 0.0%) 
visdata               [variable]        6831/16777216 ( 0.0%) 
entdata               [variable]       26199/393216   ( 6.7%) 
LDR ambient table      317/65536        1268/262144   ( 0.5%) 
HDR ambient table      317/65536        1268/262144   ( 0.5%) 
LDR leaf ambient      1733/65536       48524/1835008  ( 2.6%) 
HDR leaf ambient      1733/65536       48524/1835008  ( 2.6%) 
occluders                0/0               0/0        ( 0.0%) 
occluder polygons        0/0               0/0        ( 0.0%) 
occluder vert ind        0/0               0/0        ( 0.0%) 
detail props          [variable]           1/12       ( 8.3%) 
static props          [variable]           1/12       ( 8.3%) 
pakfile               [variable]     1041618/0        ( 0.0%) 
physics               [variable]       65144/4194304  ( 1.6%) 
physics terrain       [variable]        1698/1048576  ( 0.2%) 

Level flags = 7f

Total triangle count: 2881
Writing f:\workspace\game\counter-strike global offensive\legacy\sdk_content\maps\fy_dust_build1.bsp
MSG_FILEWRITE - Filesystem was asked to write to 'f:\workspace\game\counter-strike global offensive\legacy\sdk_content\maps\fy_dust_build1.bsp', but we don't own that location. Allowing...
9 minutes, 27 seconds elapsed
