


materialPath: F:\Program Files\Steam\steamapps\common\Counter-Strike Global Offensive\csgo\materials
Loading f:\workspace\game\counter-strike global offensive\maps\fy_snow\sdk_content\maps\fy_snow_build1.vmf
Map revision 75
fixing up env_cubemap materials on brush sides...
0...1...2...3...4...5...6...7...8...9...100...1...2...3...4...5...6...7...8...9...10Processing areas...done (0)
Building Faces...done (0)
Chop Details...done (0)
Find Visible Detail Sides...done (0)
Merging details...done (0)
FixTjuncs...
PruneNodes...
WriteBSP...
done (0)
writing f:\workspace\game\counter-strike global offensive\maps\fy_snow\sdk_content\maps\fy_snow_build1.prt...Building visibility clusters...
AutoVisClustering (threshold=-1) matched 0 leafs.
done (0)
Finding displacement neighbors...
Finding lightmap sample positions...
Displacement Alpha : 0...1...2...3...4...5...6...7...8...9...10
Building Physics collision data...
done (1) (68168 bytes)
Placing detail props : 0...1...2...3...4...5...6...7...8...9...10
Compacting texture/material tables...
Reduced 141 texinfos to 120
Reduced 14 texdatas to 14 (344 bytes to 344)
Writing f:\workspace\game\counter-strike global offensive\maps\fy_snow\sdk_content\maps\fy_snow_build1.bsp
MSG_FILEWRITE - Filesystem was asked to write to 'f:\workspace\game\counter-strike global offensive\maps\fy_snow\sdk_content\maps\fy_snow_build1.bsp', but we don't own that location. Allowing...
2 seconds elapsed



2 threads
reading f:\workspace\game\counter-strike global offensive\maps\fy_snow\sdk_content\maps\fy_snow_build1.bsp
reading f:\workspace\game\counter-strike global offensive\maps\fy_snow\sdk_content\maps\fy_snow_build1.prt
 151 portalclusters
 458 numportals
0...1...2...3...4...5...6...7...8...9...100...1...2...3...4...5...6...7...8...9...10Optimized: 12 visible clusters (0.00%)
Total clusters visible: 15033
Average clusters visible: 99
Building PAS...
Average clusters audible: 139
visdatasize:6872  compressed from 7248
writing f:\workspace\game\counter-strike global offensive\maps\fy_snow\sdk_content\maps\fy_snow_build1.bsp
MSG_FILEWRITE - Filesystem was asked to write to 'f:\workspace\game\counter-strike global offensive\maps\fy_snow\sdk_content\maps\fy_snow_build1.bsp', but we don't own that location. Allowing...
3 seconds elapsed



[Reading texlights from 'lights.rad']
[40 texlights parsed from 'lights.rad']

Loading f:\workspace\game\counter-strike global offensive\maps\fy_snow\sdk_content\maps\fy_snow_build1.bsp
1174 faces
110559 square feet [15920607.00 square inches]
32 Displacements
1621 Square Feet [233472.00 Square Inches]
1174 patches before subdivision
59312 patches after subdivision
4 direct lights
0...1...2...3...4...5...6...7...8...9...100...1...2...3...4...5...6...7...8...9...10transfers 7432242, max 489
transfer lists:  56.7 megs
0...1...2...3...4...5...6...7...8...9...10	Bounce #1 added RGB(116869, 185558, 324037)
0...1...2...3...4...5...6...7...8...9...10	Bounce #2 added RGB(29310, 54811, 109470)
0...1...2...3...4...5...6...7...8...9...10	Bounce #3 added RGB(8476, 18644, 42568)
0...1...2...3...4...5...6...7...8...9...10	Bounce #4 added RGB(2645, 6730, 17684)
0...1...2...3...4...5...6...7...8...9...10	Bounce #5 added RGB(901, 2619, 7917)
0...1...2...3...4...5...6...7...8...9...10	Bounce #6 added RGB(324, 1066, 3710)
0...1...2...3...4...5...6...7...8...9...10	Bounce #7 added RGB(122, 449, 1800)
0...1...2...3...4...5...6...7...8...9...10	Bounce #8 added RGB(47, 194, 892)
0...1...2...3...4...5...6...7...8...9...10	Bounce #9 added RGB(18, 85, 449)
0...1...2...3...4...5...6...7...8...9...10	Bounce #10 added RGB(7, 37, 227)
0...1...2...3...4...5...6...7...8...9...10	Bounce #11 added RGB(3, 17, 116)
0...1...2...3...4...5...6...7...8...9...10	Bounce #12 added RGB(1, 7, 59)
0...1...2...3...4...5...6...7...8...9...10	Bounce #13 added RGB(0, 3, 30)
0...1...2...3...4...5...6...7...8...9...10	Bounce #14 added RGB(0, 1, 16)
0...1...2...3...4...5...6...7...8...9...10	Bounce #15 added RGB(0, 1, 8)
0...1...2...3...4...5...6...7...8...9...10	Bounce #16 added RGB(0, 0, 4)
0...1...2...3...4...5...6...7...8...9...10	Bounce #17 added RGB(0, 0, 2)
0...1...2...3...4...5...6...7...8...9...10	Bounce #18 added RGB(0, 0, 1)
0...1...2...3...4...5...6...7...8...9...10	Bounce #19 added RGB(0, 0, 1)
Build Patch/Sample Hash Table(s).....Done<0.0466 sec>
0...1...2...3...4...5...6...7...8...9...10FinalLightFace Done
0 of 0 (0% of) surface lights went in leaf ambient cubes.
0...1...2...3...4...5...6...7...8...9...10Writing leaf ambient...done
Ready to Finish

Object names       Objects/Maxobjs  Memory / Maxmem  Fullness 
------------       ---------------  ---------------  -------- 
models                   3/1024          144/49152    ( 0.3%) 
brushes                174/8192         2088/98304    ( 2.1%) 
brushsides            1209/81920        9672/655360   ( 1.5%) 
planes                 362/65536        7240/1310720  ( 0.6%) 
vertexes              1553/65536       18636/786432   ( 2.4%) 
nodes                  327/65536       10464/2097152  ( 0.5%) 
texinfos               120/12288        8640/884736   ( 1.0%) 
texdata                 14/4096          448/131072   ( 0.3%) 
dispinfos               32/0            5632/0        ( 0.0%) 
disp_verts             800/0           16000/0        ( 0.0%) 
disp_tris             1024/0            2048/0        ( 0.0%) 
disp_multiblend          0/0               0/0        ( 0.0%) 
disp_lmsamples       31536/0           31536/0        ( 0.0%) 
faces                 1174/65536       65744/3670016  ( 1.8%) 
hdr faces                0/65536           0/3670016  ( 0.0%) 
origfaces              482/65536       26992/3670016  ( 0.7%) 
facebrushes            156/0             312/0        ( 0.0%) 
facebrushlists        1174/0            4696/0        ( 0.0%) 
leaves                 331/65536       10592/2097152  ( 0.5%) 
leaffaces             1542/65536        3084/131072   ( 2.4%) 
leafbrushes            550/65536        1100/131072   ( 0.8%) 
areas                    3/1024           24/8192     ( 0.3%) 
surfedges             7289/512000      29156/2048000  ( 1.4%) 
edges                 3869/256000      15476/1024000  ( 1.5%) 
LDR worldlights          4/8192          400/819200   ( 0.0%) 
HDR worldlights          0/8192            0/819200   ( 0.0%) 
leafwaterdata            0/32768           0/393216   ( 0.0%) 
waterstrips             52/32768         520/327680   ( 0.2%) 
waterverts               0/65536           0/786432   ( 0.0%) 
waterindices           741/65536        1482/131072   ( 1.1%) 
cubemapsamples          13/1024          208/16384    ( 1.3%) 
overlays                 0/1024            0/360448   ( 0.0%) 
LDR lightdata         [variable]     3115444/0        ( 0.0%) 
HDR lightdata         [variable]           0/0        ( 0.0%) 
visdata               [variable]        6872/16777216 ( 0.0%) 
entdata               [variable]       27616/393216   ( 7.0%) 
LDR ambient table      331/65536        1324/262144   ( 0.5%) 
HDR ambient table      331/65536        1324/262144   ( 0.5%) 
LDR leaf ambient      1796/65536       50288/1835008  ( 2.7%) 
HDR leaf ambient       331/65536        9268/1835008  ( 0.5%) 
occluders                0/0               0/0        ( 0.0%) 
occluder polygons        0/0               0/0        ( 0.0%) 
occluder vert ind        0/0               0/0        ( 0.0%) 
detail props          [variable]           1/12       ( 8.3%) 
static props          [variable]           1/12       ( 8.3%) 
pakfile               [variable]     1041618/0        ( 0.0%) 
physics               [variable]       68168/4194304  ( 1.6%) 
physics terrain       [variable]        1698/1048576  ( 0.2%) 

Level flags = 7d

Total triangle count: 2961
Writing f:\workspace\game\counter-strike global offensive\maps\fy_snow\sdk_content\maps\fy_snow_build1.bsp
MSG_FILEWRITE - Filesystem was asked to write to 'f:\workspace\game\counter-strike global offensive\maps\fy_snow\sdk_content\maps\fy_snow_build1.bsp', but we don't own that location. Allowing...
4 minutes, 22 seconds elapsed



[Reading texlights from 'lights.rad']
[40 texlights parsed from 'lights.rad']

Loading f:\workspace\game\counter-strike global offensive\maps\fy_snow\sdk_content\maps\fy_snow_build1.bsp
1174 faces
110559 square feet [15920607.00 square inches]
32 Displacements
1621 Square Feet [233472.00 Square Inches]
1174 patches before subdivision
59312 patches after subdivision
4 direct lights
0...1...2...3...4...5...6...7...8...9...100...1...2...3...4...5...6...7...8...9...10transfers 7432242, max 489
transfer lists:  56.7 megs
0...1...2...3...4...5...6...7...8...9...10	Bounce #1 added RGB(116869, 185558, 324036)
0...1...2...3...4...5...6...7...8...9...10	Bounce #2 added RGB(29310, 54811, 109470)
0...1...2...3...4...5...6...7...8...9...10	Bounce #3 added RGB(8476, 18644, 42568)
0...1...2...3...4...5...6...7...8...9...10	Bounce #4 added RGB(2645, 6730, 17684)
0...1...2...3...4...5...6...7...8...9...10	Bounce #5 added RGB(901, 2619, 7917)
0...1...2...3...4...5...6...7...8...9...10	Bounce #6 added RGB(324, 1066, 3710)
0...1...2...3...4...5...6...7...8...9...10	Bounce #7 added RGB(122, 449, 1800)
0...1...2...3...4...5...6...7...8...9...10	Bounce #8 added RGB(47, 194, 892)
0...1...2...3...4...5...6...7...8...9...10	Bounce #9 added RGB(18, 85, 449)
0...1...2...3...4...5...6...7...8...9...10	Bounce #10 added RGB(7, 37, 227)
0...1...2...3...4...5...6...7...8...9...10	Bounce #11 added RGB(3, 17, 116)
0...1...2...3...4...5...6...7...8...9...10	Bounce #12 added RGB(1, 7, 59)
0...1...2...3...4...5...6...7...8...9...10	Bounce #13 added RGB(0, 3, 30)
0...1...2...3...4...5...6...7...8...9...10	Bounce #14 added RGB(0, 1, 16)
0...1...2...3...4...5...6...7...8...9...10	Bounce #15 added RGB(0, 1, 8)
0...1...2...3...4...5...6...7...8...9...10	Bounce #16 added RGB(0, 0, 4)
0...1...2...3...4...5...6...7...8...9...10	Bounce #17 added RGB(0, 0, 2)
0...1...2...3...4...5...6...7...8...9...10	Bounce #18 added RGB(0, 0, 1)
0...1...2...3...4...5...6...7...8...9...10	Bounce #19 added RGB(0, 0, 1)
Build Patch/Sample Hash Table(s).....Done<0.0229 sec>
0...1...2...3...4...5...6...7...8...9...10FinalLightFace Done
0 of 0 (0% of) surface lights went in leaf ambient cubes.
0...1...2...3...4...5...6...7...8...9...10Writing leaf ambient...done
Ready to Finish

Object names       Objects/Maxobjs  Memory / Maxmem  Fullness 
------------       ---------------  ---------------  -------- 
models                   3/1024          144/49152    ( 0.3%) 
brushes                174/8192         2088/98304    ( 2.1%) 
brushsides            1209/81920        9672/655360   ( 1.5%) 
planes                 362/65536        7240/1310720  ( 0.6%) 
vertexes              1553/65536       18636/786432   ( 2.4%) 
nodes                  327/65536       10464/2097152  ( 0.5%) 
texinfos               120/12288        8640/884736   ( 1.0%) 
texdata                 14/4096          448/131072   ( 0.3%) 
dispinfos               32/0            5632/0        ( 0.0%) 
disp_verts             800/0           16000/0        ( 0.0%) 
disp_tris             1024/0            2048/0        ( 0.0%) 
disp_multiblend          0/0               0/0        ( 0.0%) 
disp_lmsamples       31536/0           31536/0        ( 0.0%) 
faces                 1174/65536       65744/3670016  ( 1.8%) 
hdr faces             1174/65536       65744/3670016  ( 1.8%) 
origfaces              482/65536       26992/3670016  ( 0.7%) 
facebrushes            156/0             312/0        ( 0.0%) 
facebrushlists        1174/0            4696/0        ( 0.0%) 
leaves                 331/65536       10592/2097152  ( 0.5%) 
leaffaces             1542/65536        3084/131072   ( 2.4%) 
leafbrushes            550/65536        1100/131072   ( 0.8%) 
areas                    3/1024           24/8192     ( 0.3%) 
surfedges             7289/512000      29156/2048000  ( 1.4%) 
edges                 3869/256000      15476/1024000  ( 1.5%) 
LDR worldlights          4/8192          400/819200   ( 0.0%) 
HDR worldlights          4/8192          400/819200   ( 0.0%) 
leafwaterdata            0/32768           0/393216   ( 0.0%) 
waterstrips             52/32768         520/327680   ( 0.2%) 
waterverts               0/65536           0/786432   ( 0.0%) 
waterindices           741/65536        1482/131072   ( 1.1%) 
cubemapsamples          13/1024          208/16384    ( 1.3%) 
overlays                 0/1024            0/360448   ( 0.0%) 
LDR lightdata         [variable]     3115444/0        ( 0.0%) 
HDR lightdata         [variable]     3115444/0        ( 0.0%) 
visdata               [variable]        6872/16777216 ( 0.0%) 
entdata               [variable]       27616/393216   ( 7.0%) 
LDR ambient table      331/65536        1324/262144   ( 0.5%) 
HDR ambient table      331/65536        1324/262144   ( 0.5%) 
LDR leaf ambient      1796/65536       50288/1835008  ( 2.7%) 
HDR leaf ambient      1796/65536       50288/1835008  ( 2.7%) 
occluders                0/0               0/0        ( 0.0%) 
occluder polygons        0/0               0/0        ( 0.0%) 
occluder vert ind        0/0               0/0        ( 0.0%) 
detail props          [variable]           1/12       ( 8.3%) 
static props          [variable]           1/12       ( 8.3%) 
pakfile               [variable]     1041618/0        ( 0.0%) 
physics               [variable]       68168/4194304  ( 1.6%) 
physics terrain       [variable]        1698/1048576  ( 0.2%) 

Level flags = 7f

Total triangle count: 2961
Writing f:\workspace\game\counter-strike global offensive\maps\fy_snow\sdk_content\maps\fy_snow_build1.bsp
MSG_FILEWRITE - Filesystem was asked to write to 'f:\workspace\game\counter-strike global offensive\maps\fy_snow\sdk_content\maps\fy_snow_build1.bsp', but we don't own that location. Allowing...
4 minutes, 41 seconds elapsed



materialPath: F:\Program Files\Steam\steamapps\common\Counter-Strike Global Offensive\csgo\materials
Loading f:\workspace\game\counter-strike global offensive\maps\fy_snow\sdk_content\maps\fy_snow_build1.vmf
Map revision 76
fixing up env_cubemap materials on brush sides...
0...1...2...3...4...5...6...7...8...9...100...1...2...3...4...5...6...7...8...9...10Processing areas...done (0)
Building Faces...done (0)
Chop Details...done (0)
Find Visible Detail Sides...done (0)
Merging details...done (0)
FixTjuncs...
PruneNodes...
WriteBSP...
done (0)
writing f:\workspace\game\counter-strike global offensive\maps\fy_snow\sdk_content\maps\fy_snow_build1.prt...Building visibility clusters...
AutoVisClustering (threshold=-1) matched 0 leafs.
done (0)
Finding displacement neighbors...
Finding lightmap sample positions...
Displacement Alpha : 0...1...2...3...4...5...6...7...8...9...10
Building Physics collision data...
done (0) (65144 bytes)
Placing detail props : 0...1...2...3...4...5...6...7...8...9...10
Compacting texture/material tables...
Reduced 113 texinfos to 95
Reduced 14 texdatas to 14 (344 bytes to 344)
Writing f:\workspace\game\counter-strike global offensive\maps\fy_snow\sdk_content\maps\fy_snow_build1.bsp
MSG_FILEWRITE - Filesystem was asked to write to 'f:\workspace\game\counter-strike global offensive\maps\fy_snow\sdk_content\maps\fy_snow_build1.bsp', but we don't own that location. Allowing...
1 second elapsed



2 threads
reading f:\workspace\game\counter-strike global offensive\maps\fy_snow\sdk_content\maps\fy_snow_build1.bsp
reading f:\workspace\game\counter-strike global offensive\maps\fy_snow\sdk_content\maps\fy_snow_build1.prt
 151 portalclusters
 458 numportals
0...1...2...3...4...5...6...7...8...9...100...1...2...3...4...5...6...7...8...9...10Optimized: 12 visible clusters (0.00%)
Total clusters visible: 15033
Average clusters visible: 99
Building PAS...
Average clusters audible: 139
visdatasize:6872  compressed from 7248
writing f:\workspace\game\counter-strike global offensive\maps\fy_snow\sdk_content\maps\fy_snow_build1.bsp
MSG_FILEWRITE - Filesystem was asked to write to 'f:\workspace\game\counter-strike global offensive\maps\fy_snow\sdk_content\maps\fy_snow_build1.bsp', but we don't own that location. Allowing...
1 second elapsed



[Reading texlights from 'lights.rad']
[40 texlights parsed from 'lights.rad']

Loading f:\workspace\game\counter-strike global offensive\maps\fy_snow\sdk_content\maps\fy_snow_build1.bsp
1142 faces
110897 square feet [15969175.00 square inches]
32 Displacements
1621 Square Feet [233472.00 Square Inches]
1142 patches before subdivision
59280 patches after subdivision
4 direct lights
0...1...2...3...4...5...6...7...8...9...100...1...2...3...4...5...6...7...8...9...10transfers 7431495, max 489
transfer lists:  56.7 megs
0...1...2...3...4...5...6...7...8...9...10	Bounce #1 added RGB(116826, 185500, 323943)
0...1...2...3...4...5...6...7...8...9...10	Bounce #2 added RGB(29297, 54788, 109425)
0...1...2...3...4...5...6...7...8...9...10	Bounce #3 added RGB(8474, 18640, 42561)
0...1...2...3...4...5...6...7...8...9...10	Bounce #4 added RGB(2645, 6729, 17682)
0...1...2...3...4...5...6...7...8...9...10	Bounce #5 added RGB(900, 2619, 7917)
0...1...2...3...4...5...6...7...8...9...10	Bounce #6 added RGB(324, 1066, 3710)
0...1...2...3...4...5...6...7...8...9...10	Bounce #7 added RGB(122, 449, 1800)
0...1...2...3...4...5...6...7...8...9...10	Bounce #8 added RGB(47, 194, 892)
0...1...2...3...4...5...6...7...8...9...10	Bounce #9 added RGB(18, 85, 449)
0...1...2...3...4...5...6...7...8...9...10	Bounce #10 added RGB(7, 37, 227)
0...1...2...3...4...5...6...7...8...9...10	Bounce #11 added RGB(3, 17, 116)
0...1...2...3...4...5...6...7...8...9...10	Bounce #12 added RGB(1, 7, 59)
0...1...2...3...4...5...6...7...8...9...10	Bounce #13 added RGB(0, 3, 30)
0...1...2...3...4...5...6...7...8...9...10	Bounce #14 added RGB(0, 1, 16)
0...1...2...3...4...5...6...7...8...9...10	Bounce #15 added RGB(0, 1, 8)
0...1...2...3...4...5...6...7...8...9...10	Bounce #16 added RGB(0, 0, 4)
0...1...2...3...4...5...6...7...8...9...10	Bounce #17 added RGB(0, 0, 2)
0...1...2...3...4...5...6...7...8...9...10	Bounce #18 added RGB(0, 0, 1)
0...1...2...3...4...5...6...7...8...9...10	Bounce #19 added RGB(0, 0, 1)
Build Patch/Sample Hash Table(s).....Done<0.0448 sec>
0...1...2...3...4...5...6...7...8...9...10FinalLightFace Done
0 of 0 (0% of) surface lights went in leaf ambient cubes.
0...1...2...3...4...5...6...7...8...9...10Writing leaf ambient...done
Ready to Finish

Object names       Objects/Maxobjs  Memory / Maxmem  Fullness 
------------       ---------------  ---------------  -------- 
models                   3/1024          144/49152    ( 0.3%) 
brushes                168/8192         2016/98304    ( 2.1%) 
brushsides            1165/81920        9320/655360   ( 1.4%) 
planes                 362/65536        7240/1310720  ( 0.6%) 
vertexes              1513/65536       18156/786432   ( 2.3%) 
nodes                  313/65536       10016/2097152  ( 0.5%) 
texinfos                95/12288        6840/884736   ( 0.8%) 
texdata                 14/4096          448/131072   ( 0.3%) 
dispinfos               32/0            5632/0        ( 0.0%) 
disp_verts             800/0           16000/0        ( 0.0%) 
disp_tris             1024/0            2048/0        ( 0.0%) 
disp_multiblend          0/0               0/0        ( 0.0%) 
disp_lmsamples       31536/0           31536/0        ( 0.0%) 
faces                 1142/65536       63952/3670016  ( 1.7%) 
hdr faces                0/65536           0/3670016  ( 0.0%) 
origfaces              452/65536       25312/3670016  ( 0.7%) 
facebrushes            156/0             312/0        ( 0.0%) 
facebrushlists        1142/0            4568/0        ( 0.0%) 
leaves                 317/65536       10144/2097152  ( 0.5%) 
leaffaces             1510/65536        3020/131072   ( 2.3%) 
leafbrushes            544/65536        1088/131072   ( 0.8%) 
areas                    3/1024           24/8192     ( 0.3%) 
surfedges             7017/512000      28068/2048000  ( 1.4%) 
edges                 3729/256000      14916/1024000  ( 1.5%) 
LDR worldlights          4/8192          400/819200   ( 0.0%) 
HDR worldlights          0/8192            0/819200   ( 0.0%) 
leafwaterdata            0/32768           0/393216   ( 0.0%) 
waterstrips             52/32768         520/327680   ( 0.2%) 
waterverts               0/65536           0/786432   ( 0.0%) 
waterindices           741/65536        1482/131072   ( 1.1%) 
cubemapsamples          13/1024          208/16384    ( 1.3%) 
overlays                 0/1024            0/360448   ( 0.0%) 
LDR lightdata         [variable]     3115444/0        ( 0.0%) 
HDR lightdata         [variable]           0/0        ( 0.0%) 
visdata               [variable]        6872/16777216 ( 0.0%) 
entdata               [variable]       26907/393216   ( 6.8%) 
LDR ambient table      317/65536        1268/262144   ( 0.5%) 
HDR ambient table      317/65536        1268/262144   ( 0.5%) 
LDR leaf ambient      1728/65536       48384/1835008  ( 2.6%) 
HDR leaf ambient       317/65536        8876/1835008  ( 0.5%) 
occluders                0/0               0/0        ( 0.0%) 
occluder polygons        0/0               0/0        ( 0.0%) 
occluder vert ind        0/0               0/0        ( 0.0%) 
detail props          [variable]           1/12       ( 8.3%) 
static props          [variable]           1/12       ( 8.3%) 
pakfile               [variable]     1041618/0        ( 0.0%) 
physics               [variable]       65144/4194304  ( 1.6%) 
physics terrain       [variable]        1698/1048576  ( 0.2%) 

Level flags = 7d

Total triangle count: 2881
Writing f:\workspace\game\counter-strike global offensive\maps\fy_snow\sdk_content\maps\fy_snow_build1.bsp
MSG_FILEWRITE - Filesystem was asked to write to 'f:\workspace\game\counter-strike global offensive\maps\fy_snow\sdk_content\maps\fy_snow_build1.bsp', but we don't own that location. Allowing...
3 minutes, 14 seconds elapsed



[Reading texlights from 'lights.rad']
[40 texlights parsed from 'lights.rad']

Loading f:\workspace\game\counter-strike global offensive\maps\fy_snow\sdk_content\maps\fy_snow_build1.bsp
1142 faces
110897 square feet [15969175.00 square inches]
32 Displacements
1621 Square Feet [233472.00 Square Inches]
1142 patches before subdivision
59280 patches after subdivision
4 direct lights
0...1...2...3...4...5...6...7...8...9...100...1...2...3...4...5...6...7...8...9...10transfers 7431495, max 489
transfer lists:  56.7 megs
0...1...2...3...4...5...6...7...8...9...10	Bounce #1 added RGB(116826, 185500, 323942)
0...1...2...3...4...5...6...7...8...9...10	Bounce #2 added RGB(29297, 54788, 109425)
0...1...2...3...4...5...6...7...8...9...10	Bounce #3 added RGB(8474, 18640, 42561)
0...1...2...3...4...5...6...7...8...9...10	Bounce #4 added RGB(2645, 6729, 17682)
0...1...2...3...4...5...6...7...8...9...10	Bounce #5 added RGB(900, 2619, 7917)
0...1...2...3...4...5...6...7...8...9...10	Bounce #6 added RGB(324, 1066, 3710)
0...1...2...3...4...5...6...7...8...9...10	Bounce #7 added RGB(122, 449, 1800)
0...1...2...3...4...5...6...7...8...9...10	Bounce #8 added RGB(47, 194, 892)
0...1...2...3...4...5...6...7...8...9...10	Bounce #9 added RGB(18, 85, 449)
0...1...2...3...4...5...6...7...8...9...10	Bounce #10 added RGB(7, 37, 227)
0...1...2...3...4...5...6...7...8...9...10	Bounce #11 added RGB(3, 17, 116)
0...1...2...3...4...5...6...7...8...9...10	Bounce #12 added RGB(1, 7, 59)
0...1...2...3...4...5...6...7...8...9...10	Bounce #13 added RGB(0, 3, 30)
0...1...2...3...4...5...6...7...8...9...10	Bounce #14 added RGB(0, 1, 16)
0...1...2...3...4...5...6...7...8...9...10	Bounce #15 added RGB(0, 1, 8)
0...1...2...3...4...5...6...7...8...9...10	Bounce #16 added RGB(0, 0, 4)
0...1...2...3...4...5...6...7...8...9...10	Bounce #17 added RGB(0, 0, 2)
0...1...2...3...4...5...6...7...8...9...10	Bounce #18 added RGB(0, 0, 1)
0...1...2...3...4...5...6...7...8...9...10	Bounce #19 added RGB(0, 0, 1)
Build Patch/Sample Hash Table(s).....Done<0.0399 sec>
0...1...2...3...4...5...6...7...8...9...10FinalLightFace Done
0 of 0 (0% of) surface lights went in leaf ambient cubes.
0...1...2...3...4...5...6...7...8...9...10Writing leaf ambient...done
Ready to Finish

Object names       Objects/Maxobjs  Memory / Maxmem  Fullness 
------------       ---------------  ---------------  -------- 
models                   3/1024          144/49152    ( 0.3%) 
brushes                168/8192         2016/98304    ( 2.1%) 
brushsides            1165/81920        9320/655360   ( 1.4%) 
planes                 362/65536        7240/1310720  ( 0.6%) 
vertexes              1513/65536       18156/786432   ( 2.3%) 
nodes                  313/65536       10016/2097152  ( 0.5%) 
texinfos                95/12288        6840/884736   ( 0.8%) 
texdata                 14/4096          448/131072   ( 0.3%) 
dispinfos               32/0            5632/0        ( 0.0%) 
disp_verts             800/0           16000/0        ( 0.0%) 
disp_tris             1024/0            2048/0        ( 0.0%) 
disp_multiblend          0/0               0/0        ( 0.0%) 
disp_lmsamples       31536/0           31536/0        ( 0.0%) 
faces                 1142/65536       63952/3670016  ( 1.7%) 
hdr faces             1142/65536       63952/3670016  ( 1.7%) 
origfaces              452/65536       25312/3670016  ( 0.7%) 
facebrushes            156/0             312/0        ( 0.0%) 
facebrushlists        1142/0            4568/0        ( 0.0%) 
leaves                 317/65536       10144/2097152  ( 0.5%) 
leaffaces             1510/65536        3020/131072   ( 2.3%) 
leafbrushes            544/65536        1088/131072   ( 0.8%) 
areas                    3/1024           24/8192     ( 0.3%) 
surfedges             7017/512000      28068/2048000  ( 1.4%) 
edges                 3729/256000      14916/1024000  ( 1.5%) 
LDR worldlights          4/8192          400/819200   ( 0.0%) 
HDR worldlights          4/8192          400/819200   ( 0.0%) 
leafwaterdata            0/32768           0/393216   ( 0.0%) 
waterstrips             52/32768         520/327680   ( 0.2%) 
waterverts               0/65536           0/786432   ( 0.0%) 
waterindices           741/65536        1482/131072   ( 1.1%) 
cubemapsamples          13/1024          208/16384    ( 1.3%) 
overlays                 0/1024            0/360448   ( 0.0%) 
LDR lightdata         [variable]     3115444/0        ( 0.0%) 
HDR lightdata         [variable]     3115444/0        ( 0.0%) 
visdata               [variable]        6872/16777216 ( 0.0%) 
entdata               [variable]       26907/393216   ( 6.8%) 
LDR ambient table      317/65536        1268/262144   ( 0.5%) 
HDR ambient table      317/65536        1268/262144   ( 0.5%) 
LDR leaf ambient      1728/65536       48384/1835008  ( 2.6%) 
HDR leaf ambient      1728/65536       48384/1835008  ( 2.6%) 
occluders                0/0               0/0        ( 0.0%) 
occluder polygons        0/0               0/0        ( 0.0%) 
occluder vert ind        0/0               0/0        ( 0.0%) 
detail props          [variable]           1/12       ( 8.3%) 
static props          [variable]           1/12       ( 8.3%) 
pakfile               [variable]     1041618/0        ( 0.0%) 
physics               [variable]       65144/4194304  ( 1.6%) 
physics terrain       [variable]        1698/1048576  ( 0.2%) 

Level flags = 7f

Total triangle count: 2881
Writing f:\workspace\game\counter-strike global offensive\maps\fy_snow\sdk_content\maps\fy_snow_build1.bsp
MSG_FILEWRITE - Filesystem was asked to write to 'f:\workspace\game\counter-strike global offensive\maps\fy_snow\sdk_content\maps\fy_snow_build1.bsp', but we don't own that location. Allowing...
3 minutes, 36 seconds elapsed



materialPath: F:\Program Files\Steam\steamapps\common\Counter-Strike Global Offensive\csgo\materials
Loading f:\workspace\game\counter-strike global offensive\legacy\sdk_content\maps\fy_snow_build1.vmf
Map revision 79
fixing up env_cubemap materials on brush sides...
0...1...2...3...4...5...6...7...8...9...100...1...2...3...4...5...6...7...8...9...10Processing areas...done (0)
Building Faces...done (0)
Chop Details...done (0)
Find Visible Detail Sides...done (0)
Merging details...done (0)
FixTjuncs...
PruneNodes...
WriteBSP...
done (0)
writing f:\workspace\game\counter-strike global offensive\legacy\sdk_content\maps\fy_snow_build1.prt...Building visibility clusters...
AutoVisClustering (threshold=-1) matched 0 leafs.
done (0)
Finding displacement neighbors...
Finding lightmap sample positions...
Displacement Alpha : 0...1...2...3...4...5...6...7...8...9...10
Building Physics collision data...
done (0) (65144 bytes)
Placing detail props : 0...1...2...3...4...5...6...7...8...9...10
Compacting texture/material tables...
Reduced 115 texinfos to 95
Reduced 14 texdatas to 14 (344 bytes to 344)
Writing f:\workspace\game\counter-strike global offensive\legacy\sdk_content\maps\fy_snow_build1.bsp
MSG_FILEWRITE - Filesystem was asked to write to 'f:\workspace\game\counter-strike global offensive\legacy\sdk_content\maps\fy_snow_build1.bsp', but we don't own that location. Allowing...
2 seconds elapsed



2 threads
reading f:\workspace\game\counter-strike global offensive\legacy\sdk_content\maps\fy_snow_build1.bsp
reading f:\workspace\game\counter-strike global offensive\legacy\sdk_content\maps\fy_snow_build1.prt
 151 portalclusters
 458 numportals
0...1...2...3...4...5...6...7...8...9...100...1...2...3...4...5...6...7...8...9...10Optimized: 12 visible clusters (0.00%)
Total clusters visible: 15033
Average clusters visible: 99
Building PAS...
Average clusters audible: 139
visdatasize:6872  compressed from 7248
writing f:\workspace\game\counter-strike global offensive\legacy\sdk_content\maps\fy_snow_build1.bsp
MSG_FILEWRITE - Filesystem was asked to write to 'f:\workspace\game\counter-strike global offensive\legacy\sdk_content\maps\fy_snow_build1.bsp', but we don't own that location. Allowing...
4 seconds elapsed



[Reading texlights from 'lights.rad']
[40 texlights parsed from 'lights.rad']

Loading f:\workspace\game\counter-strike global offensive\legacy\sdk_content\maps\fy_snow_build1.bsp
1142 faces
110897 square feet [15969175.00 square inches]
32 Displacements
1621 Square Feet [233472.00 Square Inches]
1142 patches before subdivision
59280 patches after subdivision
4 direct lights
0...1...2...3...4...5...6...7...8...9...100...1...2...3...4...5...6...7...8...9...10transfers 7431495, max 489
transfer lists:  56.7 megs
0...1...2...3...4...5...6...7...8...9...10	Bounce #1 added RGB(116826, 185499, 323942)
0...1...2...3...4...5...6...7...8...9...10	Bounce #2 added RGB(29297, 54788, 109425)
0...1...2...3...4...5...6...7...8...9...10	Bounce #3 added RGB(8474, 18640, 42561)
0...1...2...3...4...5...6...7...8...9...10	Bounce #4 added RGB(2645, 6729, 17682)
0...1...2...3...4...5...6...7...8...9...10	Bounce #5 added RGB(900, 2619, 7917)
0...1...2...3...4...5...6...7...8...9...10	Bounce #6 added RGB(324, 1066, 3710)
0...1...2...3...4...5...6...7...8...9...10	Bounce #7 added RGB(122, 449, 1800)
0...1...2...3...4...5...6...7...8...9...10	Bounce #8 added RGB(47, 194, 892)
0...1...2...3...4...5...6...7...8...9...10	Bounce #9 added RGB(18, 85, 449)
0...1...2...3...4...5...6...7...8...9...10	Bounce #10 added RGB(7, 37, 227)
0...1...2...3...4...5...6...7...8...9...10	Bounce #11 added RGB(3, 17, 116)
0...1...2...3...4...5...6...7...8...9...10	Bounce #12 added RGB(1, 7, 59)
0...1...2...3...4...5...6...7...8...9...10	Bounce #13 added RGB(0, 3, 30)
0...1...2...3...4...5...6...7...8...9...10	Bounce #14 added RGB(0, 1, 16)
0...1...2...3...4...5...6...7...8...9...10	Bounce #15 added RGB(0, 1, 8)
0...1...2...3...4...5...6...7...8...9...10	Bounce #16 added RGB(0, 0, 4)
0...1...2...3...4...5...6...7...8...9...10	Bounce #17 added RGB(0, 0, 2)
0...1...2...3...4...5...6...7...8...9...10	Bounce #18 added RGB(0, 0, 1)
0...1...2...3...4...5...6...7...8...9...10	Bounce #19 added RGB(0, 0, 1)
Build Patch/Sample Hash Table(s).....Done<0.0415 sec>
0...1...2...3...4...5...6...7...8...9...10FinalLightFace Done
0 of 0 (0% of) surface lights went in leaf ambient cubes.
0...1...2...3...4...5...6...7...8...9...10Writing leaf ambient...done
Ready to Finish

Object names       Objects/Maxobjs  Memory / Maxmem  Fullness 
------------       ---------------  ---------------  -------- 
models                   3/1024          144/49152    ( 0.3%) 
brushes                168/8192         2016/98304    ( 2.1%) 
brushsides            1165/81920        9320/655360   ( 1.4%) 
planes                 362/65536        7240/1310720  ( 0.6%) 
vertexes              1513/65536       18156/786432   ( 2.3%) 
nodes                  313/65536       10016/2097152  ( 0.5%) 
texinfos                95/12288        6840/884736   ( 0.8%) 
texdata                 14/4096          448/131072   ( 0.3%) 
dispinfos               32/0            5632/0        ( 0.0%) 
disp_verts             800/0           16000/0        ( 0.0%) 
disp_tris             1024/0            2048/0        ( 0.0%) 
disp_multiblend          0/0               0/0        ( 0.0%) 
disp_lmsamples       31536/0           31536/0        ( 0.0%) 
faces                 1142/65536       63952/3670016  ( 1.7%) 
hdr faces                0/65536           0/3670016  ( 0.0%) 
origfaces              452/65536       25312/3670016  ( 0.7%) 
facebrushes            156/0             312/0        ( 0.0%) 
facebrushlists        1142/0            4568/0        ( 0.0%) 
leaves                 317/65536       10144/2097152  ( 0.5%) 
leaffaces             1510/65536        3020/131072   ( 2.3%) 
leafbrushes            544/65536        1088/131072   ( 0.8%) 
areas                    3/1024           24/8192     ( 0.3%) 
surfedges             7017/512000      28068/2048000  ( 1.4%) 
edges                 3729/256000      14916/1024000  ( 1.5%) 
LDR worldlights          4/8192          400/819200   ( 0.0%) 
HDR worldlights          0/8192            0/819200   ( 0.0%) 
leafwaterdata            0/32768           0/393216   ( 0.0%) 
waterstrips             52/32768         520/327680   ( 0.2%) 
waterverts               0/65536           0/786432   ( 0.0%) 
waterindices           741/65536        1482/131072   ( 1.1%) 
cubemapsamples          13/1024          208/16384    ( 1.3%) 
overlays                 0/1024            0/360448   ( 0.0%) 
LDR lightdata         [variable]     3115444/0        ( 0.0%) 
HDR lightdata         [variable]           0/0        ( 0.0%) 
visdata               [variable]        6872/16777216 ( 0.0%) 
entdata               [variable]       26906/393216   ( 6.8%) 
LDR ambient table      317/65536        1268/262144   ( 0.5%) 
HDR ambient table      317/65536        1268/262144   ( 0.5%) 
LDR leaf ambient      1728/65536       48384/1835008  ( 2.6%) 
HDR leaf ambient       317/65536        8876/1835008  ( 0.5%) 
occluders                0/0               0/0        ( 0.0%) 
occluder polygons        0/0               0/0        ( 0.0%) 
occluder vert ind        0/0               0/0        ( 0.0%) 
detail props          [variable]           1/12       ( 8.3%) 
static props          [variable]           1/12       ( 8.3%) 
pakfile               [variable]     1041618/0        ( 0.0%) 
physics               [variable]       65144/4194304  ( 1.6%) 
physics terrain       [variable]        1698/1048576  ( 0.2%) 

Level flags = 7d

Total triangle count: 2881
Writing f:\workspace\game\counter-strike global offensive\legacy\sdk_content\maps\fy_snow_build1.bsp
MSG_FILEWRITE - Filesystem was asked to write to 'f:\workspace\game\counter-strike global offensive\legacy\sdk_content\maps\fy_snow_build1.bsp', but we don't own that location. Allowing...
8 minutes, 3 seconds elapsed



[Reading texlights from 'lights.rad']
[40 texlights parsed from 'lights.rad']

Loading f:\workspace\game\counter-strike global offensive\legacy\sdk_content\maps\fy_snow_build1.bsp
1142 faces
110897 square feet [15969175.00 square inches]
32 Displacements
1621 Square Feet [233472.00 Square Inches]
1142 patches before subdivision
59280 patches after subdivision
4 direct lights
0...1...2...3...4...5...6...7...8...9...100...1...2...3...4...5...6...7...8...9...10transfers 7431495, max 489
transfer lists:  56.7 megs
0...1...2...3...4...5...6...7...8...9...10	Bounce #1 added RGB(116826, 185500, 323943)
0...1...2...3...4...5...6...7...8...9...10	Bounce #2 added RGB(29297, 54788, 109425)
0...1...2...3...4...5...6...7...8...9...10	Bounce #3 added RGB(8474, 18640, 42561)
0...1...2...3...4...5...6...7...8...9...10	Bounce #4 added RGB(2645, 6729, 17682)
0...1...2...3...4...5...6...7...8...9...10	Bounce #5 added RGB(900, 2619, 7917)
0...1...2...3...4...5...6...7...8...9...10	Bounce #6 added RGB(324, 1066, 3710)
0...1...2...3...4...5...6...7...8...9...10	Bounce #7 added RGB(122, 449, 1800)
0...1...2...3...4...5...6...7...8...9...10	Bounce #8 added RGB(47, 194, 892)
0...1...2...3...4...5...6...7...8...9...10	Bounce #9 added RGB(18, 85, 449)
0...1...2...3...4...5...6...7...8...9...10	Bounce #10 added RGB(7, 37, 227)
0...1...2...3...4...5...6...7...8...9...10	Bounce #11 added RGB(3, 17, 116)
0...1...2...3...4...5...6...7...8...9...10	Bounce #12 added RGB(1, 7, 59)
0...1...2...3...4...5...6...7...8...9...10	Bounce #13 added RGB(0, 3, 30)
0...1...2...3...4...5...6...7...8...9...10	Bounce #14 added RGB(0, 1, 16)
0...1...2...3...4...5...6...7...8...9...10	Bounce #15 added RGB(0, 1, 8)
0...1...2...3...4...5...6...7...8...9...10	Bounce #16 added RGB(0, 0, 4)
0...1...2...3...4...5...6...7...8...9...10	Bounce #17 added RGB(0, 0, 2)
0...1...2...3...4...5...6...7...8...9...10	Bounce #18 added RGB(0, 0, 1)
0...1...2...3...4...5...6...7...8...9...10	Bounce #19 added RGB(0, 0, 1)
Build Patch/Sample Hash Table(s).....Done<0.0377 sec>
0...1...2...3...4...5...6...7...8...9...10FinalLightFace Done
0 of 0 (0% of) surface lights went in leaf ambient cubes.
0...1...2...3...4...5...6...7...8...9...10Writing leaf ambient...done
Ready to Finish

Object names       Objects/Maxobjs  Memory / Maxmem  Fullness 
------------       ---------------  ---------------  -------- 
models                   3/1024          144/49152    ( 0.3%) 
brushes                168/8192         2016/98304    ( 2.1%) 
brushsides            1165/81920        9320/655360   ( 1.4%) 
planes                 362/65536        7240/1310720  ( 0.6%) 
vertexes              1513/65536       18156/786432   ( 2.3%) 
nodes                  313/65536       10016/2097152  ( 0.5%) 
texinfos                95/12288        6840/884736   ( 0.8%) 
texdata                 14/4096          448/131072   ( 0.3%) 
dispinfos               32/0            5632/0        ( 0.0%) 
disp_verts             800/0           16000/0        ( 0.0%) 
disp_tris             1024/0            2048/0        ( 0.0%) 
disp_multiblend          0/0               0/0        ( 0.0%) 
disp_lmsamples       31536/0           31536/0        ( 0.0%) 
faces                 1142/65536       63952/3670016  ( 1.7%) 
hdr faces             1142/65536       63952/3670016  ( 1.7%) 
origfaces              452/65536       25312/3670016  ( 0.7%) 
facebrushes            156/0             312/0        ( 0.0%) 
facebrushlists        1142/0            4568/0        ( 0.0%) 
leaves                 317/65536       10144/2097152  ( 0.5%) 
leaffaces             1510/65536        3020/131072   ( 2.3%) 
leafbrushes            544/65536        1088/131072   ( 0.8%) 
areas                    3/1024           24/8192     ( 0.3%) 
surfedges             7017/512000      28068/2048000  ( 1.4%) 
edges                 3729/256000      14916/1024000  ( 1.5%) 
LDR worldlights          4/8192          400/819200   ( 0.0%) 
HDR worldlights          4/8192          400/819200   ( 0.0%) 
leafwaterdata            0/32768           0/393216   ( 0.0%) 
waterstrips             52/32768         520/327680   ( 0.2%) 
waterverts               0/65536           0/786432   ( 0.0%) 
waterindices           741/65536        1482/131072   ( 1.1%) 
cubemapsamples          13/1024          208/16384    ( 1.3%) 
overlays                 0/1024            0/360448   ( 0.0%) 
LDR lightdata         [variable]     3115444/0        ( 0.0%) 
HDR lightdata         [variable]     3115444/0        ( 0.0%) 
visdata               [variable]        6872/16777216 ( 0.0%) 
entdata               [variable]       26906/393216   ( 6.8%) 
LDR ambient table      317/65536        1268/262144   ( 0.5%) 
HDR ambient table      317/65536        1268/262144   ( 0.5%) 
LDR leaf ambient      1728/65536       48384/1835008  ( 2.6%) 
HDR leaf ambient      1728/65536       48384/1835008  ( 2.6%) 
occluders                0/0               0/0        ( 0.0%) 
occluder polygons        0/0               0/0        ( 0.0%) 
occluder vert ind        0/0               0/0        ( 0.0%) 
detail props          [variable]           1/12       ( 8.3%) 
static props          [variable]           1/12       ( 8.3%) 
pakfile               [variable]     1041618/0        ( 0.0%) 
physics               [variable]       65144/4194304  ( 1.6%) 
physics terrain       [variable]        1698/1048576  ( 0.2%) 

Level flags = 7f

Total triangle count: 2881
Writing f:\workspace\game\counter-strike global offensive\legacy\sdk_content\maps\fy_snow_build1.bsp
MSG_FILEWRITE - Filesystem was asked to write to 'f:\workspace\game\counter-strike global offensive\legacy\sdk_content\maps\fy_snow_build1.bsp', but we don't own that location. Allowing...
3 minutes, 31 seconds elapsed
